#
# There is insufficient memory for the Java Runtime Environment to continue.
# Native memory allocation (malloc) failed to allocate 452512 bytes. Error detail: Chunk::new
# Possible reasons:
#   The system is out of physical RAM or swap space
#   This process is running with CompressedOops enabled, and the Java Heap may be blocking the growth of the native heap
# Possible solutions:
#   Reduce memory load on the system
#   Increase physical memory or swap space
#   Check if swap backing store is full
#   Decrease Java heap size (-Xmx/-Xms)
#   Decrease number of Java threads
#   Decrease Java thread stack sizes (-Xss)
#   Set larger code cache with -XX:ReservedCodeCacheSize=
#   JVM is running with Unscaled Compressed Oops mode in which the Java heap is
#     placed in the first 4GB address space. The Java Heap base address is the
#     maximum limit for the native heap growth. Please use -XX:HeapBaseMinAddress
#     to set the Java Heap base and to place the Java Heap above 4GB virtual address.
# This output file may be truncated or incomplete.
#
#  Out of Memory Error (arena.cpp:150), pid=18968, tid=9728
#
# JRE version: OpenJDK Runtime Environment (22.0.2+9) (build 22.0.2+9-70)
# Java VM: OpenJDK 64-Bit Server VM (22.0.2+9-70, mixed mode, sharing, tiered, compressed oops, compressed class ptrs, g1 gc, windows-amd64)
# No core dump will be written. Minidumps are not enabled by default on client versions of Windows
#

---------------  S U M M A R Y ------------

Command Line: -javaagent:C:\Program Files\JetBrains\IntelliJ IDEA Community Edition 2023.3.3\lib\idea_rt.jar=54922:C:\Program Files\JetBrains\IntelliJ IDEA Community Edition 2023.3.3\bin -Dfile.encoding=UTF-8 -Dsun.stdout.encoding=UTF-8 -Dsun.stderr.encoding=UTF-8 com.modulobytes.hrms_modulobytes.HrmsModulobytesApplication

Host: Intel(R) Core(TM) i5-10300H CPU @ 2.50GHz, 8 cores, 7G,  Windows 11 , 64 bit Build 22621 (10.0.22621.4391)
Time: Wed Dec 11 17:09:56 2024 India Standard Time elapsed time: 4.227183 seconds (0d 0h 0m 4s)

---------------  T H R E A D  ---------------

Current thread (0x0000025a4def7800):  JavaThread "C2 CompilerThread0" daemon [_thread_in_native, id=9728, stack(0x000000f2f6d00000,0x000000f2f6e00000) (1024K)]


Current CompileTask:
C2:4227 4885       4       sun.reflect.generics.parser.SignatureParser::parsePackageNameAndSimpleClassTypeSignature (119 bytes)

Stack: [0x000000f2f6d00000,0x000000f2f6e00000]
Native frames: (J=compiled Java code, j=interpreted, Vv=VM code, C=native code)
V  [jvm.dll+0x6e26e9]  (no source info available)
V  [jvm.dll+0x875753]  (no source info available)
V  [jvm.dll+0x877b7e]  (no source info available)
V  [jvm.dll+0x878253]  (no source info available)
V  [jvm.dll+0x27fc86]  (no source info available)
V  [jvm.dll+0xc3d0f]  (no source info available)
V  [jvm.dll+0xc3f6b]  (no source info available)
V  [jvm.dll+0x3bb47c]  (no source info available)
V  [jvm.dll+0x387d4b]  (no source info available)
V  [jvm.dll+0x3871ba]  (no source info available)
V  [jvm.dll+0x2477f8]  (no source info available)
V  [jvm.dll+0x246e9f]  (no source info available)
V  [jvm.dll+0x1c4e80]  (no source info available)
V  [jvm.dll+0x2568f3]  (no source info available)
V  [jvm.dll+0x254baa]  (no source info available)
V  [jvm.dll+0x3f57a6]  (no source info available)
V  [jvm.dll+0x81dc0b]  (no source info available)
V  [jvm.dll+0x6e0d85]  (no source info available)
C  [ucrtbase.dll+0x29333]  (no source info available)
C  [KERNEL32.DLL+0x1259d]  (no source info available)
C  [ntdll.dll+0x5af38]  (no source info available)


---------------  P R O C E S S  ---------------

Threads class SMR info:
_java_thread_list=0x0000025a9770dc30, length=21, elements={
0x0000025a31705e90, 0x0000025a4dedd430, 0x0000025a4dede350, 0x0000025a4dee0fc0,
0x0000025a4dee2030, 0x0000025a4dee6bb0, 0x0000025a4dee87a0, 0x0000025a4def7800,
0x0000025a4defcee0, 0x0000025a4deea870, 0x0000025a4dee8e30, 0x0000025a4deebc20,
0x0000025a4dee94c0, 0x0000025a4dee9b50, 0x0000025a95e71c90, 0x0000025a95e70f70,
0x0000025a95e6fbc0, 0x0000025a95e6f530, 0x0000025a95e708e0, 0x0000025a95e71600,
0x0000025a4defb3a0
}

Java Threads: ( => current thread )
  0x0000025a31705e90 JavaThread "main"                              [_thread_blocked, id=25044, stack(0x000000f2f5f00000,0x000000f2f6000000) (1024K)]
  0x0000025a4dedd430 JavaThread "Reference Handler"          daemon [_thread_blocked, id=24036, stack(0x000000f2f6700000,0x000000f2f6800000) (1024K)]
  0x0000025a4dede350 JavaThread "Finalizer"                  daemon [_thread_blocked, id=3232, stack(0x000000f2f6800000,0x000000f2f6900000) (1024K)]
  0x0000025a4dee0fc0 JavaThread "Signal Dispatcher"          daemon [_thread_blocked, id=22744, stack(0x000000f2f6900000,0x000000f2f6a00000) (1024K)]
  0x0000025a4dee2030 JavaThread "Attach Listener"            daemon [_thread_blocked, id=4908, stack(0x000000f2f6a00000,0x000000f2f6b00000) (1024K)]
  0x0000025a4dee6bb0 JavaThread "Service Thread"             daemon [_thread_blocked, id=6456, stack(0x000000f2f6b00000,0x000000f2f6c00000) (1024K)]
  0x0000025a4dee87a0 JavaThread "Monitor Deflation Thread"   daemon [_thread_blocked, id=26416, stack(0x000000f2f6c00000,0x000000f2f6d00000) (1024K)]
=>0x0000025a4def7800 JavaThread "C2 CompilerThread0"         daemon [_thread_in_native, id=9728, stack(0x000000f2f6d00000,0x000000f2f6e00000) (1024K)]
  0x0000025a4defcee0 JavaThread "C1 CompilerThread0"         daemon [_thread_blocked, id=3444, stack(0x000000f2f6e00000,0x000000f2f6f00000) (1024K)]
  0x0000025a4deea870 JavaThread "Common-Cleaner"             daemon [_thread_blocked, id=2684, stack(0x000000f2f6f00000,0x000000f2f7000000) (1024K)]
  0x0000025a4dee8e30 JavaThread "Monitor Ctrl-Break"         daemon [_thread_in_native, id=25080, stack(0x000000f2f7100000,0x000000f2f7200000) (1024K)]
  0x0000025a4deebc20 JavaThread "Notification Thread"        daemon [_thread_blocked, id=26808, stack(0x000000f2f7200000,0x000000f2f7300000) (1024K)]
  0x0000025a4dee94c0 JavaThread "Thread-0"                          [_thread_blocked, id=6004, stack(0x000000f2f7300000,0x000000f2f7400000) (1024K)]
  0x0000025a4dee9b50 JavaThread "restartedMain"                     [_thread_in_native, id=26460, stack(0x000000f2f7400000,0x000000f2f7500000) (1024K)]
  0x0000025a95e71c90 JavaThread "Catalina-utility-1"                [_thread_blocked, id=20696, stack(0x000000f2f7a00000,0x000000f2f7b00000) (1024K)]
  0x0000025a95e70f70 JavaThread "Catalina-utility-2"                [_thread_blocked, id=18504, stack(0x000000f2f7e00000,0x000000f2f7f00000) (1024K)]
  0x0000025a95e6fbc0 JavaThread "container-0"                       [_thread_blocked, id=22088, stack(0x000000f2f7f00000,0x000000f2f8000000) (1024K)]
  0x0000025a95e6f530 JavaThread "mysql-cj-abandoned-connection-cleanup" daemon [_thread_blocked, id=12296, stack(0x000000f2f8000000,0x000000f2f8100000) (1024K)]
  0x0000025a95e708e0 JavaThread "test housekeeper"           daemon [_thread_blocked, id=6472, stack(0x000000f2f8200000,0x000000f2f8300000) (1024K)]
  0x0000025a95e71600 JavaThread "test connection adder"      daemon [_thread_blocked, id=25912, stack(0x000000f2f8300000,0x000000f2f8400000) (1024K)]
  0x0000025a4defb3a0 JavaThread "C2 CompilerThread1"         daemon [_thread_blocked, id=21884, stack(0x000000f2f7000000,0x000000f2f7100000) (1024K)]
Total: 21

Other Threads:
  0x0000025a4dec4690 VMThread "VM Thread"                           [id=25248, stack(0x000000f2f6600000,0x000000f2f6700000) (1024K)]
  0x0000025a4deace10 WatcherThread "VM Periodic Task Thread"        [id=24288, stack(0x000000f2f6500000,0x000000f2f6600000) (1024K)]
  0x0000025a3175c8b0 WorkerThread "GC Thread#0"                     [id=26920, stack(0x000000f2f6000000,0x000000f2f6100000) (1024K)]
  0x0000025a93a150a0 WorkerThread "GC Thread#1"                     [id=18004, stack(0x000000f2f7500000,0x000000f2f7600000) (1024K)]
  0x0000025a93a457d0 WorkerThread "GC Thread#2"                     [id=18368, stack(0x000000f2f7600000,0x000000f2f7700000) (1024K)]
  0x0000025a94066c70 WorkerThread "GC Thread#3"                     [id=23884, stack(0x000000f2f7700000,0x000000f2f7800000) (1024K)]
  0x0000025a94067020 WorkerThread "GC Thread#4"                     [id=16336, stack(0x000000f2f7800000,0x000000f2f7900000) (1024K)]
  0x0000025a940673d0 WorkerThread "GC Thread#5"                     [id=23032, stack(0x000000f2f7900000,0x000000f2f7a00000) (1024K)]
  0x0000025a944142d0 WorkerThread "GC Thread#6"                     [id=3052, stack(0x000000f2f7b00000,0x000000f2f7c00000) (1024K)]
  0x0000025a943d6720 WorkerThread "GC Thread#7"                     [id=22016, stack(0x000000f2f7c00000,0x000000f2f7d00000) (1024K)]
  0x0000025a3176d550 ConcurrentGCThread "G1 Main Marker"            [id=8552, stack(0x000000f2f6100000,0x000000f2f6200000) (1024K)]
  0x0000025a3176e060 WorkerThread "G1 Conc#0"                       [id=9464, stack(0x000000f2f6200000,0x000000f2f6300000) (1024K)]
  0x0000025a9550a560 WorkerThread "G1 Conc#1"                       [id=23888, stack(0x000000f2f7d00000,0x000000f2f7e00000) (1024K)]
  0x0000025a317be6f0 ConcurrentGCThread "G1 Refine#0"               [id=13180, stack(0x000000f2f6300000,0x000000f2f6400000) (1024K)]
  0x0000025a4dd7f8b0 ConcurrentGCThread "G1 Service"                [id=12132, stack(0x000000f2f6400000,0x000000f2f6500000) (1024K)]
Total: 15

Threads with active compile tasks:
C2 CompilerThread0  4259 4885       4       sun.reflect.generics.parser.SignatureParser::parsePackageNameAndSimpleClassTypeSignature (119 bytes)
Total: 1

VM state: not at safepoint (normal execution)

VM Mutex/Monitor currently owned by a thread: None

Heap address: 0x0000000082800000, size: 2008 MB, Compressed Oops mode: 32-bit

CDS archive(s) mapped at: [0x0000025a4e000000-0x0000025a4ec60000-0x0000025a4ec60000), size 12976128, SharedBaseAddress: 0x0000025a4e000000, ArchiveRelocationMode: 1.
Compressed class space mapped at: 0x0000025a4f000000-0x0000025a8f000000, reserved size: 1073741824
Narrow klass base: 0x0000025a4e000000, Narrow klass shift: 0, Narrow klass range: 0x41000000

GC Precious Log:
 CardTable entry size: 512
 Card Set container configuration: InlinePtr #cards 5 size 8 Array Of Cards #cards 12 size 40 Howl #buckets 4 coarsen threshold 1843 Howl Bitmap #cards 512 size 80 coarsen threshold 460 Card regions per heap region 1 cards per card region 2048
 CPUs: 8 total, 8 available
 Memory: 8029M
 Large Page Support: Disabled
 NUMA Support: Disabled
 Compressed Oops: Enabled (32-bit)
 Heap Region Size: 1M
 Heap Min Capacity: 8M
 Heap Initial Capacity: 126M
 Heap Max Capacity: 2008M
 Pre-touch: Disabled
 Parallel Workers: 8
 Concurrent Workers: 2
 Concurrent Refinement Workers: 8
 Periodic GC: Disabled

Heap:
 garbage-first heap   total reserved 2056192K, committed 58368K, used 34582K [0x0000000082800000, 0x0000000100000000)
  region size 1024K, 13 young (13312K), 2 survivors (2048K)
 Metaspace       used 54164K, committed 54784K, reserved 1114112K
  class space    used 7477K, committed 7744K, reserved 1048576K

Heap Regions: E=young(eden), S=young(survivor), O=old, HS=humongous(starts), HC=humongous(continues), CS=collection set, F=free, TAMS=top-at-mark-start, PB=parsable bottom
|   0|0x0000000082800000, 0x0000000082900000, 0x0000000082900000|100%|HS|  |TAMS 0x0000000082800000| PB 0x0000000082800000| Complete |  0
|   1|0x0000000082900000, 0x0000000082a00000, 0x0000000082a00000|100%|HS|  |TAMS 0x0000000082900000| PB 0x0000000082900000| Complete |  0
|   2|0x0000000082a00000, 0x0000000082b00000, 0x0000000082b00000|100%| O|  |TAMS 0x0000000082a00000| PB 0x0000000082a00000| Untracked |  0
|   3|0x0000000082b00000, 0x0000000082c00000, 0x0000000082c00000|100%| O|  |TAMS 0x0000000082b00000| PB 0x0000000082b00000| Untracked |  0
|   4|0x0000000082c00000, 0x0000000082d00000, 0x0000000082d00000|100%| O|  |TAMS 0x0000000082c00000| PB 0x0000000082c00000| Untracked |  0
|   5|0x0000000082d00000, 0x0000000082e00000, 0x0000000082e00000|100%| O|  |TAMS 0x0000000082d00000| PB 0x0000000082d00000| Untracked |  0
|   6|0x0000000082e00000, 0x0000000082f00000, 0x0000000082f00000|100%| O|  |TAMS 0x0000000082e00000| PB 0x0000000082e00000| Untracked |  0
|   7|0x0000000082f00000, 0x0000000083000000, 0x0000000083000000|100%| O|  |TAMS 0x0000000082f00000| PB 0x0000000082f00000| Untracked |  0
|   8|0x0000000083000000, 0x0000000083100000, 0x0000000083100000|100%| O|  |TAMS 0x0000000083000000| PB 0x0000000083000000| Untracked |  0
|   9|0x0000000083100000, 0x0000000083200000, 0x0000000083200000|100%| O|  |TAMS 0x0000000083100000| PB 0x0000000083100000| Untracked |  0
|  10|0x0000000083200000, 0x0000000083300000, 0x0000000083300000|100%| O|  |TAMS 0x0000000083200000| PB 0x0000000083200000| Untracked |  0
|  11|0x0000000083300000, 0x0000000083400000, 0x0000000083400000|100%| O|  |TAMS 0x0000000083300000| PB 0x0000000083300000| Untracked |  0
|  12|0x0000000083400000, 0x0000000083500000, 0x0000000083500000|100%| O|  |TAMS 0x0000000083400000| PB 0x0000000083400000| Untracked |  0
|  13|0x0000000083500000, 0x0000000083600000, 0x0000000083600000|100%| O|  |TAMS 0x0000000083500000| PB 0x0000000083500000| Untracked |  0
|  14|0x0000000083600000, 0x0000000083700000, 0x0000000083700000|100%| O|  |TAMS 0x0000000083600000| PB 0x0000000083600000| Untracked |  0
|  15|0x0000000083700000, 0x0000000083700000, 0x0000000083800000|  0%| F|  |TAMS 0x0000000083700000| PB 0x0000000083700000| Untracked |  0
|  16|0x0000000083800000, 0x0000000083900000, 0x0000000083900000|100%| O|  |TAMS 0x0000000083800000| PB 0x0000000083800000| Untracked |  0
|  17|0x0000000083900000, 0x0000000083a00000, 0x0000000083a00000|100%| O|  |TAMS 0x0000000083900000| PB 0x0000000083900000| Untracked |  0
|  18|0x0000000083a00000, 0x0000000083b00000, 0x0000000083b00000|100%| O|  |TAMS 0x0000000083a00000| PB 0x0000000083a00000| Untracked |  0
|  19|0x0000000083b00000, 0x0000000083c00000, 0x0000000083c00000|100%| O|  |TAMS 0x0000000083b00000| PB 0x0000000083b00000| Untracked |  0
|  20|0x0000000083c00000, 0x0000000083d00000, 0x0000000083d00000|100%| O|  |TAMS 0x0000000083c00000| PB 0x0000000083c00000| Untracked |  0
|  21|0x0000000083d00000, 0x0000000083e00000, 0x0000000083e00000|100%| O|  |TAMS 0x0000000083d00000| PB 0x0000000083d00000| Untracked |  0
|  22|0x0000000083e00000, 0x0000000083ed44f0, 0x0000000083f00000| 82%| O|  |TAMS 0x0000000083e00000| PB 0x0000000083e00000| Untracked |  0
|  23|0x0000000083f00000, 0x0000000083f00000, 0x0000000084000000|  0%| F|  |TAMS 0x0000000083f00000| PB 0x0000000083f00000| Untracked |  0
|  24|0x0000000084000000, 0x0000000084000000, 0x0000000084100000|  0%| F|  |TAMS 0x0000000084000000| PB 0x0000000084000000| Untracked |  0
|  25|0x0000000084100000, 0x0000000084100000, 0x0000000084200000|  0%| F|  |TAMS 0x0000000084100000| PB 0x0000000084100000| Untracked |  0
|  26|0x0000000084200000, 0x0000000084200000, 0x0000000084300000|  0%| F|  |TAMS 0x0000000084200000| PB 0x0000000084200000| Untracked |  0
|  27|0x0000000084300000, 0x0000000084300000, 0x0000000084400000|  0%| F|  |TAMS 0x0000000084300000| PB 0x0000000084300000| Untracked |  0
|  28|0x0000000084400000, 0x0000000084400000, 0x0000000084500000|  0%| F|  |TAMS 0x0000000084400000| PB 0x0000000084400000| Untracked |  0
|  29|0x0000000084500000, 0x00000000845f1500, 0x0000000084600000| 94%| S|CS|TAMS 0x0000000084500000| PB 0x0000000084500000| Complete |  0
|  30|0x0000000084600000, 0x0000000084700000, 0x0000000084700000|100%| S|CS|TAMS 0x0000000084600000| PB 0x0000000084600000| Complete |  0
|  31|0x0000000084700000, 0x0000000084700000, 0x0000000084800000|  0%| F|  |TAMS 0x0000000084700000| PB 0x0000000084700000| Untracked |  0
|  32|0x0000000084800000, 0x0000000084800000, 0x0000000084900000|  0%| F|  |TAMS 0x0000000084800000| PB 0x0000000084800000| Untracked |  0
|  33|0x0000000084900000, 0x0000000084900000, 0x0000000084a00000|  0%| F|  |TAMS 0x0000000084900000| PB 0x0000000084900000| Untracked |  0
|  34|0x0000000084a00000, 0x0000000084a00000, 0x0000000084b00000|  0%| F|  |TAMS 0x0000000084a00000| PB 0x0000000084a00000| Untracked |  0
|  35|0x0000000084b00000, 0x0000000084b00000, 0x0000000084c00000|  0%| F|  |TAMS 0x0000000084b00000| PB 0x0000000084b00000| Untracked |  0
|  36|0x0000000084c00000, 0x0000000084c00000, 0x0000000084d00000|  0%| F|  |TAMS 0x0000000084c00000| PB 0x0000000084c00000| Untracked |  0
|  37|0x0000000084d00000, 0x0000000084d00000, 0x0000000084e00000|  0%| F|  |TAMS 0x0000000084d00000| PB 0x0000000084d00000| Untracked |  0
|  38|0x0000000084e00000, 0x0000000084e00000, 0x0000000084f00000|  0%| F|  |TAMS 0x0000000084e00000| PB 0x0000000084e00000| Untracked |  0
|  39|0x0000000084f00000, 0x0000000084f00000, 0x0000000085000000|  0%| F|  |TAMS 0x0000000084f00000| PB 0x0000000084f00000| Untracked |  0
|  40|0x0000000085000000, 0x0000000085000000, 0x0000000085100000|  0%| F|  |TAMS 0x0000000085000000| PB 0x0000000085000000| Untracked |  0
|  41|0x0000000085100000, 0x0000000085100000, 0x0000000085200000|  0%| F|  |TAMS 0x0000000085100000| PB 0x0000000085100000| Untracked |  0
|  42|0x0000000085200000, 0x0000000085200000, 0x0000000085300000|  0%| F|  |TAMS 0x0000000085200000| PB 0x0000000085200000| Untracked |  0
|  43|0x0000000085300000, 0x0000000085300000, 0x0000000085400000|  0%| F|  |TAMS 0x0000000085300000| PB 0x0000000085300000| Untracked |  0
|  44|0x0000000085400000, 0x0000000085400000, 0x0000000085500000|  0%| F|  |TAMS 0x0000000085400000| PB 0x0000000085400000| Untracked |  0
|  45|0x0000000085500000, 0x0000000085500000, 0x0000000085600000|  0%| F|  |TAMS 0x0000000085500000| PB 0x0000000085500000| Untracked |  0
|  46|0x0000000085600000, 0x0000000085680000, 0x0000000085700000| 50%| E|  |TAMS 0x0000000085600000| PB 0x0000000085600000| Complete |  0
|  47|0x0000000085700000, 0x0000000085800000, 0x0000000085800000|100%| E|CS|TAMS 0x0000000085700000| PB 0x0000000085700000| Complete |  0
|  48|0x0000000085800000, 0x0000000085900000, 0x0000000085900000|100%| E|CS|TAMS 0x0000000085800000| PB 0x0000000085800000| Complete |  0
|  93|0x0000000088500000, 0x0000000088600000, 0x0000000088600000|100%| E|CS|TAMS 0x0000000088500000| PB 0x0000000088500000| Complete |  0
|  94|0x0000000088600000, 0x0000000088700000, 0x0000000088700000|100%| E|CS|TAMS 0x0000000088600000| PB 0x0000000088600000| Complete |  0
|  95|0x0000000088700000, 0x0000000088800000, 0x0000000088800000|100%| E|CS|TAMS 0x0000000088700000| PB 0x0000000088700000| Complete |  0
|  96|0x0000000088800000, 0x0000000088900000, 0x0000000088900000|100%| E|CS|TAMS 0x0000000088800000| PB 0x0000000088800000| Complete |  0
|  97|0x0000000088900000, 0x0000000088a00000, 0x0000000088a00000|100%| E|CS|TAMS 0x0000000088900000| PB 0x0000000088900000| Complete |  0
|  98|0x0000000088a00000, 0x0000000088b00000, 0x0000000088b00000|100%| E|CS|TAMS 0x0000000088a00000| PB 0x0000000088a00000| Complete |  0
| 124|0x000000008a400000, 0x000000008a500000, 0x000000008a500000|100%| E|CS|TAMS 0x000000008a400000| PB 0x000000008a400000| Complete |  0
| 125|0x000000008a500000, 0x000000008a600000, 0x000000008a600000|100%| E|CS|TAMS 0x000000008a500000| PB 0x000000008a500000| Complete |  0

Card table byte_map: [0x0000025a49160000,0x0000025a49550000] _byte_map_base: 0x0000025a48d4c000

Marking Bits: (CMBitMap*) 0x0000025a3175cfc0
 Bits: [0x0000025a49550000, 0x0000025a4b4b0000)

Polling page: 0x0000025a2f680000

Metaspace:

Usage:
  Non-class:     45.61 MB used.
      Class:      7.30 MB used.
       Both:     52.91 MB used.

Virtual space:
  Non-class space:       64.00 MB reserved,      45.94 MB ( 72%) committed,  1 nodes.
      Class space:        1.00 GB reserved,       7.56 MB ( <1%) committed,  1 nodes.
             Both:        1.06 GB reserved,      53.50 MB (  5%) committed. 

Chunk freelists:
   Non-Class:  1.95 MB
       Class:  8.34 MB
        Both:  10.30 MB

MaxMetaspaceSize: unlimited
CompressedClassSpaceSize: 1.00 GB
Initial GC threshold: 21.00 MB
Current GC threshold: 59.06 MB
CDS: on
 - commit_granule_bytes: 65536.
 - commit_granule_words: 8192.
 - virtual_space_node_default_size: 8388608.
 - enlarge_chunks_in_place: 1.
 - use_allocation_guard: 0.


Internal statistics:

num_allocs_failed_limit: 6.
num_arena_births: 768.
num_arena_deaths: 0.
num_vsnodes_births: 2.
num_vsnodes_deaths: 0.
num_space_committed: 856.
num_space_uncommitted: 0.
num_chunks_returned_to_freelist: 6.
num_chunks_taken_from_freelist: 2680.
num_chunk_merges: 6.
num_chunk_splits: 1940.
num_chunks_enlarged: 1485.
num_inconsistent_stats: 0.

CodeHeap 'non-profiled nmethods': size=120000Kb used=2730Kb max_used=2730Kb free=117269Kb
 bounds [0x0000025a41510000, 0x0000025a417c0000, 0x0000025a48a40000]
CodeHeap 'profiled nmethods': size=120000Kb used=9156Kb max_used=9156Kb free=110843Kb
 bounds [0x0000025a39a40000, 0x0000025a3a340000, 0x0000025a40f70000]
CodeHeap 'non-nmethods': size=5760Kb used=1619Kb max_used=1650Kb free=4140Kb
 bounds [0x0000025a40f70000, 0x0000025a411e0000, 0x0000025a41510000]
 total_blobs=5263 nmethods=4596 adapters=571
 compilation: enabled
              stopped_count=0, restarted_count=0
 full_count=0

Compilation events (20 events):
Event: 4.222 Thread 0x0000025a4defcee0 4931       3       net.bytebuddy.jar.asm.SymbolTable::get (13 bytes)
Event: 4.222 Thread 0x0000025a4defcee0 nmethod 4931 0x0000025a3a324f10 code [0x0000025a3a3250a0, 0x0000025a3a3251f8]
Event: 4.222 Thread 0x0000025a4defcee0 4933       1       net.bytebuddy.implementation.Implementation$Context$Default$CacheValueField::getType (5 bytes)
Event: 4.222 Thread 0x0000025a4defcee0 nmethod 4933 0x0000025a417b8110 code [0x0000025a417b82a0, 0x0000025a417b8368]
Event: 4.224 Thread 0x0000025a4defb3a0 nmethod 4905 0x0000025a417b8410 code [0x0000025a417b85a0, 0x0000025a417b87b0]
Event: 4.224 Thread 0x0000025a4defb3a0 4932       4       net.bytebuddy.description.type.TypeDescription$AbstractBase::asErasure (2 bytes)
Event: 4.224 Thread 0x0000025a4defb3a0 nmethod 4932 0x0000025a417b8990 code [0x0000025a417b8b00, 0x0000025a417b8b88]
Event: 4.224 Thread 0x0000025a4defb3a0 4888       4       java.lang.reflect.Executable::getAnnotation (23 bytes)
Event: 4.225 Thread 0x0000025a4defcee0 4934       3       net.bytebuddy.implementation.bytecode.StackManipulation$AbstractBase::<init> (5 bytes)
Event: 4.225 Thread 0x0000025a4defcee0 nmethod 4934 0x0000025a3a325310 code [0x0000025a3a3254a0, 0x0000025a3a325608]
Event: 4.225 Thread 0x0000025a4defcee0 4935       3       net.bytebuddy.description.type.TypeList$Generic$Explicit::get (6 bytes)
Event: 4.225 Thread 0x0000025a4defcee0 nmethod 4935 0x0000025a3a325710 code [0x0000025a3a3258e0, 0x0000025a3a325cd0]
Event: 4.225 Thread 0x0000025a4defcee0 4936       3       net.bytebuddy.description.type.TypeList$Generic$Explicit::get (19 bytes)
Event: 4.225 Thread 0x0000025a4defcee0 nmethod 4936 0x0000025a3a325e10 code [0x0000025a3a325fe0, 0x0000025a3a326368]
Event: 4.225 Thread 0x0000025a4defcee0 4937       3       net.bytebuddy.description.type.TypeDescription$ForLoadedType::getStackSize (8 bytes)
Event: 4.225 Thread 0x0000025a4defcee0 nmethod 4937 0x0000025a3a326490 code [0x0000025a3a326640, 0x0000025a3a3268c8]
Event: 4.225 Thread 0x0000025a4defcee0 4938       3       net.bytebuddy.implementation.bytecode.StackSize::of (33 bytes)
Event: 4.225 Thread 0x0000025a4defcee0 nmethod 4938 0x0000025a3a326990 code [0x0000025a3a326b40, 0x0000025a3a326d48]
Event: 4.226 Thread 0x0000025a4defcee0 4939       3       net.bytebuddy.ClassFileVersion::getMajorVersion (9 bytes)
Event: 4.226 Thread 0x0000025a4defcee0 nmethod 4939 0x0000025a3a326e10 code [0x0000025a3a326fa0, 0x0000025a3a3270c0]

GC Heap History (20 events):
Event: 0.562 GC heap before
{Heap before GC invocations=0 (full 0):
 garbage-first heap   total reserved 2056192K, committed 129024K, used 25600K [0x0000000082800000, 0x0000000100000000)
  region size 1024K, 24 young (24576K), 0 survivors (0K)
 Metaspace       used 6073K, committed 6272K, reserved 1114112K
  class space    used 706K, committed 768K, reserved 1048576K
}
Event: 0.567 GC heap after
{Heap after GC invocations=1 (full 0):
 garbage-first heap   total reserved 2056192K, committed 129024K, used 7466K [0x0000000082800000, 0x0000000100000000)
  region size 1024K, 3 young (3072K), 3 survivors (3072K)
 Metaspace       used 6073K, committed 6272K, reserved 1114112K
  class space    used 706K, committed 768K, reserved 1048576K
}
Event: 1.050 GC heap before
{Heap before GC invocations=1 (full 0):
 garbage-first heap   total reserved 2056192K, committed 129024K, used 39210K [0x0000000082800000, 0x0000000100000000)
  region size 1024K, 35 young (35840K), 3 survivors (3072K)
 Metaspace       used 15070K, committed 15424K, reserved 1114112K
  class space    used 1985K, committed 2176K, reserved 1048576K
}
Event: 1.058 GC heap after
{Heap after GC invocations=2 (full 0):
 garbage-first heap   total reserved 2056192K, committed 129024K, used 10163K [0x0000000082800000, 0x0000000100000000)
  region size 1024K, 3 young (3072K), 3 survivors (3072K)
 Metaspace       used 15070K, committed 15424K, reserved 1114112K
  class space    used 1985K, committed 2176K, reserved 1048576K
}
Event: 1.248 GC heap before
{Heap before GC invocations=2 (full 0):
 garbage-first heap   total reserved 2056192K, committed 129024K, used 36787K [0x0000000082800000, 0x0000000100000000)
  region size 1024K, 30 young (30720K), 3 survivors (3072K)
 Metaspace       used 21252K, committed 21504K, reserved 1114112K
  class space    used 2665K, committed 2752K, reserved 1048576K
}
Event: 1.252 GC heap after
{Heap after GC invocations=3 (full 0):
 garbage-first heap   total reserved 2056192K, committed 129024K, used 13141K [0x0000000082800000, 0x0000000100000000)
  region size 1024K, 6 young (6144K), 6 survivors (6144K)
 Metaspace       used 21252K, committed 21504K, reserved 1114112K
  class space    used 2665K, committed 2752K, reserved 1048576K
}
Event: 1.586 GC heap before
{Heap before GC invocations=4 (full 0):
 garbage-first heap   total reserved 2056192K, committed 48128K, used 35669K [0x0000000082800000, 0x0000000100000000)
  region size 1024K, 28 young (28672K), 6 survivors (6144K)
 Metaspace       used 24041K, committed 24384K, reserved 1114112K
  class space    used 3048K, committed 3200K, reserved 1048576K
}
Event: 1.591 GC heap after
{Heap after GC invocations=5 (full 0):
 garbage-first heap   total reserved 2056192K, committed 48128K, used 15017K [0x0000000082800000, 0x0000000100000000)
  region size 1024K, 3 young (3072K), 3 survivors (3072K)
 Metaspace       used 24041K, committed 24384K, reserved 1114112K
  class space    used 3048K, committed 3200K, reserved 1048576K
}
Event: 1.982 GC heap before
{Heap before GC invocations=5 (full 0):
 garbage-first heap   total reserved 2056192K, committed 48128K, used 36521K [0x0000000082800000, 0x0000000100000000)
  region size 1024K, 24 young (24576K), 3 survivors (3072K)
 Metaspace       used 27612K, committed 28096K, reserved 1114112K
  class space    used 3548K, committed 3776K, reserved 1048576K
}
Event: 1.986 GC heap after
{Heap after GC invocations=6 (full 0):
 garbage-first heap   total reserved 2056192K, committed 48128K, used 16624K [0x0000000082800000, 0x0000000100000000)
  region size 1024K, 2 young (2048K), 2 survivors (2048K)
 Metaspace       used 27612K, committed 28096K, reserved 1114112K
  class space    used 3548K, committed 3776K, reserved 1048576K
}
Event: 2.355 GC heap before
{Heap before GC invocations=6 (full 0):
 garbage-first heap   total reserved 2056192K, committed 48128K, used 38128K [0x0000000082800000, 0x0000000100000000)
  region size 1024K, 23 young (23552K), 2 survivors (2048K)
 Metaspace       used 31712K, committed 32256K, reserved 1114112K
  class space    used 4130K, committed 4352K, reserved 1048576K
}
Event: 2.359 GC heap after
{Heap after GC invocations=7 (full 0):
 garbage-first heap   total reserved 2056192K, committed 48128K, used 19091K [0x0000000082800000, 0x0000000100000000)
  region size 1024K, 3 young (3072K), 3 survivors (3072K)
 Metaspace       used 31712K, committed 32256K, reserved 1114112K
  class space    used 4130K, committed 4352K, reserved 1048576K
}
Event: 2.745 GC heap before
{Heap before GC invocations=7 (full 0):
 garbage-first heap   total reserved 2056192K, committed 48128K, used 39571K [0x0000000082800000, 0x0000000100000000)
  region size 1024K, 23 young (23552K), 3 survivors (3072K)
 Metaspace       used 35211K, committed 35712K, reserved 1114112K
  class space    used 4601K, committed 4800K, reserved 1048576K
}
Event: 2.749 GC heap after
{Heap after GC invocations=8 (full 0):
 garbage-first heap   total reserved 2056192K, committed 58368K, used 20418K [0x0000000082800000, 0x0000000100000000)
  region size 1024K, 2 young (2048K), 2 survivors (2048K)
 Metaspace       used 35211K, committed 35712K, reserved 1114112K
  class space    used 4601K, committed 4800K, reserved 1048576K
}
Event: 2.782 GC heap before
{Heap before GC invocations=8 (full 0):
 garbage-first heap   total reserved 2056192K, committed 58368K, used 21442K [0x0000000082800000, 0x0000000100000000)
  region size 1024K, 4 young (4096K), 2 survivors (2048K)
 Metaspace       used 35659K, committed 36160K, reserved 1114112K
  class space    used 4669K, committed 4864K, reserved 1048576K
}
Event: 2.783 GC heap after
{Heap after GC invocations=9 (full 0):
 garbage-first heap   total reserved 2056192K, committed 58368K, used 20468K [0x0000000082800000, 0x0000000100000000)
  region size 1024K, 2 young (2048K), 2 survivors (2048K)
 Metaspace       used 35659K, committed 36160K, reserved 1114112K
  class space    used 4669K, committed 4864K, reserved 1048576K
}
Event: 3.501 GC heap before
{Heap before GC invocations=10 (full 0):
 garbage-first heap   total reserved 2056192K, committed 58368K, used 48116K [0x0000000082800000, 0x0000000100000000)
  region size 1024K, 30 young (30720K), 2 survivors (2048K)
 Metaspace       used 43779K, committed 44352K, reserved 1114112K
  class space    used 5909K, committed 6144K, reserved 1048576K
}
Event: 3.505 GC heap after
{Heap after GC invocations=11 (full 0):
 garbage-first heap   total reserved 2056192K, committed 58368K, used 22950K [0x0000000082800000, 0x0000000100000000)
  region size 1024K, 4 young (4096K), 4 survivors (4096K)
 Metaspace       used 43779K, committed 44352K, reserved 1114112K
  class space    used 5909K, committed 6144K, reserved 1048576K
}
Event: 4.092 GC heap before
{Heap before GC invocations=11 (full 0):
 garbage-first heap   total reserved 2056192K, committed 58368K, used 48550K [0x0000000082800000, 0x0000000100000000)
  region size 1024K, 30 young (30720K), 4 survivors (4096K)
 Metaspace       used 51684K, committed 52224K, reserved 1114112K
  class space    used 6996K, committed 7232K, reserved 1048576K
}
Event: 4.097 GC heap after
{Heap after GC invocations=12 (full 0):
 garbage-first heap   total reserved 2056192K, committed 58368K, used 24342K [0x0000000082800000, 0x0000000100000000)
  region size 1024K, 2 young (2048K), 2 survivors (2048K)
 Metaspace       used 51684K, committed 52224K, reserved 1114112K
  class space    used 6996K, committed 7232K, reserved 1048576K
}

Dll operation events (15 events):
Event: 0.008 Loaded shared library C:\Users\dushy\.jdks\openjdk-22.0.2\bin\java.dll
Event: 0.038 Loaded shared library C:\Users\dushy\.jdks\openjdk-22.0.2\bin\jsvml.dll
Event: 0.107 Loaded shared library C:\Users\dushy\.jdks\openjdk-22.0.2\bin\zip.dll
Event: 0.110 Loaded shared library C:\Users\dushy\.jdks\openjdk-22.0.2\bin\instrument.dll
Event: 0.113 Loaded shared library C:\Users\dushy\.jdks\openjdk-22.0.2\bin\net.dll
Event: 0.114 Loaded shared library C:\Users\dushy\.jdks\openjdk-22.0.2\bin\nio.dll
Event: 0.116 Loaded shared library C:\Users\dushy\.jdks\openjdk-22.0.2\bin\zip.dll
Event: 0.175 Loaded shared library C:\Program Files\JetBrains\IntelliJ IDEA Community Edition 2023.3.3\bin\breakgen64.dll
Event: 0.183 Loaded shared library C:\Users\dushy\.jdks\openjdk-22.0.2\bin\extnet.dll
Event: 0.210 Loaded shared library C:\Users\dushy\.jdks\openjdk-22.0.2\bin\jimage.dll
Event: 0.438 Loaded shared library C:\Users\dushy\.jdks\openjdk-22.0.2\bin\management.dll
Event: 0.440 Loaded shared library C:\Users\dushy\.jdks\openjdk-22.0.2\bin\management_ext.dll
Event: 0.848 Loaded shared library C:\Users\dushy\.jdks\openjdk-22.0.2\bin\le.dll
Event: 1.375 Loaded shared library C:\Users\dushy\.jdks\openjdk-22.0.2\bin\sunmscapi.dll
Event: 3.015 Loaded shared library C:\Users\dushy\.jdks\openjdk-22.0.2\bin\verify.dll

Deoptimization events (20 events):
Event: 3.375 Thread 0x0000025a4dee9b50 Uncommon trap: trap_request=0xffffff45 fr.pc=0x0000025a4155bf2c relative=0x000000000000054c
Event: 3.375 Thread 0x0000025a4dee9b50 Uncommon trap: reason=unstable_if action=reinterpret pc=0x0000025a4155bf2c method=java.lang.AbstractStringBuilder.inflateIfNeededFor(Ljava/lang/String;)V @ 14 c2
Event: 3.375 Thread 0x0000025a4dee9b50 DEOPT PACKING pc=0x0000025a4155bf2c sp=0x000000f2f74fbce0
Event: 3.375 Thread 0x0000025a4dee9b50 DEOPT UNPACKING pc=0x0000025a40fc46a2 sp=0x000000f2f74fbbe8 mode 2
Event: 3.406 Thread 0x0000025a4dee9b50 Uncommon trap: trap_request=0xffffff45 fr.pc=0x0000025a41712be8 relative=0x0000000000001188
Event: 3.406 Thread 0x0000025a4dee9b50 Uncommon trap: reason=unstable_if action=reinterpret pc=0x0000025a41712be8 method=java.lang.String.<init>(Ljava/nio/charset/Charset;[BII)V @ 6 c2
Event: 3.406 Thread 0x0000025a4dee9b50 DEOPT PACKING pc=0x0000025a41712be8 sp=0x000000f2f74fce70
Event: 3.406 Thread 0x0000025a4dee9b50 DEOPT UNPACKING pc=0x0000025a40fc46a2 sp=0x000000f2f74fce30 mode 2
Event: 3.409 Thread 0x0000025a4dee9b50 Uncommon trap: trap_request=0xffffff45 fr.pc=0x0000025a41662e30 relative=0x0000000000000270
Event: 3.409 Thread 0x0000025a4dee9b50 Uncommon trap: reason=unstable_if action=reinterpret pc=0x0000025a41662e30 method=java.lang.String.getChars(II[CI)V @ 24 c2
Event: 3.409 Thread 0x0000025a4dee9b50 DEOPT PACKING pc=0x0000025a41662e30 sp=0x000000f2f74fd170
Event: 3.409 Thread 0x0000025a4dee9b50 DEOPT UNPACKING pc=0x0000025a40fc46a2 sp=0x000000f2f74fd130 mode 2
Event: 3.478 Thread 0x0000025a4dee9b50 Uncommon trap: trap_request=0xffffffcc fr.pc=0x0000025a415cea1c relative=0x000000000000035c
Event: 3.478 Thread 0x0000025a4dee9b50 Uncommon trap: reason=intrinsic_or_type_checked_inlining action=make_not_entrant pc=0x0000025a415cea1c method=java.util.Arrays.copyOf([Ljava/lang/Object;ILjava/lang/Class;)[Ljava/lang/Object; @ 35 c2
Event: 3.479 Thread 0x0000025a4dee9b50 DEOPT PACKING pc=0x0000025a415cea1c sp=0x000000f2f74fdcb0
Event: 3.479 Thread 0x0000025a4dee9b50 DEOPT UNPACKING pc=0x0000025a40fc46a2 sp=0x000000f2f74fdc40 mode 2
Event: 4.190 Thread 0x0000025a4dee9b50 Uncommon trap: trap_request=0xffffff45 fr.pc=0x0000025a416c8640 relative=0x00000000000007c0
Event: 4.190 Thread 0x0000025a4dee9b50 Uncommon trap: reason=unstable_if action=reinterpret pc=0x0000025a416c8640 method=java.util.HashMap$HashIterator.<init>(Ljava/util/HashMap;)V @ 45 c2
Event: 4.190 Thread 0x0000025a4dee9b50 DEOPT PACKING pc=0x0000025a416c8640 sp=0x000000f2f74fcbb0
Event: 4.190 Thread 0x0000025a4dee9b50 DEOPT UNPACKING pc=0x0000025a40fc46a2 sp=0x000000f2f74fca40 mode 2

Classes loaded (20 events):
Event: 3.654 Loading class java/util/stream/ReduceOps$1ReducingSink
Event: 3.654 Loading class java/util/stream/ReduceOps$1ReducingSink done
Event: 3.760 Loading class javax/naming/RefAddr
Event: 3.760 Loading class javax/naming/RefAddr done
Event: 3.760 Loading class javax/naming/StringRefAddr
Event: 3.760 Loading class javax/naming/StringRefAddr done
Event: 3.784 Loading class java/util/concurrent/CompletableFuture$AltResult
Event: 3.784 Loading class java/util/concurrent/CompletableFuture$AltResult done
Event: 3.784 Loading class java/util/concurrent/CompletableFuture$Completion
Event: 3.784 Loading class java/util/concurrent/CompletableFuture$AsynchronousCompletionTask
Event: 3.784 Loading class java/util/concurrent/CompletableFuture$AsynchronousCompletionTask done
Event: 3.784 Loading class java/util/concurrent/CompletableFuture$Completion done
Event: 3.866 Loading class sun/reflect/annotation/TypeAnnotation$TypeAnnotationTargetInfo
Event: 3.866 Loading class sun/reflect/annotation/TypeAnnotation$TypeAnnotationTargetInfo done
Event: 3.923 Loading class java/util/concurrent/CancellationException
Event: 3.923 Loading class java/util/concurrent/CancellationException done
Event: 4.133 Loading class java/util/ArrayList$ListItr
Event: 4.133 Loading class java/util/ArrayList$ListItr done
Event: 4.188 Loading class java/util/AbstractList$SubList
Event: 4.188 Loading class java/util/AbstractList$SubList done

Classes unloaded (0 events):
No events

Classes redefined (0 events):
No events

Internal exceptions (20 events):
Event: 2.190 Thread 0x0000025a4dee9b50 Exception <a 'java/lang/NoSuchMethodError'{0x0000000084bbd5a8}: 'void java.lang.invoke.DirectMethodHandle$Holder.invokeStatic(java.lang.Object, java.lang.Object, java.lang.Object, int, java.lang.Object)'> (0x0000000084bbd5a8) 
thrown [s\open\src\hotspot\share\interpreter\linkResolver.cpp, line 774]
Event: 2.190 Thread 0x0000025a4dee9b50 Exception <a 'java/lang/NoSuchMethodError'{0x0000000084bc3e28}: 'java.lang.Object java.lang.invoke.DirectMethodHandle$Holder.newInvokeSpecial(java.lang.Object, java.lang.Object, java.lang.Object, int)'> (0x0000000084bc3e28) 
thrown [s\open\src\hotspot\share\interpreter\linkResolver.cpp, line 774]
Event: 2.191 Thread 0x0000025a4dee9b50 Exception <a 'java/lang/NoSuchMethodError'{0x0000000084bc7c28}: 'java.lang.Object java.lang.invoke.DirectMethodHandle$Holder.invokeSpecial(java.lang.Object, java.lang.Object, java.lang.Object, java.lang.Object, int)'> (0x0000000084bc7c28) 
thrown [s\open\src\hotspot\share\interpreter\linkResolver.cpp, line 774]
Event: 2.191 Thread 0x0000025a4dee9b50 Exception <a 'java/lang/NoSuchMethodError'{0x0000000084bcb0b0}: 'java.lang.Object java.lang.invoke.Invokers$Holder.linkToTargetMethod(java.lang.Object, java.lang.Object, int, java.lang.Object)'> (0x0000000084bcb0b0) 
thrown [s\open\src\hotspot\share\interpreter\linkResolver.cpp, line 774]
Event: 2.250 Thread 0x0000025a4dee9b50 Exception <a 'java/lang/NoSuchMethodError'{0x000000008476a118}: 'java.lang.Object java.lang.invoke.DirectMethodHandle$Holder.invokeStaticInit(java.lang.Object, int, int, int, int)'> (0x000000008476a118) 
thrown [s\open\src\hotspot\share\interpreter\linkResolver.cpp, line 774]
Event: 2.271 Thread 0x0000025a4dee9b50 Exception <a 'java/lang/NoSuchMethodError'{0x0000000084630098}: 'java.lang.Object java.lang.invoke.DirectMethodHandle$Holder.invokeStaticInit(java.lang.Object, java.lang.Object, int, int, int, int)'> (0x0000000084630098) 
thrown [s\open\src\hotspot\share\interpreter\linkResolver.cpp, line 774]
Event: 2.375 Thread 0x0000025a4dee9b50 Exception <a 'java/lang/NoSuchMethodError'{0x0000000088a19b48}: 'int java.lang.invoke.DirectMethodHandle$Holder.invokeVirtual(java.lang.Object, java.lang.Object, java.lang.Object, java.lang.Object)'> (0x0000000088a19b48) 
thrown [s\open\src\hotspot\share\interpreter\linkResolver.cpp, line 774]
Event: 2.375 Thread 0x0000025a4dee9b50 Exception <a 'java/lang/NoSuchMethodError'{0x0000000088a1d3c8}: 'int java.lang.invoke.DelegatingMethodHandle$Holder.reinvoke_L(java.lang.Object, java.lang.Object, java.lang.Object, java.lang.Object)'> (0x0000000088a1d3c8) 
thrown [s\open\src\hotspot\share\interpreter\linkResolver.cpp, line 774]
Event: 2.422 Thread 0x0000025a4dee9b50 Exception <a 'java/io/FileNotFoundException'{0x0000000088822588}> (0x0000000088822588) 
thrown [s\open\src\hotspot\share\prims\jni.cpp, line 520]
Event: 2.441 Thread 0x0000025a4dee9b50 Exception <a 'java/lang/NoSuchMethodError'{0x00000000887747f8}: 'int java.lang.invoke.DirectMethodHandle$Holder.invokeInterface(java.lang.Object, java.lang.Object, java.lang.Object, java.lang.Object)'> (0x00000000887747f8) 
thrown [s\open\src\hotspot\share\interpreter\linkResolver.cpp, line 774]
Event: 2.478 Thread 0x0000025a4dee9b50 Exception <a 'java/lang/NoSuchMethodError'{0x0000000088554108}: 'long java.lang.invoke.DirectMethodHandle$Holder.invokeVirtual(java.lang.Object, java.lang.Object)'> (0x0000000088554108) 
thrown [s\open\src\hotspot\share\interpreter\linkResolver.cpp, line 774]
Event: 2.481 Thread 0x0000025a4dee9b50 Exception <a 'java/io/FileNotFoundException'{0x000000008857e5e0}> (0x000000008857e5e0) 
thrown [s\open\src\hotspot\share\prims\jni.cpp, line 520]
Event: 2.549 Thread 0x0000025a4dee9b50 Exception <a 'java/lang/NoSuchMethodError'{0x0000000084a64f98}: 'java.lang.Object java.lang.invoke.DirectMethodHandle$Holder.newInvokeSpecial(java.lang.Object, java.lang.Object, java.lang.Object, java.lang.Object, java.lang.Object, java.lang.Object, java.lang.Object, java.lang.Object, java.lang.Object, java.lang.Object, java.lang.Object)'> (0x0000000084a64f98) 
thrown [s\open\src\hotspot\share\interpreter\linkResolver.cpp, line 774]
Event: 2.637 Thread 0x0000025a4dee9b50 Exception <a 'java/lang/NoSuchMethodError'{0x0000000084739b68}: 'void java.lang.invoke.DelegatingMethodHandle$Holder.reinvoke_L(java.lang.Object, java.lang.Object, java.lang.Object, java.lang.Object, int, java.lang.Object, java.lang.Object, java.lang.Object)'> (0x0000000084739b68) 
thrown [s\open\src\hotspot\share\interpreter\linkResolver.cpp, line 774]
Event: 3.227 Thread 0x0000025a4dee9b50 Exception <a 'java/lang/NoSuchMethodError'{0x0000000084ff3fa8}: 'int java.lang.invoke.DirectMethodHandle$Holder.invokeStatic(java.lang.Object)'> (0x0000000084ff3fa8) 
thrown [s\open\src\hotspot\share\interpreter\linkResolver.cpp, line 774]
Event: 3.460 Thread 0x0000025a4dee9b50 Exception <a 'java/lang/NoSuchMethodError'{0x0000000084404320}: 'java.lang.Object java.lang.invoke.DirectMethodHandle$Holder.invokeStaticInit(java.lang.Object, java.lang.Object, java.lang.Object, java.lang.Object)'> (0x0000000084404320) 
thrown [s\open\src\hotspot\share\interpreter\linkResolver.cpp, line 774]
Event: 3.474 Thread 0x0000025a4dee9b50 Exception <a 'java/lang/NoSuchMethodError'{0x00000000844bf1f8}: 'int java.lang.invoke.Invokers$Holder.invokeExact_MT(java.lang.Object, java.lang.Object)'> (0x00000000844bf1f8) 
thrown [s\open\src\hotspot\share\interpreter\linkResolver.cpp, line 774]
Event: 3.930 Thread 0x0000025a4dee9b50 Exception <a 'java/lang/IncompatibleClassChangeError'{0x0000000084e4b0d8}: Found class java.lang.Object, but interface was expected> (0x0000000084e4b0d8) 
thrown [s\open\src\hotspot\share\interpreter\linkResolver.cpp, line 841]
Event: 3.947 Thread 0x0000025a4dee9b50 Exception <a 'java/lang/NoSuchMethodError'{0x0000000084d0f688}: 'java.lang.Object java.lang.invoke.DirectMethodHandle$Holder.invokeStatic(java.lang.Object, java.lang.Object, int, java.lang.Object)'> (0x0000000084d0f688) 
thrown [s\open\src\hotspot\share\interpreter\linkResolver.cpp, line 774]
Event: 3.947 Thread 0x0000025a4dee9b50 Exception <a 'java/lang/NoSuchMethodError'{0x0000000084d12e80}: 'java.lang.Object java.lang.invoke.DirectMethodHandle$Holder.invokeStaticInit(java.lang.Object, java.lang.Object, int, java.lang.Object)'> (0x0000000084d12e80) 
thrown [s\open\src\hotspot\share\interpreter\linkResolver.cpp, line 774]

ZGC Phase Switch (0 events):
No events

VM Operations (20 events):
Event: 2.697 Executing VM operation: HandshakeAllThreads (Deoptimize)
Event: 2.697 Executing VM operation: HandshakeAllThreads (Deoptimize) done
Event: 2.745 Executing VM operation: G1CollectForAllocation (G1 Evacuation Pause)
Event: 2.749 Executing VM operation: G1CollectForAllocation (G1 Evacuation Pause) done
Event: 2.782 Executing VM operation: CollectForMetadataAllocation (Metadata GC Threshold)
Event: 2.783 Executing VM operation: CollectForMetadataAllocation (Metadata GC Threshold) done
Event: 2.804 Executing VM operation: G1PauseRemark
Event: 2.808 Executing VM operation: G1PauseRemark done
Event: 2.815 Executing VM operation: G1PauseCleanup
Event: 2.815 Executing VM operation: G1PauseCleanup done
Event: 3.371 Executing VM operation: HandshakeAllThreads (Deoptimize)
Event: 3.371 Executing VM operation: HandshakeAllThreads (Deoptimize) done
Event: 3.501 Executing VM operation: G1CollectForAllocation (G1 Evacuation Pause)
Event: 3.505 Executing VM operation: G1CollectForAllocation (G1 Evacuation Pause) done
Event: 4.092 Executing VM operation: G1CollectForAllocation (G1 Evacuation Pause)
Event: 4.097 Executing VM operation: G1CollectForAllocation (G1 Evacuation Pause) done
Event: 4.132 Executing VM operation: HandshakeAllThreads (Deoptimize)
Event: 4.132 Executing VM operation: HandshakeAllThreads (Deoptimize) done
Event: 4.134 Executing VM operation: HandshakeAllThreads (Deoptimize)
Event: 4.134 Executing VM operation: HandshakeAllThreads (Deoptimize) done

Memory protections (0 events):
No events

Nmethod flushes (20 events):
Event: 2.807 Thread 0x0000025a4dec4690 flushing  nmethod 0x0000025a39d08a90
Event: 2.807 Thread 0x0000025a4dec4690 flushing  nmethod 0x0000025a39b31310
Event: 2.807 Thread 0x0000025a4dec4690 flushing  nmethod 0x0000025a39b36b90
Event: 2.807 Thread 0x0000025a4dec4690 flushing  nmethod 0x0000025a39b36f90
Event: 2.807 Thread 0x0000025a4dec4690 flushing  nmethod 0x0000025a39b37390
Event: 2.807 Thread 0x0000025a4dec4690 flushing  nmethod 0x0000025a39bb8c10
Event: 2.807 Thread 0x0000025a4dec4690 flushing  nmethod 0x0000025a39bbbf10
Event: 2.807 Thread 0x0000025a4dec4690 flushing  nmethod 0x0000025a39bbc890
Event: 2.807 Thread 0x0000025a4dec4690 flushing  nmethod 0x0000025a39bbd490
Event: 2.807 Thread 0x0000025a4dec4690 flushing  nmethod 0x0000025a39bfb390
Event: 2.807 Thread 0x0000025a4dec4690 flushing  nmethod 0x0000025a39c6ba90
Event: 2.807 Thread 0x0000025a4dec4690 flushing  nmethod 0x0000025a39ce5610
Event: 2.807 Thread 0x0000025a4dec4690 flushing  nmethod 0x0000025a39d3a610
Event: 2.807 Thread 0x0000025a4dec4690 flushing  nmethod 0x0000025a39ded610
Event: 2.807 Thread 0x0000025a4dec4690 flushing  nmethod 0x0000025a39bed290
Event: 2.807 Thread 0x0000025a4dec4690 flushing  nmethod 0x0000025a39beef10
Event: 2.807 Thread 0x0000025a4dec4690 flushing  nmethod 0x0000025a39d86f90
Event: 2.807 Thread 0x0000025a4dec4690 flushing  nmethod 0x0000025a39e17290
Event: 2.807 Thread 0x0000025a4dec4690 flushing  nmethod 0x0000025a39e17b10
Event: 2.807 Thread 0x0000025a4dec4690 flushing  nmethod 0x0000025a39e17f10

Events (20 events):
Event: 0.036 Thread 0x0000025a31705e90 Thread added: 0x0000025a4def7800
Event: 0.036 Thread 0x0000025a31705e90 Thread added: 0x0000025a4defcee0
Event: 0.090 Thread 0x0000025a31705e90 Thread added: 0x0000025a4deea870
Event: 0.104 Thread 0x0000025a4defcee0 Thread added: 0x0000025a4defd5b0
Event: 0.175 Thread 0x0000025a31705e90 Thread added: 0x0000025a4dee8e30
Event: 0.176 Thread 0x0000025a31705e90 Thread added: 0x0000025a4deebc20
Event: 0.472 Thread 0x0000025a31705e90 Thread added: 0x0000025a4dee94c0
Event: 0.474 Thread 0x0000025a4dee94c0 Thread added: 0x0000025a4dee9b50
Event: 0.808 Thread 0x0000025a4dee9b50 Thread added: 0x0000025a4deea1e0
Event: 1.181 Thread 0x0000025a4dee9b50 Thread added: 0x0000025a4deeb590
Event: 1.226 Thread 0x0000025a4deeb590 Thread exited: 0x0000025a4deeb590
Event: 1.380 Thread 0x0000025a4deea1e0 Thread exited: 0x0000025a4deea1e0
Event: 2.489 Thread 0x0000025a4dee9b50 Thread added: 0x0000025a95e71c90
Event: 2.490 Thread 0x0000025a95e71c90 Thread added: 0x0000025a95e70f70
Event: 2.494 Thread 0x0000025a4dee9b50 Thread added: 0x0000025a95e6fbc0
Event: 2.514 Thread 0x0000025a4dee9b50 Thread added: 0x0000025a95e6f530
Event: 3.417 Thread 0x0000025a4dee9b50 Thread added: 0x0000025a95e708e0
Event: 3.522 Thread 0x0000025a95e708e0 Thread added: 0x0000025a95e71600
Event: 4.042 Thread 0x0000025a4defd5b0 Thread exited: 0x0000025a4defd5b0
Event: 4.214 Thread 0x0000025a4defcee0 Thread added: 0x0000025a4defb3a0


Dynamic libraries:
0x00007ff6db740000 - 0x00007ff6db74e000 	C:\Users\dushy\.jdks\openjdk-22.0.2\bin\java.exe
0x00007ff800cb0000 - 0x00007ff800ec7000 	C:\WINDOWS\SYSTEM32\ntdll.dll
0x00007fffff830000 - 0x00007fffff8f4000 	C:\WINDOWS\System32\KERNEL32.DLL
0x00007ffffe0e0000 - 0x00007ffffe499000 	C:\WINDOWS\System32\KERNELBASE.dll
0x00007ffffe890000 - 0x00007ffffe9a1000 	C:\WINDOWS\System32\ucrtbase.dll
0x00007ffff8b90000 - 0x00007ffff8ba7000 	C:\Users\dushy\.jdks\openjdk-22.0.2\bin\jli.dll
0x00007fffe5b80000 - 0x00007fffe5b9b000 	C:\Users\dushy\.jdks\openjdk-22.0.2\bin\VCRUNTIME140.dll
0x00007fffffe40000 - 0x00007ffffffee000 	C:\WINDOWS\System32\USER32.dll
0x00007fffe9c60000 - 0x00007fffe9ef2000 	C:\WINDOWS\WinSxS\amd64_microsoft.windows.common-controls_6595b64144ccf1df_6.0.22621.4391_none_2715d37f73803e96\COMCTL32.dll
0x00007ffffe010000 - 0x00007ffffe036000 	C:\WINDOWS\System32\win32u.dll
0x00007ff8000f0000 - 0x00007ff800197000 	C:\WINDOWS\System32\msvcrt.dll
0x00007ff800b40000 - 0x00007ff800b69000 	C:\WINDOWS\System32\GDI32.dll
0x00007ffffe740000 - 0x00007ffffe85b000 	C:\WINDOWS\System32\gdi32full.dll
0x00007ffffe040000 - 0x00007ffffe0da000 	C:\WINDOWS\System32\msvcp_win.dll
0x00007ff800c20000 - 0x00007ff800c51000 	C:\WINDOWS\System32\IMM32.DLL
0x00007ffff8d30000 - 0x00007ffff8d3c000 	C:\Users\dushy\.jdks\openjdk-22.0.2\bin\vcruntime140_1.dll
0x00007fffe2da0000 - 0x00007fffe2e2e000 	C:\Users\dushy\.jdks\openjdk-22.0.2\bin\msvcp140.dll
0x00007fff53640000 - 0x00007fff54389000 	C:\Users\dushy\.jdks\openjdk-22.0.2\bin\server\jvm.dll
0x00007ff8001b0000 - 0x00007ff800262000 	C:\WINDOWS\System32\ADVAPI32.dll
0x00007ff800b70000 - 0x00007ff800c17000 	C:\WINDOWS\System32\sechost.dll
0x00007ffffe860000 - 0x00007ffffe888000 	C:\WINDOWS\System32\bcrypt.dll
0x00007fffffb70000 - 0x00007fffffc84000 	C:\WINDOWS\System32\RPCRT4.dll
0x00007ff800070000 - 0x00007ff8000e1000 	C:\WINDOWS\System32\WS2_32.dll
0x00007ffffcdf0000 - 0x00007ffffce3d000 	C:\WINDOWS\SYSTEM32\POWRPROF.dll
0x00007ffff8a40000 - 0x00007ffff8a74000 	C:\WINDOWS\SYSTEM32\WINMM.dll
0x00007ffff9660000 - 0x00007ffff966a000 	C:\WINDOWS\SYSTEM32\VERSION.dll
0x00007ffffcdd0000 - 0x00007ffffcde3000 	C:\WINDOWS\SYSTEM32\UMPDC.dll
0x00007ffffd090000 - 0x00007ffffd0a8000 	C:\WINDOWS\SYSTEM32\kernel.appcore.dll
0x00007ffff8b80000 - 0x00007ffff8b8a000 	C:\Users\dushy\.jdks\openjdk-22.0.2\bin\jimage.dll
0x00007ffffb860000 - 0x00007ffffba92000 	C:\WINDOWS\SYSTEM32\DBGHELP.DLL
0x00007ffffeb20000 - 0x00007ffffeeaf000 	C:\WINDOWS\System32\combase.dll
0x00007ffffe9b0000 - 0x00007ffffea87000 	C:\WINDOWS\System32\OLEAUT32.dll
0x00007fffe3ae0000 - 0x00007fffe3b12000 	C:\WINDOWS\SYSTEM32\dbgcore.DLL
0x00007ffffdf90000 - 0x00007ffffe00b000 	C:\WINDOWS\System32\bcryptPrimitives.dll
0x00007ffff9340000 - 0x00007ffff934f000 	C:\Users\dushy\.jdks\openjdk-22.0.2\bin\instrument.dll
0x00007fffe5b60000 - 0x00007fffe5b7e000 	C:\Users\dushy\.jdks\openjdk-22.0.2\bin\java.dll
0x00007ff8002c0000 - 0x00007ff800b36000 	C:\WINDOWS\System32\SHELL32.dll
0x00007fffffc90000 - 0x00007fffffe35000 	C:\WINDOWS\System32\ole32.dll
0x00007ffffbea0000 - 0x00007ffffc7a3000 	C:\WINDOWS\SYSTEM32\windows.storage.dll
0x00007ffffbd60000 - 0x00007ffffbe9f000 	C:\WINDOWS\SYSTEM32\wintypes.dll
0x00007fffff570000 - 0x00007fffff669000 	C:\WINDOWS\System32\SHCORE.dll
0x00007fffff670000 - 0x00007fffff6ce000 	C:\WINDOWS\System32\shlwapi.dll
0x00007ffffded0000 - 0x00007ffffdefb000 	C:\WINDOWS\SYSTEM32\profapi.dll
0x00007fffd4a10000 - 0x00007fffd4ae7000 	C:\Users\dushy\.jdks\openjdk-22.0.2\bin\jsvml.dll
0x00007fffe4a70000 - 0x00007fffe4a87000 	C:\Users\dushy\.jdks\openjdk-22.0.2\bin\zip.dll
0x00007fffe5c80000 - 0x00007fffe5c90000 	C:\Users\dushy\.jdks\openjdk-22.0.2\bin\net.dll
0x00007ffffd500000 - 0x00007ffffd569000 	C:\WINDOWS\system32\mswsock.dll
0x00007fffe4a90000 - 0x00007fffe4aa6000 	C:\Users\dushy\.jdks\openjdk-22.0.2\bin\nio.dll
0x00007fffed580000 - 0x00007fffed59a000 	C:\Program Files\JetBrains\IntelliJ IDEA Community Edition 2023.3.3\bin\breakgen64.dll
0x00007fffe2d60000 - 0x00007fffe2d69000 	C:\Users\dushy\.jdks\openjdk-22.0.2\bin\extnet.dll
0x00007ffff9330000 - 0x00007ffff933a000 	C:\Users\dushy\.jdks\openjdk-22.0.2\bin\management.dll
0x00007ffff8b20000 - 0x00007ffff8b2b000 	C:\Users\dushy\.jdks\openjdk-22.0.2\bin\management_ext.dll
0x00007ff8001a0000 - 0x00007ff8001a8000 	C:\WINDOWS\System32\PSAPI.DLL
0x00007ffff01c0000 - 0x00007ffff01cb000 	C:\Users\dushy\.jdks\openjdk-22.0.2\bin\le.dll
0x00007fffe2d20000 - 0x00007fffe2d2e000 	C:\Users\dushy\.jdks\openjdk-22.0.2\bin\sunmscapi.dll
0x00007ffffe5d0000 - 0x00007ffffe736000 	C:\WINDOWS\System32\CRYPT32.dll
0x00007ffffd960000 - 0x00007ffffd98d000 	C:\WINDOWS\SYSTEM32\ncrypt.dll
0x00007ffffd920000 - 0x00007ffffd957000 	C:\WINDOWS\SYSTEM32\NTASN1.dll
0x00007ffffd710000 - 0x00007ffffd72b000 	C:\WINDOWS\SYSTEM32\CRYPTSP.dll
0x00007ffffcff0000 - 0x00007ffffd025000 	C:\WINDOWS\system32\rsaenh.dll
0x00007ffffd5b0000 - 0x00007ffffd5d8000 	C:\WINDOWS\SYSTEM32\USERENV.dll
0x00007ffffd730000 - 0x00007ffffd73c000 	C:\WINDOWS\SYSTEM32\CRYPTBASE.dll
0x00007ffffcac0000 - 0x00007ffffcaed000 	C:\WINDOWS\SYSTEM32\IPHLPAPI.DLL
0x00007ff800060000 - 0x00007ff800069000 	C:\WINDOWS\System32\NSI.dll
0x00007fffe2d00000 - 0x00007fffe2d10000 	C:\Users\dushy\.jdks\openjdk-22.0.2\bin\verify.dll
0x00007ffffcaf0000 - 0x00007ffffcbf2000 	C:\WINDOWS\SYSTEM32\DNSAPI.dll
0x000000005de30000 - 0x000000005de56000 	C:\Program Files\Bonjour\mdnsNSP.dll
0x00007fffefcf0000 - 0x00007fffefcfa000 	C:\Windows\System32\rasadhlp.dll
0x00007ffff5390000 - 0x00007ffff5413000 	C:\WINDOWS\System32\fwpuclnt.dll

dbghelp: loaded successfully - version: 4.0.5 - missing functions: none
symbol engine: initialized successfully - sym options: 0x614 - pdb path: (cannot be retrieved)

VM Arguments:
jvm_args: -javaagent:C:\Program Files\JetBrains\IntelliJ IDEA Community Edition 2023.3.3\lib\idea_rt.jar=54922:C:\Program Files\JetBrains\IntelliJ IDEA Community Edition 2023.3.3\bin -Dfile.encoding=UTF-8 -Dsun.stdout.encoding=UTF-8 -Dsun.stderr.encoding=UTF-8 
java_command: com.modulobytes.hrms_modulobytes.HrmsModulobytesApplication
java_class_path (initial): F:\Modulobytes-Project\hrms-modulobytes\target\classes;C:\Users\dushy\.m2\repository\org\springframework\boot\spring-boot-starter-data-jpa\3.4.0\spring-boot-starter-data-jpa-3.4.0.jar;C:\Users\dushy\.m2\repository\org\springframework\boot\spring-boot-starter\3.4.0\spring-boot-starter-3.4.0.jar;C:\Users\dushy\.m2\repository\org\springframework\boot\spring-boot-starter-logging\3.4.0\spring-boot-starter-logging-3.4.0.jar;C:\Users\dushy\.m2\repository\ch\qos\logback\logback-classic\1.5.12\logback-classic-1.5.12.jar;C:\Users\dushy\.m2\repository\ch\qos\logback\logback-core\1.5.12\logback-core-1.5.12.jar;C:\Users\dushy\.m2\repository\org\apache\logging\log4j\log4j-to-slf4j\2.24.1\log4j-to-slf4j-2.24.1.jar;C:\Users\dushy\.m2\repository\org\apache\logging\log4j\log4j-api\2.24.1\log4j-api-2.24.1.jar;C:\Users\dushy\.m2\repository\org\slf4j\jul-to-slf4j\2.0.16\jul-to-slf4j-2.0.16.jar;C:\Users\dushy\.m2\repository\jakarta\annotation\jakarta.annotation-api\2.1.1\jakarta.annotation-api-2.1.1.jar;C:\Users\dushy\.m2\repository\org\yaml\snakeyaml\2.3\snakeyaml-2.3.jar;C:\Users\dushy\.m2\repository\org\springframework\boot\spring-boot-starter-jdbc\3.4.0\spring-boot-starter-jdbc-3.4.0.jar;C:\Users\dushy\.m2\repository\com\zaxxer\HikariCP\5.1.0\HikariCP-5.1.0.jar;C:\Users\dushy\.m2\repository\org\springframework\spring-jdbc\6.2.0\spring-jdbc-6.2.0.jar;C:\Users\dushy\.m2\repository\org\hibernate\orm\hibernate-core\6.6.2.Final\hibernate-core-6.6.2.Final.jar;C:\Users\dushy\.m2\repository\jakarta\persistence\jakarta.persistence-api\3.1.0\jakarta.persistence-api-3.1.0.jar;C:\Users\dushy\.m2\repository\jakarta\transaction\jakarta.transaction-api\2.0.1\jakarta.transaction-api-2.0.1.jar;C:\Users\dushy\.m2\repository\org\hibernate\common\hibernate-commons-annotations\7.0.3.Final\hibernate-commons-annotations-7.0.3.Final.jar;C:\Users\dushy\.m2\repository\io\smallrye\jandex\3.2.0\jandex-3.2.0.jar;C:\Users\dushy\.m2\repository\net\bytebuddy\byte-buddy\1.15.10\byte-buddy-1.15.10.jar;C:\Users\dushy\.m2\repository\org\glassfish\jaxb\jaxb-runtime\4.0.5\jaxb-runtime-4.0.5.jar;C:\Users\dushy\.m2\repository\org\glassfish\jaxb\jaxb-core\4.0.5\jaxb-core-4.0.5.jar;C:\Users\dushy\.m2\repository\org\eclipse\angus\angus-activation\2.0.2\angus-activation-2.0.2.jar;C:\Users\dushy\.m2\repository\org\glassfish\jaxb\txw2\4.0.5\txw2-4.0.5.jar;C:\Users\dushy\.m2\repository\com\sun\istack\istack-commons-runtime\4.1.2\istack-commons-runtime-4.1.2.jar;C:\Users\dushy\.m2\repository\jakarta\inject\jakarta.inject-api\2.0.1\jakarta.inject-api-2.0.1.jar;C:\Users\dushy\.m2\repository\org\antlr\antlr4-runtime\4.13.0\antlr4-runtime-4.13.0.jar;C:\Users\dushy\.m2\repository\org\springframework\data\spring-data-jpa\3.4.0\spring-data-jpa-3.4.0.jar;C:\Users\dushy\.m2\repository\org\springframework\data\spring-data-commons\3.4.0\spring-data-commons-3.4.0.jar;C:\Users\dushy\.m2\repository\org\springframework\spring-orm\6.2.0\spring-orm-6.2.0.jar;C:\Users\dushy\.m2\repository\org\springframework\spring-context\6.2.0\spring-context-6.2.0.jar;C:\Users\dushy\.m2\repository\org\springframework\spring-aop\6.2.0\spring-aop-6.2.0.jar;C:\Users\dushy\.m2\repository\org\springframework\spring-tx\6.2.0\spring-tx-6.2.0.jar;C:\Users\dushy\.m2\repository\org\springframework\spring-beans\6.2.0\spring-beans-6.2.0.jar;C:\Users\dushy\.m2\repository\org\slf4j\slf4j-api\2.0.16\slf4j-api-2.0.16.jar;C:\Users\dushy\.m2\repository\org\springframework\spring-aspects\6.2.0\spring-aspects-6.2.0.jar;C:\Users\dushy\.m2\repository\org\aspectj\aspectjweaver\1.9.22.1\aspectjweaver-1.9.22.1.jar;C:\Users\dushy\.m2\repository\org\springframework\boot\spring-boot-starter-web\3.4.0\spring-boot-starter-web-3.4.0.jar;C:\Users\dushy\.m2\repository\org\springframework\boot\spring-boot-starter-json\3.4.0\spring-boot-starter-json-3.4.0.jar;C:\Users\dushy\.m2\repository\com\fasterxml\jackson\core\jackson-databind\2.18.1\jackson-databind-2.18.1.jar;C:\Users\dushy\.m2\repository\com\fasterxml\jackson\core\jackson-annotations\2.18.1\jackson-annotations-2.18.1.jar;C:\Users\dushy\.m2\repository\com\fasterxml\jackson\core\jackson-core\2.18.1\jackson-core-2.18.1.jar;C:\Users\dushy\.m2\repository\com\fasterxml\jackson\datatype\jackson-datatype-jdk8\2.18.1\jackson-datatype-jdk8-2.18.1.jar;C:\Users\dushy\.m2\repository\com\fasterxml\jackson\datatype\jackson-datatype-jsr310\2.18.1\jackson-datatype-jsr310-2.18.1.jar;C:\Users\dushy\.m2\repository\com\fasterxml\jackson\module\jackson-module-parameter-names\2.18.1\jackson-module-parameter-names-2.18.1.jar;C:\Users\dushy\.m2\repository\org\springframework\boot\spring-boot-starter-tomcat\3.4.0\spring-boot-starter-tomcat-3.4.0.jar;C:\Users\dushy\.m2\repository\org\apache\tomcat\embed\tomcat-embed-core\10.1.33\tomcat-embed-core-10.1.33.jar;C:\Users\dushy\.m2\repository\org\apache\tomcat\embed\tomcat-embed-el\10.1.33\tomcat-embed-el-10.1.33.jar;C:\Users\dushy\.m2\repository\org\apache\tomcat\embed\tomcat-embed-websocket\10.1.33\tomcat-embed-websocket-10.1.33.jar;C:\Users\dushy\.m2\repository\org\springframework\spring-web\6.2.0\spring-web-6.2.0.jar;C:\Users\dushy\.m2\repository\io\micrometer\micrometer-observation\1.14.1\micrometer-observation-1.14.1.jar;C:\Users\dushy\.m2\repository\io\micrometer\micrometer-commons\1.14.1\micrometer-commons-1.14.1.jar;C:\Users\dushy\.m2\repository\org\springframework\spring-webmvc\6.2.0\spring-webmvc-6.2.0.jar;C:\Users\dushy\.m2\repository\org\springframework\spring-expression\6.2.0\spring-expression-6.2.0.jar;C:\Users\dushy\.m2\repository\jakarta\validation\jakarta.validation-api\3.0.2\jakarta.validation-api-3.0.2.jar;C:\Users\dushy\.m2\repository\org\hibernate\validator\hibernate-validator\8.0.1.Final\hibernate-validator-8.0.1.Final.jar;C:\Users\dushy\.m2\repository\org\jboss\logging\jboss-logging\3.6.1.Final\jboss-logging-3.6.1.Final.jar;C:\Users\dushy\.m2\repository\com\fasterxml\classmate\1.7.0\classmate-1.7.0.jar;C:\Users\dushy\.m2\repository\org\springframework\boot\spring-boot-devtools\3.4.0\spring-boot-devtools-3.4.0.jar;C:\Users\dushy\.m2\repository\org\springframework\boot\spring-boot\3.4.0\spring-boot-3.4.0.jar;C:\Users\dushy\.m2\repository\org\springframework\boot\spring-boot-autoconfigure\3.4.0\spring-boot-autoconfigure-3.4.0.jar;C:\Users\dushy\.m2\repository\com\mysql\mysql-connector-j\9.1.0\mysql-connector-j-9.1.0.jar;C:\Users\dushy\.m2\repository\jakarta\xml\bind\jakarta.xml.bind-api\4.0.2\jakarta.xml.bind-api-4.0.2.jar;C:\Users\dushy\.m2\repository\jakarta\activation\jakarta.activation-api\2.1.3\jakarta.activation-api-2.1.3.jar;C:\Users\dushy\.m2\repository\org\springframework\spring-core\6.2.0\spring-core-6.2.0.jar;C:\Users\dushy\.m2\repository\org\springframework\spring-jcl\6.2.0\spring-jcl-6.2.0.jar
Launcher Type: SUN_STANDARD

[Global flags]
     intx CICompilerCount                          = 4                                         {product} {ergonomic}
     uint ConcGCThreads                            = 2                                         {product} {ergonomic}
     uint G1ConcRefinementThreads                  = 8                                         {product} {ergonomic}
   size_t G1HeapRegionSize                         = 1048576                                   {product} {ergonomic}
   size_t InitialHeapSize                          = 132120576                                 {product} {ergonomic}
   size_t MarkStackSize                            = 4194304                                   {product} {ergonomic}
   size_t MaxHeapSize                              = 2105540608                                {product} {ergonomic}
   size_t MaxNewSize                               = 1262485504                                {product} {ergonomic}
   size_t MinHeapDeltaBytes                        = 1048576                                   {product} {ergonomic}
   size_t MinHeapSize                              = 8388608                                   {product} {ergonomic}
    uintx NonNMethodCodeHeapSize                   = 5839372                                {pd product} {ergonomic}
    uintx NonProfiledCodeHeapSize                  = 122909434                              {pd product} {ergonomic}
    uintx ProfiledCodeHeapSize                     = 122909434                              {pd product} {ergonomic}
    uintx ReservedCodeCacheSize                    = 251658240                              {pd product} {ergonomic}
     bool SegmentedCodeCache                       = true                                      {product} {ergonomic}
   size_t SoftMaxHeapSize                          = 2105540608                             {manageable} {ergonomic}
     bool UseCompressedOops                        = true                           {product lp64_product} {ergonomic}
     bool UseG1GC                                  = true                                      {product} {ergonomic}
     bool UseLargePagesIndividualAllocation        = false                                  {pd product} {ergonomic}

Logging:
Log output configuration:
 #0: stdout all=warning uptime,level,tags foldmultilines=false
 #1: stderr all=off uptime,level,tags foldmultilines=false

Environment Variables:
CLASSPATH=C:\mysql-connector-j-9.0.0.jar
PATH=C:\Python312\Scripts\;C:\Python312\;C:\Program Files\Common Files\Oracle\Java\javapath;C:\oraclexe\app\oracle\product\11.2.0\server\bin;C:\WINDOWS\system32;C:\WINDOWS;C:\WINDOWS\System32\Wbem;C:\WINDOWS\System32\WindowsPowerShell\v1.0\;C:\WINDOWS\System32\OpenSSH\;C:\Program Files (x86)\NVIDIA Corporation\PhysX\Common;C:\ProgramData\chocolatey\bin;C:\Program Files (x86)\Yarn\bin\;C:\RailsInstaller\;C:\Program Files\dotnet\;C:\Program Files\Git\cmd;C:\Program Files\nodejs\;C:\Users\dushy\AppData\Local\Microsoft\WindowsApps;C:\Program Files\Java\jdk-20\bin;C:\Users\dushy\AppData\Local\Yarn\bin;C:\php-8.3.6;C:\Users\dushy\AppData\Local\Microsoft\WinGet\Packages\Schniz.fnm_Microsoft.Winget.Source_8wekyb3d8bbwe;C:\Users\dushy\AppData\Roaming\npm;C:\Users\dushy\AppData\Local\Programs\Microsoft VS Code\bin;C:\mysql-connector-j-9.0.0.jar;
USERNAME=dushy
OS=Windows_NT
PROCESSOR_IDENTIFIER=Intel64 Family 6 Model 165 Stepping 2, GenuineIntel
TMP=C:\Users\dushy\AppData\Local\Temp
TEMP=C:\Users\dushy\AppData\Local\Temp




Periodic native trim disabled

---------------  S Y S T E M  ---------------

OS:
 Windows 11 , 64 bit Build 22621 (10.0.22621.4391)
OS uptime: 2 days 7:28 hours
Hyper-V role detected

CPU: total 8 (initial active 8) (4 cores per cpu, 2 threads per core) family 6 model 165 stepping 2 microcode 0xe0, cx8, cmov, fxsr, ht, mmx, 3dnowpref, sse, sse2, sse3, ssse3, sse4.1, sse4.2, popcnt, lzcnt, tsc, tscinvbit, avx, avx2, aes, erms, clmul, bmi1, bmi2, adx, fma, vzeroupper, clflush, clflushopt, hv, rdtscp, f16c
Processor Information for all 8 processors :
  Max Mhz: 2496, Current Mhz: 2496, Mhz Limit: 2496

Memory: 4k page, system-wide physical 8029M (468M free)
TotalPageFile size 27921M (AvailPageFile size 4M)
current process WorkingSet (physical memory assigned to process): 231M, peak: 231M
current process commit charge ("private bytes"): 267M, peak: 272M

vm_info: OpenJDK 64-Bit Server VM (22.0.2+9-70) for windows-amd64 JRE (22.0.2+9-70), built on 2024-06-04T16:52:23Z by "mach5one" with MS VC++ 17.6 (VS2022)

END.
