#
# There is insufficient memory for the Java Runtime Environment to continue.
# Native memory allocation (malloc) failed to allocate 32744 bytes. Error detail: Chunk::new
# Possible reasons:
#   The system is out of physical RAM or swap space
#   This process is running with CompressedOops enabled, and the Java Heap may be blocking the growth of the native heap
# Possible solutions:
#   Reduce memory load on the system
#   Increase physical memory or swap space
#   Check if swap backing store is full
#   Decrease Java heap size (-Xmx/-Xms)
#   Decrease number of Java threads
#   Decrease Java thread stack sizes (-Xss)
#   Set larger code cache with -XX:ReservedCodeCacheSize=
#   JVM is running with Unscaled Compressed Oops mode in which the Java heap is
#     placed in the first 4GB address space. The Java Heap base address is the
#     maximum limit for the native heap growth. Please use -XX:HeapBaseMinAddress
#     to set the Java Heap base and to place the Java Heap above 4GB virtual address.
# This output file may be truncated or incomplete.
#
#  Out of Memory Error (arena.cpp:150), pid=8716, tid=23148
#
# JRE version: OpenJDK Runtime Environment (22.0.2+9) (build 22.0.2+9-70)
# Java VM: OpenJDK 64-Bit Server VM (22.0.2+9-70, mixed mode, sharing, tiered, compressed oops, compressed class ptrs, g1 gc, windows-amd64)
# No core dump will be written. Minidumps are not enabled by default on client versions of Windows
#

---------------  S U M M A R Y ------------

Command Line: -javaagent:C:\Program Files\JetBrains\IntelliJ IDEA Community Edition 2023.3.3\lib\idea_rt.jar=54880:C:\Program Files\JetBrains\IntelliJ IDEA Community Edition 2023.3.3\bin -Dfile.encoding=UTF-8 -Dsun.stdout.encoding=UTF-8 -Dsun.stderr.encoding=UTF-8 com.modulobytes.hrms_modulobytes.HrmsModulobytesApplication

Host: Intel(R) Core(TM) i5-10300H CPU @ 2.50GHz, 8 cores, 7G,  Windows 11 , 64 bit Build 22621 (10.0.22621.4391)
Time: Wed Dec 11 17:09:17 2024 India Standard Time elapsed time: 25.958362 seconds (0d 0h 0m 25s)

---------------  T H R E A D  ---------------

Current thread (0x0000018d7bda8610):  JavaThread "C2 CompilerThread0" daemon [_thread_in_native, id=23148, stack(0x0000006161b00000,0x0000006161c00000) (1024K)]


Current CompileTask:
C2:25958 5567       4       org.springframework.beans.factory.support.AbstractBeanFactory::isTypeMatch (745 bytes)

Stack: [0x0000006161b00000,0x0000006161c00000]
Native frames: (J=compiled Java code, j=interpreted, Vv=VM code, C=native code)
V  [jvm.dll+0x6e26e9]  (no source info available)
V  [jvm.dll+0x875753]  (no source info available)
V  [jvm.dll+0x877b7e]  (no source info available)
V  [jvm.dll+0x878253]  (no source info available)
V  [jvm.dll+0x27fc86]  (no source info available)
V  [jvm.dll+0xc3d0f]  (no source info available)
V  [jvm.dll+0xc40fb]  (no source info available)
V  [jvm.dll+0xc3bbb]  (no source info available)
V  [jvm.dll+0x6bd990]  (no source info available)
V  [jvm.dll+0x6bdadf]  (no source info available)
V  [jvm.dll+0x6f7734]  (no source info available)
V  [jvm.dll+0x6fcc3d]  (no source info available)
V  [jvm.dll+0x6f543f]  (no source info available)
V  [jvm.dll+0x6f49f7]  (no source info available)
V  [jvm.dll+0x6f2bd4]  (no source info available)
V  [jvm.dll+0x1c7e9c]  (no source info available)
V  [jvm.dll+0x1c8a1b]  (no source info available)
V  [jvm.dll+0x2f2e8f]  (no source info available)
V  [jvm.dll+0x6fd0f7]  (no source info available)
V  [jvm.dll+0x6f543f]  (no source info available)
V  [jvm.dll+0x6f49f7]  (no source info available)
V  [jvm.dll+0x6f2bd4]  (no source info available)
V  [jvm.dll+0x1c7e9c]  (no source info available)
V  [jvm.dll+0x2f2e8f]  (no source info available)
V  [jvm.dll+0x6fd0f7]  (no source info available)
V  [jvm.dll+0x6f543f]  (no source info available)
V  [jvm.dll+0x6f49f7]  (no source info available)
V  [jvm.dll+0x6f2bd4]  (no source info available)
V  [jvm.dll+0x1c7e9c]  (no source info available)
V  [jvm.dll+0x2f2e8f]  (no source info available)
V  [jvm.dll+0x6fd0f7]  (no source info available)
V  [jvm.dll+0x6f543f]  (no source info available)
V  [jvm.dll+0x6f49f7]  (no source info available)
V  [jvm.dll+0x6f2bd4]  (no source info available)
V  [jvm.dll+0x1c7e9c]  (no source info available)
V  [jvm.dll+0x2f2e8f]  (no source info available)
V  [jvm.dll+0x6fd0f7]  (no source info available)
V  [jvm.dll+0x6f543f]  (no source info available)
V  [jvm.dll+0x6f49f7]  (no source info available)
V  [jvm.dll+0x6f2bd4]  (no source info available)
V  [jvm.dll+0x1c7e9c]  (no source info available)
V  [jvm.dll+0x1c8a1b]  (no source info available)
V  [jvm.dll+0x2f2e8f]  (no source info available)
V  [jvm.dll+0x6fd0f7]  (no source info available)
V  [jvm.dll+0x6f543f]  (no source info available)
V  [jvm.dll+0x6f49f7]  (no source info available)
V  [jvm.dll+0x6f2bd4]  (no source info available)
V  [jvm.dll+0x1c7e9c]  (no source info available)
V  [jvm.dll+0x1c8a1b]  (no source info available)
V  [jvm.dll+0x2f2e8f]  (no source info available)
V  [jvm.dll+0x6fd0f7]  (no source info available)
V  [jvm.dll+0x6f543f]  (no source info available)
V  [jvm.dll+0x6f49f7]  (no source info available)
V  [jvm.dll+0x6f2bd4]  (no source info available)
V  [jvm.dll+0x1c7e9c]  (no source info available)
V  [jvm.dll+0x2f2e8f]  (no source info available)
V  [jvm.dll+0x6fd0f7]  (no source info available)
V  [jvm.dll+0x6f543f]  (no source info available)
V  [jvm.dll+0x6f49f7]  (no source info available)
V  [jvm.dll+0x6f2bd4]  (no source info available)
V  [jvm.dll+0x1c7e9c]  (no source info available)
V  [jvm.dll+0x2f2e8f]  (no source info available)
V  [jvm.dll+0x6fd0f7]  (no source info available)
V  [jvm.dll+0x6f543f]  (no source info available)
V  [jvm.dll+0x6f49f7]  (no source info available)
V  [jvm.dll+0x6f2bd4]  (no source info available)
V  [jvm.dll+0x1c7e9c]  (no source info available)
V  [jvm.dll+0x1c8a1b]  (no source info available)
V  [jvm.dll+0x1c8a1b]  (no source info available)
V  [jvm.dll+0x1c895d]  (no source info available)
V  [jvm.dll+0x2f2e8f]  (no source info available)
V  [jvm.dll+0x6fd0f7]  (no source info available)
V  [jvm.dll+0x6f543f]  (no source info available)
V  [jvm.dll+0x6f49f7]  (no source info available)
V  [jvm.dll+0x6f2bd4]  (no source info available)
V  [jvm.dll+0x1c7e9c]  (no source info available)
V  [jvm.dll+0x1c8a1b]  (no source info available)
V  [jvm.dll+0x2f2e8f]  (no source info available)
V  [jvm.dll+0x6fd0f7]  (no source info available)
V  [jvm.dll+0x6f543f]  (no source info available)
V  [jvm.dll+0x6f49f7]  (no source info available)
V  [jvm.dll+0x6f2bd4]  (no source info available)
V  [jvm.dll+0x1c7e9c]  (no source info available)
V  [jvm.dll+0x246b0b]  (no source info available)
V  [jvm.dll+0x1c4e80]  (no source info available)
V  [jvm.dll+0x2568f3]  (no source info available)
V  [jvm.dll+0x254baa]  (no source info available)
V  [jvm.dll+0x3f57a6]  (no source info available)
V  [jvm.dll+0x81dc0b]  (no source info available)
V  [jvm.dll+0x6e0d85]  (no source info available)
C  [ucrtbase.dll+0x29333]  (no source info available)
C  [KERNEL32.DLL+0x1259d]  (no source info available)
C  [ntdll.dll+0x5af38]  (no source info available)


---------------  P R O C E S S  ---------------

Threads class SMR info:
_java_thread_list=0x0000018d47be7370, length=32, elements={
0x0000018d7bd86e20, 0x0000018d7bd87f60, 0x0000018d7bd8c050, 0x0000018d7bd8e7d0,
0x0000018d7bd8f660, 0x0000018d7bd91220, 0x0000018d7bda8610, 0x0000018d7bd93cb0,
0x0000018d451f32e0, 0x0000018d451f18a0, 0x0000018d451f1210, 0x0000018d451f0b80,
0x0000018d451f25c0, 0x0000018d451f2c50, 0x0000018d48ea5090, 0x0000018d48ea5db0,
0x0000018d48ea3650, 0x0000018d48ea7160, 0x0000018d48ea6ad0, 0x0000018d48ea77f0,
0x0000018d48ea6440, 0x0000018d48ea8510, 0x0000018d48ea3ce0, 0x0000018d48ea4370,
0x0000018d48ea7e80, 0x0000018d48ea8ba0, 0x0000018d48ea9230, 0x0000018d48ea98c0,
0x0000018d48ea9f50, 0x0000018d48ea4a00, 0x0000018d48ea2fc0, 0x0000018d452f7230
}

Java Threads: ( => current thread )
  0x0000018d7bd86e20 JavaThread "Reference Handler"          daemon [_thread_blocked, id=16680, stack(0x0000006161500000,0x0000006161600000) (1024K)]
  0x0000018d7bd87f60 JavaThread "Finalizer"                  daemon [_thread_blocked, id=22360, stack(0x0000006161600000,0x0000006161700000) (1024K)]
  0x0000018d7bd8c050 JavaThread "Signal Dispatcher"          daemon [_thread_blocked, id=24168, stack(0x0000006161700000,0x0000006161800000) (1024K)]
  0x0000018d7bd8e7d0 JavaThread "Attach Listener"            daemon [_thread_blocked, id=21940, stack(0x0000006161800000,0x0000006161900000) (1024K)]
  0x0000018d7bd8f660 JavaThread "Service Thread"             daemon [_thread_blocked, id=12324, stack(0x0000006161900000,0x0000006161a00000) (1024K)]
  0x0000018d7bd91220 JavaThread "Monitor Deflation Thread"   daemon [_thread_blocked, id=24460, stack(0x0000006161a00000,0x0000006161b00000) (1024K)]
=>0x0000018d7bda8610 JavaThread "C2 CompilerThread0"         daemon [_thread_in_native, id=23148, stack(0x0000006161b00000,0x0000006161c00000) (1024K)]
  0x0000018d7bd93cb0 JavaThread "C1 CompilerThread0"         daemon [_thread_blocked, id=19996, stack(0x0000006161c00000,0x0000006161d00000) (1024K)]
  0x0000018d451f32e0 JavaThread "Common-Cleaner"             daemon [_thread_blocked, id=16272, stack(0x0000006161d00000,0x0000006161e00000) (1024K)]
  0x0000018d451f18a0 JavaThread "Monitor Ctrl-Break"         daemon [_thread_in_native, id=16468, stack(0x0000006161f00000,0x0000006162000000) (1024K)]
  0x0000018d451f1210 JavaThread "Notification Thread"        daemon [_thread_blocked, id=22724, stack(0x0000006162000000,0x0000006162100000) (1024K)]
  0x0000018d451f0b80 JavaThread "Catalina-utility-1"                [_thread_blocked, id=26756, stack(0x0000006162800000,0x0000006162900000) (1024K)]
  0x0000018d451f25c0 JavaThread "Catalina-utility-2"                [_thread_blocked, id=19068, stack(0x0000006162c00000,0x0000006162d00000) (1024K)]
  0x0000018d451f2c50 JavaThread "container-0"                       [_thread_blocked, id=12988, stack(0x0000006162d00000,0x0000006162e00000) (1024K)]
  0x0000018d48ea5090 JavaThread "mysql-cj-abandoned-connection-cleanup" daemon [_thread_blocked, id=20424, stack(0x0000006162e00000,0x0000006162f00000) (1024K)]
  0x0000018d48ea5db0 JavaThread "test housekeeper"           daemon [_thread_blocked, id=6312, stack(0x0000006163000000,0x0000006163100000) (1024K)]
  0x0000018d48ea3650 JavaThread "File Watcher"               daemon [_thread_blocked, id=5824, stack(0x0000006163200000,0x0000006163300000) (1024K)]
  0x0000018d48ea7160 JavaThread "Live Reload Server"         daemon [_thread_in_native, id=16708, stack(0x0000006163400000,0x0000006163500000) (1024K)]
  0x0000018d48ea6ad0 JavaThread "http-nio-3000-exec-1"       daemon [_thread_blocked, id=20972, stack(0x0000006163300000,0x0000006163400000) (1024K)]
  0x0000018d48ea77f0 JavaThread "http-nio-3000-exec-2"       daemon [_thread_in_native, id=12168, stack(0x0000006163500000,0x0000006163600000) (1024K)]
  0x0000018d48ea6440 JavaThread "http-nio-3000-exec-3"       daemon [_thread_blocked, id=19260, stack(0x0000006163600000,0x0000006163700000) (1024K)]
  0x0000018d48ea8510 JavaThread "http-nio-3000-exec-4"       daemon [_thread_blocked, id=24516, stack(0x0000006163700000,0x0000006163800000) (1024K)]
  0x0000018d48ea3ce0 JavaThread "http-nio-3000-exec-5"       daemon [_thread_blocked, id=22764, stack(0x0000006163800000,0x0000006163900000) (1024K)]
  0x0000018d48ea4370 JavaThread "http-nio-3000-exec-6"       daemon [_thread_blocked, id=17976, stack(0x0000006163900000,0x0000006163a00000) (1024K)]
  0x0000018d48ea7e80 JavaThread "http-nio-3000-exec-7"       daemon [_thread_blocked, id=15052, stack(0x0000006163a00000,0x0000006163b00000) (1024K)]
  0x0000018d48ea8ba0 JavaThread "http-nio-3000-exec-8"       daemon [_thread_blocked, id=18152, stack(0x0000006163b00000,0x0000006163c00000) (1024K)]
  0x0000018d48ea9230 JavaThread "http-nio-3000-exec-9"       daemon [_thread_blocked, id=5568, stack(0x0000006163c00000,0x0000006163d00000) (1024K)]
  0x0000018d48ea98c0 JavaThread "http-nio-3000-exec-10"      daemon [_thread_blocked, id=22588, stack(0x0000006163d00000,0x0000006163e00000) (1024K)]
  0x0000018d48ea9f50 JavaThread "http-nio-3000-Poller"       daemon [_thread_in_native, id=10372, stack(0x0000006163e00000,0x0000006163f00000) (1024K)]
  0x0000018d48ea4a00 JavaThread "http-nio-3000-Acceptor"     daemon [_thread_in_native, id=7468, stack(0x0000006163f00000,0x0000006164000000) (1024K)]
  0x0000018d48ea2fc0 JavaThread "DestroyJavaVM"                     [_thread_blocked, id=27008, stack(0x0000006160d00000,0x0000006160e00000) (1024K)]
  0x0000018d452f7230 JavaThread "C2 CompilerThread1"         daemon [_thread_in_native, id=25704, stack(0x0000006161e00000,0x0000006161f00000) (1024K)]
Total: 32

Other Threads:
  0x0000018d7bd680d0 VMThread "VM Thread"                           [id=12028, stack(0x0000006161400000,0x0000006161500000) (1024K)]
  0x0000018d7bd4e480 WatcherThread "VM Periodic Task Thread"        [id=18952, stack(0x0000006161300000,0x0000006161400000) (1024K)]
  0x0000018d5f5ecbf0 WorkerThread "GC Thread#0"                     [id=27520, stack(0x0000006160e00000,0x0000006160f00000) (1024K)]
  0x0000018d45e9e460 WorkerThread "GC Thread#1"                     [id=17588, stack(0x0000006162300000,0x0000006162400000) (1024K)]
  0x0000018d45e9e810 WorkerThread "GC Thread#2"                     [id=4744, stack(0x0000006162400000,0x0000006162500000) (1024K)]
  0x0000018d4581bed0 WorkerThread "GC Thread#3"                     [id=22960, stack(0x0000006162500000,0x0000006162600000) (1024K)]
  0x0000018d4581c280 WorkerThread "GC Thread#4"                     [id=25320, stack(0x0000006162600000,0x0000006162700000) (1024K)]
  0x0000018d4581c630 WorkerThread "GC Thread#5"                     [id=792, stack(0x0000006162700000,0x0000006162800000) (1024K)]
  0x0000018d463dba40 WorkerThread "GC Thread#6"                     [id=23660, stack(0x0000006162900000,0x0000006162a00000) (1024K)]
  0x0000018d463dc200 WorkerThread "GC Thread#7"                     [id=25140, stack(0x0000006162a00000,0x0000006162b00000) (1024K)]
  0x0000018d5f5fdea0 ConcurrentGCThread "G1 Main Marker"            [id=22032, stack(0x0000006160f00000,0x0000006161000000) (1024K)]
  0x0000018d5f5ff150 WorkerThread "G1 Conc#0"                       [id=12720, stack(0x0000006161000000,0x0000006161100000) (1024K)]
  0x0000018d467a5b90 WorkerThread "G1 Conc#1"                       [id=26188, stack(0x0000006162b00000,0x0000006162c00000) (1024K)]
  0x0000018d7bc1c540 ConcurrentGCThread "G1 Refine#0"               [id=17656, stack(0x0000006161100000,0x0000006161200000) (1024K)]
  0x0000018d7bc1ced0 ConcurrentGCThread "G1 Service"                [id=10392, stack(0x0000006161200000,0x0000006161300000) (1024K)]
Total: 15

Threads with active compile tasks:
C2 CompilerThread0  26104 5567       4       org.springframework.beans.factory.support.AbstractBeanFactory::isTypeMatch (745 bytes)
C2 CompilerThread1  26104 5572       4       java.util.Properties$LineReader::readLine (584 bytes)
Total: 2

VM state: not at safepoint (normal execution)

VM Mutex/Monitor currently owned by a thread: None

Heap address: 0x0000000082800000, size: 2008 MB, Compressed Oops mode: 32-bit

CDS archive(s) mapped at: [0x0000018d00000000-0x0000018d00c60000-0x0000018d00c60000), size 12976128, SharedBaseAddress: 0x0000018d00000000, ArchiveRelocationMode: 1.
Compressed class space mapped at: 0x0000018d01000000-0x0000018d41000000, reserved size: 1073741824
Narrow klass base: 0x0000018d00000000, Narrow klass shift: 0, Narrow klass range: 0x41000000

GC Precious Log:
 CardTable entry size: 512
 Card Set container configuration: InlinePtr #cards 5 size 8 Array Of Cards #cards 12 size 40 Howl #buckets 4 coarsen threshold 1843 Howl Bitmap #cards 512 size 80 coarsen threshold 460 Card regions per heap region 1 cards per card region 2048
 CPUs: 8 total, 8 available
 Memory: 8029M
 Large Page Support: Disabled
 NUMA Support: Disabled
 Compressed Oops: Enabled (32-bit)
 Heap Region Size: 1M
 Heap Min Capacity: 8M
 Heap Initial Capacity: 126M
 Heap Max Capacity: 2008M
 Pre-touch: Disabled
 Parallel Workers: 8
 Concurrent Workers: 2
 Concurrent Refinement Workers: 8
 Periodic GC: Disabled

Heap:
 garbage-first heap   total reserved 2056192K, committed 58368K, used 30245K [0x0000000082800000, 0x0000000100000000)
  region size 1024K, 4 young (4096K), 3 survivors (3072K)
 Metaspace       used 65700K, committed 66368K, reserved 1114112K
  class space    used 9139K, committed 9408K, reserved 1048576K

Heap Regions: E=young(eden), S=young(survivor), O=old, HS=humongous(starts), HC=humongous(continues), CS=collection set, F=free, TAMS=top-at-mark-start, PB=parsable bottom
|   0|0x0000000082800000, 0x0000000082900000, 0x0000000082900000|100%|HS|  |TAMS 0x0000000082900000| PB 0x0000000082800000| Complete |  0
|   1|0x0000000082900000, 0x0000000082a00000, 0x0000000082a00000|100%|HS|  |TAMS 0x0000000082a00000| PB 0x0000000082900000| Complete |  0
|   2|0x0000000082a00000, 0x0000000082b00000, 0x0000000082b00000|100%| O|  |TAMS 0x0000000082b00000| PB 0x0000000082a00000| Untracked |  0
|   3|0x0000000082b00000, 0x0000000082c00000, 0x0000000082c00000|100%| O|  |TAMS 0x0000000082c00000| PB 0x0000000082b00000| Untracked |  0
|   4|0x0000000082c00000, 0x0000000082d00000, 0x0000000082d00000|100%| O|  |TAMS 0x0000000082d00000| PB 0x0000000082c00000| Untracked |  0
|   5|0x0000000082d00000, 0x0000000082e00000, 0x0000000082e00000|100%| O|  |TAMS 0x0000000082e00000| PB 0x0000000082d00000| Untracked |  0
|   6|0x0000000082e00000, 0x0000000082f00000, 0x0000000082f00000|100%| O|  |TAMS 0x0000000082f00000| PB 0x0000000082e00000| Untracked |  0
|   7|0x0000000082f00000, 0x0000000083000000, 0x0000000083000000|100%| O|  |TAMS 0x0000000083000000| PB 0x0000000082f00000| Untracked |  0
|   8|0x0000000083000000, 0x0000000083100000, 0x0000000083100000|100%| O|  |TAMS 0x0000000083100000| PB 0x0000000083000000| Untracked |  0
|   9|0x0000000083100000, 0x0000000083200000, 0x0000000083200000|100%| O|  |TAMS 0x0000000083200000| PB 0x0000000083100000| Untracked |  0
|  10|0x0000000083200000, 0x0000000083300000, 0x0000000083300000|100%| O|  |TAMS 0x0000000083300000| PB 0x0000000083200000| Untracked |  0
|  11|0x0000000083300000, 0x0000000083400000, 0x0000000083400000|100%| O|  |TAMS 0x0000000083400000| PB 0x0000000083300000| Untracked |  0
|  12|0x0000000083400000, 0x0000000083500000, 0x0000000083500000|100%| O|  |TAMS 0x0000000083500000| PB 0x0000000083400000| Untracked |  0
|  13|0x0000000083500000, 0x0000000083600000, 0x0000000083600000|100%| O|  |TAMS 0x0000000083600000| PB 0x0000000083500000| Untracked |  0
|  14|0x0000000083600000, 0x0000000083700000, 0x0000000083700000|100%| O|  |TAMS 0x0000000083700000| PB 0x0000000083600000| Untracked |  0
|  15|0x0000000083700000, 0x0000000083800000, 0x0000000083800000|100%| O|  |TAMS 0x0000000083800000| PB 0x0000000083700000| Untracked |  0
|  16|0x0000000083800000, 0x0000000083900000, 0x0000000083900000|100%| O|  |TAMS 0x0000000083900000| PB 0x0000000083800000| Untracked |  0
|  17|0x0000000083900000, 0x0000000083a00000, 0x0000000083a00000|100%| O|  |TAMS 0x0000000083a00000| PB 0x0000000083900000| Untracked |  0
|  18|0x0000000083a00000, 0x0000000083a00000, 0x0000000083b00000|  0%| F|  |TAMS 0x0000000083a00000| PB 0x0000000083a00000| Untracked |  0
|  19|0x0000000083b00000, 0x0000000083c00000, 0x0000000083c00000|100%| O|  |TAMS 0x0000000083c00000| PB 0x0000000083b00000| Untracked |  0
|  20|0x0000000083c00000, 0x0000000083d00000, 0x0000000083d00000|100%| O|  |TAMS 0x0000000083d00000| PB 0x0000000083c00000| Untracked |  0
|  21|0x0000000083d00000, 0x0000000083e00000, 0x0000000083e00000|100%| O|  |TAMS 0x0000000083e00000| PB 0x0000000083d00000| Untracked |  0
|  22|0x0000000083e00000, 0x0000000083f00000, 0x0000000083f00000|100%| O|  |TAMS 0x0000000083f00000| PB 0x0000000083e00000| Untracked |  0
|  23|0x0000000083f00000, 0x0000000084000000, 0x0000000084000000|100%| O|  |TAMS 0x0000000084000000| PB 0x0000000083f00000| Untracked |  0
|  24|0x0000000084000000, 0x0000000084100000, 0x0000000084100000|100%| O|  |TAMS 0x0000000084100000| PB 0x0000000084000000| Untracked |  0
|  25|0x0000000084100000, 0x0000000084200000, 0x0000000084200000|100%| O|  |TAMS 0x0000000084200000| PB 0x0000000084100000| Untracked |  0
|  26|0x0000000084200000, 0x0000000084300000, 0x0000000084300000|100%| O|  |TAMS 0x0000000084300000| PB 0x0000000084200000| Untracked |  0
|  27|0x0000000084300000, 0x00000000843897b8, 0x0000000084400000| 53%| O|  |TAMS 0x0000000084325990| PB 0x0000000084300000| Untracked |  0
|  28|0x0000000084400000, 0x0000000084400000, 0x0000000084500000|  0%| F|  |TAMS 0x0000000084400000| PB 0x0000000084400000| Untracked |  0
|  29|0x0000000084500000, 0x0000000084500000, 0x0000000084600000|  0%| F|  |TAMS 0x0000000084500000| PB 0x0000000084500000| Untracked |  0
|  30|0x0000000084600000, 0x0000000084600000, 0x0000000084700000|  0%| F|  |TAMS 0x0000000084600000| PB 0x0000000084600000| Untracked |  0
|  31|0x0000000084700000, 0x0000000084800000, 0x0000000084800000|100%| S|CS|TAMS 0x0000000084700000| PB 0x0000000084700000| Complete |  0
|  32|0x0000000084800000, 0x0000000084800000, 0x0000000084900000|  0%| F|  |TAMS 0x0000000084800000| PB 0x0000000084800000| Untracked |  0
|  33|0x0000000084900000, 0x0000000084900000, 0x0000000084a00000|  0%| F|  |TAMS 0x0000000084900000| PB 0x0000000084900000| Untracked |  0
|  34|0x0000000084a00000, 0x0000000084b00000, 0x0000000084b00000|100%| S|CS|TAMS 0x0000000084a00000| PB 0x0000000084a00000| Complete |  0
|  35|0x0000000084b00000, 0x0000000084c00000, 0x0000000084c00000|100%| S|CS|TAMS 0x0000000084b00000| PB 0x0000000084b00000| Complete |  0
|  36|0x0000000084c00000, 0x0000000084c00000, 0x0000000084d00000|  0%| F|  |TAMS 0x0000000084c00000| PB 0x0000000084c00000| Untracked |  0
|  37|0x0000000084d00000, 0x0000000084d00000, 0x0000000084e00000|  0%| F|  |TAMS 0x0000000084d00000| PB 0x0000000084d00000| Untracked |  0
|  38|0x0000000084e00000, 0x0000000084e00000, 0x0000000084f00000|  0%| F|  |TAMS 0x0000000084e00000| PB 0x0000000084e00000| Untracked |  0
|  39|0x0000000084f00000, 0x0000000084f00000, 0x0000000085000000|  0%| F|  |TAMS 0x0000000084f00000| PB 0x0000000084f00000| Untracked |  0
|  40|0x0000000085000000, 0x0000000085000000, 0x0000000085100000|  0%| F|  |TAMS 0x0000000085000000| PB 0x0000000085000000| Untracked |  0
|  41|0x0000000085100000, 0x0000000085100000, 0x0000000085200000|  0%| F|  |TAMS 0x0000000085100000| PB 0x0000000085100000| Untracked |  0
|  42|0x0000000085200000, 0x0000000085200000, 0x0000000085300000|  0%| F|  |TAMS 0x0000000085200000| PB 0x0000000085200000| Untracked |  0
|  43|0x0000000085300000, 0x0000000085300000, 0x0000000085400000|  0%| F|  |TAMS 0x0000000085300000| PB 0x0000000085300000| Untracked |  0
|  44|0x0000000085400000, 0x0000000085400000, 0x0000000085500000|  0%| F|  |TAMS 0x0000000085400000| PB 0x0000000085400000| Untracked |  0
|  45|0x0000000085500000, 0x0000000085500000, 0x0000000085600000|  0%| F|  |TAMS 0x0000000085500000| PB 0x0000000085500000| Untracked |  0
|  46|0x0000000085600000, 0x0000000085600000, 0x0000000085700000|  0%| F|  |TAMS 0x0000000085600000| PB 0x0000000085600000| Untracked |  0
|  47|0x0000000085700000, 0x0000000085700000, 0x0000000085800000|  0%| F|  |TAMS 0x0000000085700000| PB 0x0000000085700000| Untracked |  0
|  48|0x0000000085800000, 0x0000000085800000, 0x0000000085900000|  0%| F|  |TAMS 0x0000000085800000| PB 0x0000000085800000| Untracked |  0
|  49|0x0000000085900000, 0x0000000085900000, 0x0000000085a00000|  0%| F|  |TAMS 0x0000000085900000| PB 0x0000000085900000| Untracked |  0
|  93|0x0000000088500000, 0x0000000088500000, 0x0000000088600000|  0%| F|  |TAMS 0x0000000088500000| PB 0x0000000088500000| Untracked |  0
|  94|0x0000000088600000, 0x0000000088600000, 0x0000000088700000|  0%| F|  |TAMS 0x0000000088600000| PB 0x0000000088600000| Untracked |  0
|  95|0x0000000088700000, 0x0000000088700000, 0x0000000088800000|  0%| F|  |TAMS 0x0000000088700000| PB 0x0000000088700000| Untracked |  0
|  96|0x0000000088800000, 0x0000000088800000, 0x0000000088900000|  0%| F|  |TAMS 0x0000000088800000| PB 0x0000000088800000| Untracked |  0
|  97|0x0000000088900000, 0x0000000088900000, 0x0000000088a00000|  0%| F|  |TAMS 0x0000000088900000| PB 0x0000000088900000| Untracked |  0
|  98|0x0000000088a00000, 0x0000000088a00000, 0x0000000088b00000|  0%| F|  |TAMS 0x0000000088a00000| PB 0x0000000088a00000| Untracked |  0
| 125|0x000000008a500000, 0x000000008a5247e8, 0x000000008a600000| 14%| E|  |TAMS 0x000000008a500000| PB 0x000000008a500000| Complete |  0

Card table byte_map: [0x0000018d76ff0000,0x0000018d773e0000] _byte_map_base: 0x0000018d76bdc000

Marking Bits: (CMBitMap*) 0x0000018d5f5ed300
 Bits: [0x0000018d773e0000, 0x0000018d79340000)

Polling page: 0x0000018d5ed50000

Metaspace:

Usage:
  Non-class:     55.24 MB used.
      Class:      8.93 MB used.
       Both:     64.16 MB used.

Virtual space:
  Non-class space:       64.00 MB reserved,      55.62 MB ( 87%) committed,  1 nodes.
      Class space:        1.00 GB reserved,       9.19 MB ( <1%) committed,  1 nodes.
             Both:        1.06 GB reserved,      64.81 MB (  6%) committed. 

Chunk freelists:
   Non-Class:  8.32 MB
       Class:  6.76 MB
        Both:  15.08 MB

MaxMetaspaceSize: unlimited
CompressedClassSpaceSize: 1.00 GB
Initial GC threshold: 21.00 MB
Current GC threshold: 94.38 MB
CDS: on
 - commit_granule_bytes: 65536.
 - commit_granule_words: 8192.
 - virtual_space_node_default_size: 8388608.
 - enlarge_chunks_in_place: 1.
 - use_allocation_guard: 0.


Internal statistics:

num_allocs_failed_limit: 8.
num_arena_births: 974.
num_arena_deaths: 0.
num_vsnodes_births: 2.
num_vsnodes_deaths: 0.
num_space_committed: 1037.
num_space_uncommitted: 0.
num_chunks_returned_to_freelist: 8.
num_chunks_taken_from_freelist: 3357.
num_chunk_merges: 8.
num_chunk_splits: 2405.
num_chunks_enlarged: 1858.
num_inconsistent_stats: 0.

CodeHeap 'non-profiled nmethods': size=120000Kb used=3289Kb max_used=3289Kb free=116710Kb
 bounds [0x0000018d6f3a0000, 0x0000018d6f6e0000, 0x0000018d768d0000]
CodeHeap 'profiled nmethods': size=120000Kb used=9407Kb max_used=9407Kb free=110592Kb
 bounds [0x0000018d678d0000, 0x0000018d68210000, 0x0000018d6ee00000]
CodeHeap 'non-nmethods': size=5760Kb used=1685Kb max_used=1727Kb free=4074Kb
 bounds [0x0000018d6ee00000, 0x0000018d6f070000, 0x0000018d6f3a0000]
 total_blobs=5665 nmethods=4948 adapters=621
 compilation: enabled
              stopped_count=0, restarted_count=0
 full_count=0

Compilation events (20 events):
Event: 25.839 Thread 0x0000018d7bda8610 nmethod 5562 0x0000018d6f478e10 code [0x0000018d6f478fa0, 0x0000018d6f4790a8]
Event: 25.869 Thread 0x0000018d7bd93cb0 5563       3       java.nio.Buffer::rewind (12 bytes)
Event: 25.870 Thread 0x0000018d7bd93cb0 nmethod 5563 0x0000018d681d2310 code [0x0000018d681d24a0, 0x0000018d681d25c0]
Event: 25.877 Thread 0x0000018d7bda8610 5564 %     4       java.util.Properties$LineReader::readLine @ 293 (584 bytes)
Event: 25.884 Thread 0x0000018d7bd93cb0 5565       3       java.lang.invoke.BoundMethodHandle$Species_LL::speciesData (4 bytes)
Event: 25.884 Thread 0x0000018d7bd93cb0 nmethod 5565 0x0000018d681d2690 code [0x0000018d681d2820, 0x0000018d681d2938]
Event: 25.888 Thread 0x0000018d7bd93cb0 5568       3       org.springframework.core.OrderComparator::getOrder (111 bytes)
Event: 25.889 Thread 0x0000018d7bd93cb0 nmethod 5568 0x0000018d681d2a10 code [0x0000018d681d2c40, 0x0000018d681d33c8]
Event: 25.926 Thread 0x0000018d7bda8610 nmethod 5564% 0x0000018d6f595510 code [0x0000018d6f595800, 0x0000018d6f597038]
Event: 25.926 Thread 0x0000018d7bda8610 5567       4       org.springframework.beans.factory.support.AbstractBeanFactory::isTypeMatch (745 bytes)
Event: 25.926 Thread 0x0000018d452f7230 5566   !   4       org.springframework.beans.factory.support.DefaultSingletonBeanRegistry::getSingleton (181 bytes)
Event: 25.934 Thread 0x0000018d7bd93cb0 5571       3       java.lang.invoke.MethodHandles$Lookup::findVirtual (91 bytes)
Event: 25.936 Thread 0x0000018d7bd93cb0 nmethod 5571 0x0000018d681d3610 code [0x0000018d681d38c0, 0x0000018d681d4430]
Event: 25.948 Thread 0x0000018d452f7230 nmethod 5566 0x0000018d6f593690 code [0x0000018d6f593980, 0x0000018d6f594958]
Event: 25.948 Thread 0x0000018d452f7230 5572       4       java.util.Properties$LineReader::readLine (584 bytes)
Event: 25.952 Thread 0x0000018d7bd93cb0 5573   !   3       org.springframework.core.annotation.AnnotationTypeMappings::addIfPossible (68 bytes)
Event: 25.953 Thread 0x0000018d7bd93cb0 nmethod 5573 0x0000018d681d4910 code [0x0000018d681d4bc0, 0x0000018d681d5a90]
Event: 25.953 Thread 0x0000018d7bd93cb0 5575       3       org.springframework.core.annotation.AnnotationTypeMapping::processAliases (70 bytes)
Event: 25.954 Thread 0x0000018d7bd93cb0 nmethod 5575 0x0000018d681d6010 code [0x0000018d681d6260, 0x0000018d681d6dc0]
Event: 25.954 Thread 0x0000018d7bd93cb0 5574       3       org.springframework.core.annotation.AnnotationTypeMapping::<init> (191 bytes)

GC Heap History (20 events):
Event: 2.165 GC heap before
{Heap before GC invocations=5 (full 0):
 garbage-first heap   total reserved 2056192K, committed 48128K, used 37700K [0x0000000082800000, 0x0000000100000000)
  region size 1024K, 25 young (25600K), 3 survivors (3072K)
 Metaspace       used 27611K, committed 28096K, reserved 1114112K
  class space    used 3545K, committed 3776K, reserved 1048576K
}
Event: 2.168 GC heap after
{Heap after GC invocations=6 (full 0):
 garbage-first heap   total reserved 2056192K, committed 48128K, used 16704K [0x0000000082800000, 0x0000000100000000)
  region size 1024K, 2 young (2048K), 2 survivors (2048K)
 Metaspace       used 27611K, committed 28096K, reserved 1114112K
  class space    used 3545K, committed 3776K, reserved 1048576K
}
Event: 2.592 GC heap before
{Heap before GC invocations=6 (full 0):
 garbage-first heap   total reserved 2056192K, committed 48128K, used 39232K [0x0000000082800000, 0x0000000100000000)
  region size 1024K, 24 young (24576K), 2 survivors (2048K)
 Metaspace       used 31727K, committed 32192K, reserved 1114112K
  class space    used 4130K, committed 4352K, reserved 1048576K
}
Event: 2.596 GC heap after
{Heap after GC invocations=7 (full 0):
 garbage-first heap   total reserved 2056192K, committed 48128K, used 19227K [0x0000000082800000, 0x0000000100000000)
  region size 1024K, 3 young (3072K), 3 survivors (3072K)
 Metaspace       used 31727K, committed 32192K, reserved 1114112K
  class space    used 4130K, committed 4352K, reserved 1048576K
}
Event: 2.966 GC heap before
{Heap before GC invocations=7 (full 0):
 garbage-first heap   total reserved 2056192K, committed 48128K, used 39707K [0x0000000082800000, 0x0000000100000000)
  region size 1024K, 23 young (23552K), 3 survivors (3072K)
 Metaspace       used 35422K, committed 35968K, reserved 1114112K
  class space    used 4637K, committed 4864K, reserved 1048576K
}
Event: 2.969 GC heap after
{Heap after GC invocations=8 (full 0):
 garbage-first heap   total reserved 2056192K, committed 48128K, used 20583K [0x0000000082800000, 0x0000000100000000)
  region size 1024K, 2 young (2048K), 2 survivors (2048K)
 Metaspace       used 35422K, committed 35968K, reserved 1114112K
  class space    used 4637K, committed 4864K, reserved 1048576K
}
Event: 2.973 GC heap before
{Heap before GC invocations=8 (full 0):
 garbage-first heap   total reserved 2056192K, committed 48128K, used 20583K [0x0000000082800000, 0x0000000100000000)
  region size 1024K, 3 young (3072K), 2 survivors (2048K)
 Metaspace       used 35477K, committed 35968K, reserved 1114112K
  class space    used 4646K, committed 4864K, reserved 1048576K
}
Event: 2.975 GC heap after
{Heap after GC invocations=9 (full 0):
 garbage-first heap   total reserved 2056192K, committed 48128K, used 20424K [0x0000000082800000, 0x0000000100000000)
  region size 1024K, 2 young (2048K), 2 survivors (2048K)
 Metaspace       used 35477K, committed 35968K, reserved 1114112K
  class space    used 4646K, committed 4864K, reserved 1048576K
}
Event: 3.361 GC heap before
{Heap before GC invocations=10 (full 0):
 garbage-first heap   total reserved 2056192K, committed 48128K, used 41928K [0x0000000082800000, 0x0000000100000000)
  region size 1024K, 23 young (23552K), 2 survivors (2048K)
 Metaspace       used 41469K, committed 42048K, reserved 1114112K
  class space    used 5562K, committed 5824K, reserved 1048576K
}
Event: 3.363 GC heap after
{Heap after GC invocations=11 (full 0):
 garbage-first heap   total reserved 2056192K, committed 48128K, used 22006K [0x0000000082800000, 0x0000000100000000)
  region size 1024K, 3 young (3072K), 3 survivors (3072K)
 Metaspace       used 41469K, committed 42048K, reserved 1114112K
  class space    used 5562K, committed 5824K, reserved 1048576K
}
Event: 3.691 GC heap before
{Heap before GC invocations=11 (full 0):
 garbage-first heap   total reserved 2056192K, committed 48128K, used 41462K [0x0000000082800000, 0x0000000100000000)
  region size 1024K, 22 young (22528K), 3 survivors (3072K)
 Metaspace       used 46476K, committed 47040K, reserved 1114112K
  class space    used 6251K, committed 6464K, reserved 1048576K
}
Event: 3.695 GC heap after
{Heap after GC invocations=12 (full 0):
 garbage-first heap   total reserved 2056192K, committed 48128K, used 23250K [0x0000000082800000, 0x0000000100000000)
  region size 1024K, 3 young (3072K), 3 survivors (3072K)
 Metaspace       used 46476K, committed 47040K, reserved 1114112K
  class space    used 6251K, committed 6464K, reserved 1048576K
}
Event: 4.152 GC heap before
{Heap before GC invocations=12 (full 0):
 garbage-first heap   total reserved 2056192K, committed 48128K, used 40658K [0x0000000082800000, 0x0000000100000000)
  region size 1024K, 21 young (21504K), 3 survivors (3072K)
 Metaspace       used 52599K, committed 53184K, reserved 1114112K
  class space    used 7189K, committed 7424K, reserved 1048576K
}
Event: 4.154 GC heap after
{Heap after GC invocations=13 (full 0):
 garbage-first heap   total reserved 2056192K, committed 48128K, used 24979K [0x0000000082800000, 0x0000000100000000)
  region size 1024K, 2 young (2048K), 2 survivors (2048K)
 Metaspace       used 52599K, committed 53184K, reserved 1114112K
  class space    used 7189K, committed 7424K, reserved 1048576K
}
Event: 4.472 GC heap before
{Heap before GC invocations=13 (full 0):
 garbage-first heap   total reserved 2056192K, committed 48128K, used 42387K [0x0000000082800000, 0x0000000100000000)
  region size 1024K, 19 young (19456K), 2 survivors (2048K)
 Metaspace       used 57339K, committed 57920K, reserved 1114112K
  class space    used 7943K, committed 8192K, reserved 1048576K
}
Event: 4.474 GC heap after
{Heap after GC invocations=14 (full 0):
 garbage-first heap   total reserved 2056192K, committed 48128K, used 25777K [0x0000000082800000, 0x0000000100000000)
  region size 1024K, 3 young (3072K), 3 survivors (3072K)
 Metaspace       used 57339K, committed 57920K, reserved 1114112K
  class space    used 7943K, committed 8192K, reserved 1048576K
}
Event: 4.745 GC heap before
{Heap before GC invocations=15 (full 0):
 garbage-first heap   total reserved 2056192K, committed 48128K, used 40113K [0x0000000082800000, 0x0000000100000000)
  region size 1024K, 18 young (18432K), 3 survivors (3072K)
 Metaspace       used 60151K, committed 60800K, reserved 1114112K
  class space    used 8359K, committed 8640K, reserved 1048576K
}
Event: 4.748 GC heap after
{Heap after GC invocations=16 (full 0):
 garbage-first heap   total reserved 2056192K, committed 48128K, used 27301K [0x0000000082800000, 0x0000000100000000)
  region size 1024K, 3 young (3072K), 3 survivors (3072K)
 Metaspace       used 60151K, committed 60800K, reserved 1114112K
  class space    used 8359K, committed 8640K, reserved 1048576K
}
Event: 4.976 GC heap before
{Heap before GC invocations=16 (full 0):
 garbage-first heap   total reserved 2056192K, committed 48128K, used 40613K [0x0000000082800000, 0x0000000100000000)
  region size 1024K, 16 young (16384K), 3 survivors (3072K)
 Metaspace       used 62075K, committed 62784K, reserved 1114112K
  class space    used 8631K, committed 8960K, reserved 1048576K
}
Event: 4.980 GC heap after
{Heap after GC invocations=17 (full 0):
 garbage-first heap   total reserved 2056192K, committed 58368K, used 28434K [0x0000000082800000, 0x0000000100000000)
  region size 1024K, 2 young (2048K), 2 survivors (2048K)
 Metaspace       used 62075K, committed 62784K, reserved 1114112K
  class space    used 8631K, committed 8960K, reserved 1048576K
}

Dll operation events (15 events):
Event: 0.013 Loaded shared library C:\Users\dushy\.jdks\openjdk-22.0.2\bin\java.dll
Event: 0.044 Loaded shared library C:\Users\dushy\.jdks\openjdk-22.0.2\bin\jsvml.dll
Event: 0.133 Loaded shared library C:\Users\dushy\.jdks\openjdk-22.0.2\bin\zip.dll
Event: 0.139 Loaded shared library C:\Users\dushy\.jdks\openjdk-22.0.2\bin\instrument.dll
Event: 0.146 Loaded shared library C:\Users\dushy\.jdks\openjdk-22.0.2\bin\net.dll
Event: 0.148 Loaded shared library C:\Users\dushy\.jdks\openjdk-22.0.2\bin\nio.dll
Event: 0.153 Loaded shared library C:\Users\dushy\.jdks\openjdk-22.0.2\bin\zip.dll
Event: 0.235 Loaded shared library C:\Program Files\JetBrains\IntelliJ IDEA Community Edition 2023.3.3\bin\breakgen64.dll
Event: 0.243 Loaded shared library C:\Users\dushy\.jdks\openjdk-22.0.2\bin\extnet.dll
Event: 0.279 Loaded shared library C:\Users\dushy\.jdks\openjdk-22.0.2\bin\jimage.dll
Event: 0.521 Loaded shared library C:\Users\dushy\.jdks\openjdk-22.0.2\bin\management.dll
Event: 0.522 Loaded shared library C:\Users\dushy\.jdks\openjdk-22.0.2\bin\management_ext.dll
Event: 0.960 Loaded shared library C:\Users\dushy\.jdks\openjdk-22.0.2\bin\le.dll
Event: 1.526 Loaded shared library C:\Users\dushy\.jdks\openjdk-22.0.2\bin\sunmscapi.dll
Event: 3.121 Loaded shared library C:\Users\dushy\.jdks\openjdk-22.0.2\bin\verify.dll

Deoptimization events (20 events):
Event: 5.182 Thread 0x0000018d451f04f0 Uncommon trap: trap_request=0xffffff45 fr.pc=0x0000018d6f41c790 relative=0x0000000000000070
Event: 5.182 Thread 0x0000018d451f04f0 Uncommon trap: reason=unstable_if action=reinterpret pc=0x0000018d6f41c790 method=org.springframework.util.ConcurrentReferenceHashMap$Segment.clear()V @ 7 c2
Event: 5.182 Thread 0x0000018d451f04f0 DEOPT PACKING pc=0x0000018d6f41c790 sp=0x00000061622fee50
Event: 5.182 Thread 0x0000018d451f04f0 DEOPT UNPACKING pc=0x0000018d6ee546a2 sp=0x00000061622fede0 mode 2
Event: 5.184 Thread 0x0000018d451f04f0 Uncommon trap: trap_request=0xffffff45 fr.pc=0x0000018d6f441250 relative=0x0000000000000110
Event: 5.184 Thread 0x0000018d451f04f0 Uncommon trap: reason=unstable_if action=reinterpret pc=0x0000018d6f441250 method=java.lang.ref.ReferenceQueue.poll()Ljava/lang/ref/Reference; @ 4 c2
Event: 5.184 Thread 0x0000018d451f04f0 DEOPT PACKING pc=0x0000018d6f441250 sp=0x00000061622feb70
Event: 5.184 Thread 0x0000018d451f04f0 DEOPT UNPACKING pc=0x0000018d6ee546a2 sp=0x00000061622fea38 mode 2
Event: 25.788 Thread 0x0000018d48ea6ad0 Uncommon trap: trap_request=0xffffffc6 fr.pc=0x0000018d6f64e148 relative=0x0000000000001188
Event: 25.788 Thread 0x0000018d48ea6ad0 Uncommon trap: reason=bimorphic_or_optimized_type_check action=maybe_recompile pc=0x0000018d6f64e148 method=java.util.concurrent.ConcurrentHashMap.putVal(Ljava/lang/Object;Ljava/lang/Object;Z)Ljava/lang/Object; @ 242 c2
Event: 25.788 Thread 0x0000018d48ea6ad0 DEOPT PACKING pc=0x0000018d6f64e148 sp=0x00000061633fe240
Event: 25.788 Thread 0x0000018d48ea6ad0 DEOPT UNPACKING pc=0x0000018d6ee546a2 sp=0x00000061633fe1d0 mode 2
Event: 25.952 Thread 0x0000018d48ea77f0 Uncommon trap: trap_request=0xffffffde fr.pc=0x0000018d6f6968ac relative=0x00000000000039ec
Event: 25.952 Thread 0x0000018d48ea77f0 Uncommon trap: reason=class_check action=maybe_recompile pc=0x0000018d6f6968ac method=org.springframework.core.annotation.AnnotationsScanner.processMethodHierarchy(Ljava/lang/Object;[ILjava/lang/Class;Lorg/springframework/core/annotation/AnnotationsProces
Event: 25.952 Thread 0x0000018d48ea77f0 DEOPT PACKING pc=0x0000018d6f6968ac sp=0x00000061635fd1b0
Event: 25.952 Thread 0x0000018d48ea77f0 DEOPT UNPACKING pc=0x0000018d6ee546a2 sp=0x00000061635fd1d8 mode 2
Event: 25.952 Thread 0x0000018d48ea77f0 Uncommon trap: trap_request=0xffffffc6 fr.pc=0x0000018d6f4f75dc relative=0x00000000000008fc
Event: 25.952 Thread 0x0000018d48ea77f0 Uncommon trap: reason=bimorphic_or_optimized_type_check action=maybe_recompile pc=0x0000018d6f4f75dc method=org.springframework.core.annotation.AnnotationsScanner.processMethodAnnotations(Ljava/lang/Object;ILjava/lang/reflect/Method;Lorg/springframework/c
Event: 25.952 Thread 0x0000018d48ea77f0 DEOPT PACKING pc=0x0000018d6f4f75dc sp=0x00000061635fd140
Event: 25.952 Thread 0x0000018d48ea77f0 DEOPT UNPACKING pc=0x0000018d6ee546a2 sp=0x00000061635fd128 mode 2

Classes loaded (20 events):
Event: 25.783 Loading class sun/nio/ch/SocketAdaptor
Event: 25.783 Loading class sun/nio/ch/SocketAdaptor done
Event: 25.784 Loading class sun/nio/ch/SocketChannelImpl$DefaultOptionsHolder
Event: 25.784 Loading class sun/nio/ch/SocketChannelImpl$DefaultOptionsHolder done
Event: 25.785 Loading class sun/nio/ch/SelectionKeyImpl
Event: 25.785 Loading class java/nio/channels/spi/AbstractSelectionKey
Event: 25.786 Loading class java/nio/channels/SelectionKey
Event: 25.786 Loading class java/nio/channels/SelectionKey done
Event: 25.786 Loading class java/nio/channels/spi/AbstractSelectionKey done
Event: 25.786 Loading class sun/nio/ch/SelectionKeyImpl done
Event: 25.786 Loading class java/lang/invoke/ConstantBootstraps
Event: 25.786 Loading class java/lang/invoke/ConstantBootstraps done
Event: 25.839 Loading class sun/nio/cs/ThreadLocalCoders
Event: 25.839 Loading class sun/nio/cs/ThreadLocalCoders done
Event: 25.839 Loading class sun/nio/cs/ThreadLocalCoders$1
Event: 25.840 Loading class sun/nio/cs/ThreadLocalCoders$Cache
Event: 25.840 Loading class sun/nio/cs/ThreadLocalCoders$Cache done
Event: 25.840 Loading class sun/nio/cs/ThreadLocalCoders$1 done
Event: 25.840 Loading class sun/nio/cs/ThreadLocalCoders$2
Event: 25.840 Loading class sun/nio/cs/ThreadLocalCoders$2 done

Classes unloaded (0 events):
No events

Classes redefined (0 events):
No events

Internal exceptions (20 events):
Event: 4.349 Thread 0x0000018d451f04f0 Exception <a 'java/lang/NoSuchMethodError'{0x0000000084a3c0a8}: 'java.lang.Object java.lang.invoke.DirectMethodHandle$Holder.invokeSpecial(java.lang.Object, java.lang.Object, java.lang.Object, java.lang.Object, java.lang.Object, java.lang.Object, java.lang.Object, java.lang.Object, int)'> (0x0000000084a3c0a8) 
thrown [s\open\src\hotspot\share\interpreter\linkResolver.cpp, line 774]
Event: 4.349 Thread 0x0000018d451f04f0 Exception <a 'java/lang/NoSuchMethodError'{0x0000000084a400d0}: 'java.lang.Object java.lang.invoke.Invokers$Holder.linkToTargetMethod(java.lang.Object, java.lang.Object, java.lang.Object, java.lang.Object, java.lang.Object, java.lang.Object, int, java.lang.Object)'> (0x0000000084a400d0) 
thrown [s\open\src\hotspot\share\interpreter\linkResolver.cpp, line 774]
Event: 4.361 Thread 0x0000018d451f04f0 Exception <a 'java/lang/NoSuchMethodError'{0x0000000084901af0}: 'void java.lang.invoke.DirectMethodHandle$Holder.invokeInterface(java.lang.Object, java.lang.Object)'> (0x0000000084901af0) 
thrown [s\open\src\hotspot\share\interpreter\linkResolver.cpp, line 774]
Event: 4.479 Thread 0x0000018d451f04f0 Exception <a 'java/lang/NoSuchMethodError'{0x000000008a522f90}: 'void java.lang.invoke.Invokers$Holder.invokeExact_MT(java.lang.Object, java.lang.Object, java.lang.Object, java.lang.Object)'> (0x000000008a522f90) 
thrown [s\open\src\hotspot\share\interpreter\linkResolver.cpp, line 774]
Event: 4.537 Thread 0x0000018d451f04f0 Implicit null exception at 0x0000018d6f65ad92 to 0x0000018d6f65cbcc
Event: 4.543 Thread 0x0000018d451f04f0 Exception <a 'java/lang/IncompatibleClassChangeError'{0x000000008873a128}: Found class java.lang.Object, but interface was expected> (0x000000008873a128) 
thrown [s\open\src\hotspot\share\interpreter\linkResolver.cpp, line 841]
Event: 4.571 Thread 0x0000018d451f04f0 Exception <a 'java/lang/IncompatibleClassChangeError'{0x00000000886bbc20}: Found class java.lang.Object, but interface was expected> (0x00000000886bbc20) 
thrown [s\open\src\hotspot\share\interpreter\linkResolver.cpp, line 841]
Event: 4.670 Thread 0x0000018d451f04f0 Exception <a 'java/lang/IncompatibleClassChangeError'{0x0000000084ba9c88}: Found class java.lang.Object, but interface was expected> (0x0000000084ba9c88) 
thrown [s\open\src\hotspot\share\interpreter\linkResolver.cpp, line 841]
Event: 4.734 Thread 0x0000018d451f04f0 Exception <a 'java/lang/IncompatibleClassChangeError'{0x000000008485a608}: Found class java.lang.Object, but interface was expected> (0x000000008485a608) 
thrown [s\open\src\hotspot\share\interpreter\linkResolver.cpp, line 841]
Event: 4.734 Thread 0x0000018d451f04f0 Exception <a 'java/lang/IncompatibleClassChangeError'{0x000000008485ff70}: Found class java.lang.Object, but interface was expected> (0x000000008485ff70) 
thrown [s\open\src\hotspot\share\interpreter\linkResolver.cpp, line 841]
Event: 4.807 Thread 0x0000018d451f04f0 Exception <a 'java/lang/NoSuchMethodError'{0x00000000889de390}: 'java.lang.Object java.lang.invoke.DirectMethodHandle$Holder.invokeInterface(java.lang.Object, java.lang.Object, java.lang.Object, java.lang.Object)'> (0x00000000889de390) 
thrown [s\open\src\hotspot\share\interpreter\linkResolver.cpp, line 774]
Event: 4.837 Thread 0x0000018d451f04f0 Exception <a 'java/lang/NoSuchMethodError'{0x00000000887b7c90}: 'java.lang.Object java.lang.invoke.DirectMethodHandle$Holder.newInvokeSpecial(java.lang.Object, java.lang.Object, java.lang.Object, java.lang.Object, java.lang.Object, java.lang.Object, java.lang.Object, java.lang.Object)'> (0x00000000887b7c90) 
thrown [s\open\src\hotspot\share\interpreter\linkResolver.cpp, line 774]
Event: 4.991 Thread 0x0000018d451f04f0 Exception <a 'java/lang/IncompatibleClassChangeError'{0x0000000088a133b0}: Found class java.lang.Object, but interface was expected> (0x0000000088a133b0) 
thrown [s\open\src\hotspot\share\interpreter\linkResolver.cpp, line 841]
Event: 5.023 Thread 0x0000018d451f04f0 Exception <a 'java/lang/NoSuchMethodError'{0x00000000889b1dc8}: 'void java.lang.invoke.DirectMethodHandle$Holder.invokeVirtual(java.lang.Object, java.lang.Object, long)'> (0x00000000889b1dc8) 
thrown [s\open\src\hotspot\share\interpreter\linkResolver.cpp, line 774]
Event: 5.063 Thread 0x0000018d451f04f0 Exception <a 'java/lang/NoSuchMethodError'{0x00000000887f8ce8}: 'int java.lang.invoke.DirectMethodHandle$Holder.invokeStaticInit(java.lang.Object, java.lang.Object, java.lang.Object, java.lang.Object)'> (0x00000000887f8ce8) 
thrown [s\open\src\hotspot\share\interpreter\linkResolver.cpp, line 774]
Event: 5.093 Thread 0x0000018d451f04f0 Exception <a 'java/lang/IncompatibleClassChangeError'{0x00000000885c0e18}: Found class java.lang.Object, but interface was expected> (0x00000000885c0e18) 
thrown [s\open\src\hotspot\share\interpreter\linkResolver.cpp, line 841]
Event: 5.119 Thread 0x0000018d451f04f0 Exception <a 'java/lang/NoSuchMethodError'{0x000000008581e978}: 'java.lang.Object java.lang.invoke.Invokers$Holder.invoke_MT(java.lang.Object, java.lang.Object, java.lang.Object, java.lang.Object, java.lang.Object, java.lang.Object, java.lang.Object, java.lang.Object, java.lang.Object, java.lang.Object, java.lang.Object)'> (0x000000008581e978) 
thrown [s\open\src\hotspot\share\interpreter\linkResolver.cpp, line 774]
Event: 5.185 Thread 0x0000018d451f04f0 Exception <a 'java/lang/NoSuchMethodError'{0x000000008556e7c8}: 'java.lang.Object java.lang.invoke.DirectMethodHandle$Holder.newInvokeSpecial(java.lang.Object, java.lang.Object, int, java.lang.Object, java.lang.Object)'> (0x000000008556e7c8) 
thrown [s\open\src\hotspot\share\interpreter\linkResolver.cpp, line 774]
Event: 25.834 Thread 0x0000018d48ea77f0 Exception <a 'java/lang/NoSuchMethodError'{0x000000008500c8c8}: 'java.lang.Object java.lang.invoke.DirectMethodHandle$Holder.invokeSpecial(java.lang.Object, java.lang.Object, java.lang.Object, java.lang.Object, java.lang.Object, long)'> (0x000000008500c8c8) 
thrown [s\open\src\hotspot\share\interpreter\linkResolver.cpp, line 774]
Event: 25.834 Thread 0x0000018d48ea77f0 Exception <a 'java/lang/NoSuchMethodError'{0x0000000085010098}: 'java.lang.Object java.lang.invoke.Invokers$Holder.linkToTargetMethod(java.lang.Object, java.lang.Object, java.lang.Object, long, java.lang.Object)'> (0x0000000085010098) 
thrown [s\open\src\hotspot\share\interpreter\linkResolver.cpp, line 774]

ZGC Phase Switch (0 events):
No events

VM Operations (20 events):
Event: 4.918 Executing VM operation: HandshakeAllThreads (Deoptimize)
Event: 4.918 Executing VM operation: HandshakeAllThreads (Deoptimize) done
Event: 4.918 Executing VM operation: HandshakeAllThreads (Deoptimize)
Event: 4.918 Executing VM operation: HandshakeAllThreads (Deoptimize) done
Event: 4.976 Executing VM operation: G1CollectForAllocation (G1 Evacuation Pause)
Event: 4.980 Executing VM operation: G1CollectForAllocation (G1 Evacuation Pause) done
Event: 5.041 Executing VM operation: HandshakeAllThreads (Deoptimize)
Event: 5.042 Executing VM operation: HandshakeAllThreads (Deoptimize) done
Event: 5.183 Executing VM operation: HandshakeAllThreads (Deoptimize)
Event: 5.183 Executing VM operation: HandshakeAllThreads (Deoptimize) done
Event: 6.192 Executing VM operation: Cleanup
Event: 6.193 Executing VM operation: Cleanup done
Event: 17.280 Executing VM operation: Cleanup
Event: 17.280 Executing VM operation: Cleanup done
Event: 23.341 Executing VM operation: Cleanup
Event: 23.341 Executing VM operation: Cleanup done
Event: 25.860 Executing VM operation: HandshakeAllThreads (Deoptimize)
Event: 25.860 Executing VM operation: HandshakeAllThreads (Deoptimize) done
Event: 25.860 Executing VM operation: Cleanup
Event: 25.860 Executing VM operation: Cleanup done

Memory protections (0 events):
No events

Nmethod flushes (20 events):
Event: 4.494 Thread 0x0000018d7bd680d0 flushing  nmethod 0x0000018d67c51690
Event: 4.494 Thread 0x0000018d7bd680d0 flushing  nmethod 0x0000018d67c55090
Event: 4.494 Thread 0x0000018d7bd680d0 flushing  nmethod 0x0000018d67c55e90
Event: 4.494 Thread 0x0000018d7bd680d0 flushing  nmethod 0x0000018d67d5a610
Event: 4.494 Thread 0x0000018d7bd680d0 flushing  nmethod 0x0000018d67dc9290
Event: 4.494 Thread 0x0000018d7bd680d0 flushing  nmethod 0x0000018d67dca090
Event: 4.494 Thread 0x0000018d7bd680d0 flushing  nmethod 0x0000018d67dca710
Event: 4.494 Thread 0x0000018d7bd680d0 flushing  nmethod 0x0000018d67dcd210
Event: 4.494 Thread 0x0000018d7bd680d0 flushing  nmethod 0x0000018d67dce010
Event: 4.494 Thread 0x0000018d7bd680d0 flushing  nmethod 0x0000018d67dce390
Event: 4.494 Thread 0x0000018d7bd680d0 flushing  nmethod 0x0000018d67e1f590
Event: 4.494 Thread 0x0000018d7bd680d0 flushing  nmethod 0x0000018d67e6fb10
Event: 4.494 Thread 0x0000018d7bd680d0 flushing  nmethod 0x0000018d67e6ff90
Event: 4.494 Thread 0x0000018d7bd680d0 flushing  nmethod 0x0000018d67e77d90
Event: 4.494 Thread 0x0000018d7bd680d0 flushing  nmethod 0x0000018d67e78910
Event: 4.494 Thread 0x0000018d7bd680d0 flushing  nmethod 0x0000018d67e80190
Event: 4.494 Thread 0x0000018d7bd680d0 flushing  nmethod 0x0000018d67e80690
Event: 4.494 Thread 0x0000018d7bd680d0 flushing  nmethod 0x0000018d67fd5190
Event: 4.494 Thread 0x0000018d7bd680d0 flushing  nmethod 0x0000018d67fda090
Event: 4.494 Thread 0x0000018d7bd680d0 flushing  nmethod 0x0000018d68085f10

Events (20 events):
Event: 5.172 Thread 0x0000018d451f04f0 Thread added: 0x0000018d48ea7160
Event: 5.192 Thread 0x0000018d451f04f0 Thread added: 0x0000018d48ea6ad0
Event: 5.192 Thread 0x0000018d451f04f0 Thread added: 0x0000018d48ea77f0
Event: 5.192 Thread 0x0000018d451f04f0 Thread added: 0x0000018d48ea6440
Event: 5.192 Thread 0x0000018d451f04f0 Thread added: 0x0000018d48ea8510
Event: 5.192 Thread 0x0000018d451f04f0 Thread added: 0x0000018d48ea3ce0
Event: 5.192 Thread 0x0000018d451f04f0 Thread added: 0x0000018d48ea4370
Event: 5.192 Thread 0x0000018d451f04f0 Thread added: 0x0000018d48ea7e80
Event: 5.192 Thread 0x0000018d451f04f0 Thread added: 0x0000018d48ea8ba0
Event: 5.192 Thread 0x0000018d451f04f0 Thread added: 0x0000018d48ea9230
Event: 5.192 Thread 0x0000018d451f04f0 Thread added: 0x0000018d48ea98c0
Event: 5.201 Thread 0x0000018d451f04f0 Thread added: 0x0000018d48ea9f50
Event: 5.202 Thread 0x0000018d451f04f0 Thread added: 0x0000018d48ea4a00
Event: 5.216 Thread 0x0000018d451f04f0 Thread exited: 0x0000018d451f04f0
Event: 5.220 Thread 0x0000018d451efe60 Thread exited: 0x0000018d451efe60
Event: 5.220 Thread 0x0000018d5f596450 Thread exited: 0x0000018d5f596450
Event: 5.220 Thread 0x0000018d48ea2fc0 Thread added: 0x0000018d48ea2fc0
Event: 6.209 Thread 0x0000018d452f7230 Thread exited: 0x0000018d452f7230
Event: 9.000 Thread 0x0000018d48ea5720 Thread exited: 0x0000018d48ea5720
Event: 25.926 Thread 0x0000018d7bda8610 Thread added: 0x0000018d452f7230


Dynamic libraries:
0x00007ff6db740000 - 0x00007ff6db74e000 	C:\Users\dushy\.jdks\openjdk-22.0.2\bin\java.exe
0x00007ff800cb0000 - 0x00007ff800ec7000 	C:\WINDOWS\SYSTEM32\ntdll.dll
0x00007fffff830000 - 0x00007fffff8f4000 	C:\WINDOWS\System32\KERNEL32.DLL
0x00007ffffe0e0000 - 0x00007ffffe499000 	C:\WINDOWS\System32\KERNELBASE.dll
0x00007ffffe890000 - 0x00007ffffe9a1000 	C:\WINDOWS\System32\ucrtbase.dll
0x00007ffff8b90000 - 0x00007ffff8ba7000 	C:\Users\dushy\.jdks\openjdk-22.0.2\bin\jli.dll
0x00007fffffe40000 - 0x00007ffffffee000 	C:\WINDOWS\System32\USER32.dll
0x00007ffffe010000 - 0x00007ffffe036000 	C:\WINDOWS\System32\win32u.dll
0x00007fffe5b80000 - 0x00007fffe5b9b000 	C:\Users\dushy\.jdks\openjdk-22.0.2\bin\VCRUNTIME140.dll
0x00007ff800b40000 - 0x00007ff800b69000 	C:\WINDOWS\System32\GDI32.dll
0x00007ffffe740000 - 0x00007ffffe85b000 	C:\WINDOWS\System32\gdi32full.dll
0x00007fffe9c60000 - 0x00007fffe9ef2000 	C:\WINDOWS\WinSxS\amd64_microsoft.windows.common-controls_6595b64144ccf1df_6.0.22621.4391_none_2715d37f73803e96\COMCTL32.dll
0x00007ffffe040000 - 0x00007ffffe0da000 	C:\WINDOWS\System32\msvcp_win.dll
0x00007ff8000f0000 - 0x00007ff800197000 	C:\WINDOWS\System32\msvcrt.dll
0x00007ff800c20000 - 0x00007ff800c51000 	C:\WINDOWS\System32\IMM32.DLL
0x00007ffff8d30000 - 0x00007ffff8d3c000 	C:\Users\dushy\.jdks\openjdk-22.0.2\bin\vcruntime140_1.dll
0x00007fffe2da0000 - 0x00007fffe2e2e000 	C:\Users\dushy\.jdks\openjdk-22.0.2\bin\msvcp140.dll
0x00007fff53640000 - 0x00007fff54389000 	C:\Users\dushy\.jdks\openjdk-22.0.2\bin\server\jvm.dll
0x00007ff8001b0000 - 0x00007ff800262000 	C:\WINDOWS\System32\ADVAPI32.dll
0x00007ff800b70000 - 0x00007ff800c17000 	C:\WINDOWS\System32\sechost.dll
0x00007ffffe860000 - 0x00007ffffe888000 	C:\WINDOWS\System32\bcrypt.dll
0x00007fffffb70000 - 0x00007fffffc84000 	C:\WINDOWS\System32\RPCRT4.dll
0x00007ff800070000 - 0x00007ff8000e1000 	C:\WINDOWS\System32\WS2_32.dll
0x00007ffffcdf0000 - 0x00007ffffce3d000 	C:\WINDOWS\SYSTEM32\POWRPROF.dll
0x00007ffff8a40000 - 0x00007ffff8a74000 	C:\WINDOWS\SYSTEM32\WINMM.dll
0x00007ffff9660000 - 0x00007ffff966a000 	C:\WINDOWS\SYSTEM32\VERSION.dll
0x00007ffffcdd0000 - 0x00007ffffcde3000 	C:\WINDOWS\SYSTEM32\UMPDC.dll
0x00007ffffd090000 - 0x00007ffffd0a8000 	C:\WINDOWS\SYSTEM32\kernel.appcore.dll
0x00007ffff8b80000 - 0x00007ffff8b8a000 	C:\Users\dushy\.jdks\openjdk-22.0.2\bin\jimage.dll
0x00007ffffb860000 - 0x00007ffffba92000 	C:\WINDOWS\SYSTEM32\DBGHELP.DLL
0x00007ffffeb20000 - 0x00007ffffeeaf000 	C:\WINDOWS\System32\combase.dll
0x00007ffffe9b0000 - 0x00007ffffea87000 	C:\WINDOWS\System32\OLEAUT32.dll
0x00007fffe3ae0000 - 0x00007fffe3b12000 	C:\WINDOWS\SYSTEM32\dbgcore.DLL
0x00007ffffdf90000 - 0x00007ffffe00b000 	C:\WINDOWS\System32\bcryptPrimitives.dll
0x00007ffff9340000 - 0x00007ffff934f000 	C:\Users\dushy\.jdks\openjdk-22.0.2\bin\instrument.dll
0x00007fffe5b60000 - 0x00007fffe5b7e000 	C:\Users\dushy\.jdks\openjdk-22.0.2\bin\java.dll
0x00007ff8002c0000 - 0x00007ff800b36000 	C:\WINDOWS\System32\SHELL32.dll
0x00007fffffc90000 - 0x00007fffffe35000 	C:\WINDOWS\System32\ole32.dll
0x00007ffffbea0000 - 0x00007ffffc7a3000 	C:\WINDOWS\SYSTEM32\windows.storage.dll
0x00007ffffbd60000 - 0x00007ffffbe9f000 	C:\WINDOWS\SYSTEM32\wintypes.dll
0x00007fffff570000 - 0x00007fffff669000 	C:\WINDOWS\System32\SHCORE.dll
0x00007fffff670000 - 0x00007fffff6ce000 	C:\WINDOWS\System32\shlwapi.dll
0x00007ffffded0000 - 0x00007ffffdefb000 	C:\WINDOWS\SYSTEM32\profapi.dll
0x00007fffd4a10000 - 0x00007fffd4ae7000 	C:\Users\dushy\.jdks\openjdk-22.0.2\bin\jsvml.dll
0x00007fffe4a70000 - 0x00007fffe4a87000 	C:\Users\dushy\.jdks\openjdk-22.0.2\bin\zip.dll
0x00007fffe5c80000 - 0x00007fffe5c90000 	C:\Users\dushy\.jdks\openjdk-22.0.2\bin\net.dll
0x00007ffffd500000 - 0x00007ffffd569000 	C:\WINDOWS\system32\mswsock.dll
0x00007fffe4a90000 - 0x00007fffe4aa6000 	C:\Users\dushy\.jdks\openjdk-22.0.2\bin\nio.dll
0x00007fffed580000 - 0x00007fffed59a000 	C:\Program Files\JetBrains\IntelliJ IDEA Community Edition 2023.3.3\bin\breakgen64.dll
0x00007fffe2d60000 - 0x00007fffe2d69000 	C:\Users\dushy\.jdks\openjdk-22.0.2\bin\extnet.dll
0x00007ffff9330000 - 0x00007ffff933a000 	C:\Users\dushy\.jdks\openjdk-22.0.2\bin\management.dll
0x00007ffff8b20000 - 0x00007ffff8b2b000 	C:\Users\dushy\.jdks\openjdk-22.0.2\bin\management_ext.dll
0x00007ff8001a0000 - 0x00007ff8001a8000 	C:\WINDOWS\System32\PSAPI.DLL
0x00007ffff01c0000 - 0x00007ffff01cb000 	C:\Users\dushy\.jdks\openjdk-22.0.2\bin\le.dll
0x00007fffe2d20000 - 0x00007fffe2d2e000 	C:\Users\dushy\.jdks\openjdk-22.0.2\bin\sunmscapi.dll
0x00007ffffe5d0000 - 0x00007ffffe736000 	C:\WINDOWS\System32\CRYPT32.dll
0x00007ffffd960000 - 0x00007ffffd98d000 	C:\WINDOWS\SYSTEM32\ncrypt.dll
0x00007ffffd920000 - 0x00007ffffd957000 	C:\WINDOWS\SYSTEM32\NTASN1.dll
0x00007ffffd710000 - 0x00007ffffd72b000 	C:\WINDOWS\SYSTEM32\CRYPTSP.dll
0x00007ffffcff0000 - 0x00007ffffd025000 	C:\WINDOWS\system32\rsaenh.dll
0x00007ffffd5b0000 - 0x00007ffffd5d8000 	C:\WINDOWS\SYSTEM32\USERENV.dll
0x00007ffffd730000 - 0x00007ffffd73c000 	C:\WINDOWS\SYSTEM32\CRYPTBASE.dll
0x00007ffffcac0000 - 0x00007ffffcaed000 	C:\WINDOWS\SYSTEM32\IPHLPAPI.DLL
0x00007ff800060000 - 0x00007ff800069000 	C:\WINDOWS\System32\NSI.dll
0x00007fffe2d00000 - 0x00007fffe2d10000 	C:\Users\dushy\.jdks\openjdk-22.0.2\bin\verify.dll
0x00007ffffcaf0000 - 0x00007ffffcbf2000 	C:\WINDOWS\SYSTEM32\DNSAPI.dll
0x000000005de30000 - 0x000000005de56000 	C:\Program Files\Bonjour\mdnsNSP.dll
0x00007fffefcf0000 - 0x00007fffefcfa000 	C:\Windows\System32\rasadhlp.dll
0x00007ffff5390000 - 0x00007ffff5413000 	C:\WINDOWS\System32\fwpuclnt.dll
0x00007fffe73a0000 - 0x00007fffe73a8000 	C:\WINDOWS\system32\wshunix.dll

dbghelp: loaded successfully - version: 4.0.5 - missing functions: none
symbol engine: initialized successfully - sym options: 0x614 - pdb path: .;C:\Users\dushy\.jdks\openjdk-22.0.2\bin;C:\WINDOWS\SYSTEM32;C:\WINDOWS\WinSxS\amd64_microsoft.windows.common-controls_6595b64144ccf1df_6.0.22621.4391_none_2715d37f73803e96;C:\Users\dushy\.jdks\openjdk-22.0.2\bin\server;C:\Program Files\JetBrains\IntelliJ IDEA Community Edition 2023.3.3\bin;C:\Program Files\Bonjour

VM Arguments:
jvm_args: -javaagent:C:\Program Files\JetBrains\IntelliJ IDEA Community Edition 2023.3.3\lib\idea_rt.jar=54880:C:\Program Files\JetBrains\IntelliJ IDEA Community Edition 2023.3.3\bin -Dfile.encoding=UTF-8 -Dsun.stdout.encoding=UTF-8 -Dsun.stderr.encoding=UTF-8 
java_command: com.modulobytes.hrms_modulobytes.HrmsModulobytesApplication
java_class_path (initial): F:\Modulobytes-Project\hrms-modulobytes\target\classes;C:\Users\dushy\.m2\repository\org\springframework\boot\spring-boot-starter-data-jpa\3.4.0\spring-boot-starter-data-jpa-3.4.0.jar;C:\Users\dushy\.m2\repository\org\springframework\boot\spring-boot-starter\3.4.0\spring-boot-starter-3.4.0.jar;C:\Users\dushy\.m2\repository\org\springframework\boot\spring-boot-starter-logging\3.4.0\spring-boot-starter-logging-3.4.0.jar;C:\Users\dushy\.m2\repository\ch\qos\logback\logback-classic\1.5.12\logback-classic-1.5.12.jar;C:\Users\dushy\.m2\repository\ch\qos\logback\logback-core\1.5.12\logback-core-1.5.12.jar;C:\Users\dushy\.m2\repository\org\apache\logging\log4j\log4j-to-slf4j\2.24.1\log4j-to-slf4j-2.24.1.jar;C:\Users\dushy\.m2\repository\org\apache\logging\log4j\log4j-api\2.24.1\log4j-api-2.24.1.jar;C:\Users\dushy\.m2\repository\org\slf4j\jul-to-slf4j\2.0.16\jul-to-slf4j-2.0.16.jar;C:\Users\dushy\.m2\repository\jakarta\annotation\jakarta.annotation-api\2.1.1\jakarta.annotation-api-2.1.1.jar;C:\Users\dushy\.m2\repository\org\yaml\snakeyaml\2.3\snakeyaml-2.3.jar;C:\Users\dushy\.m2\repository\org\springframework\boot\spring-boot-starter-jdbc\3.4.0\spring-boot-starter-jdbc-3.4.0.jar;C:\Users\dushy\.m2\repository\com\zaxxer\HikariCP\5.1.0\HikariCP-5.1.0.jar;C:\Users\dushy\.m2\repository\org\springframework\spring-jdbc\6.2.0\spring-jdbc-6.2.0.jar;C:\Users\dushy\.m2\repository\org\hibernate\orm\hibernate-core\6.6.2.Final\hibernate-core-6.6.2.Final.jar;C:\Users\dushy\.m2\repository\jakarta\persistence\jakarta.persistence-api\3.1.0\jakarta.persistence-api-3.1.0.jar;C:\Users\dushy\.m2\repository\jakarta\transaction\jakarta.transaction-api\2.0.1\jakarta.transaction-api-2.0.1.jar;C:\Users\dushy\.m2\repository\org\hibernate\common\hibernate-commons-annotations\7.0.3.Final\hibernate-commons-annotations-7.0.3.Final.jar;C:\Users\dushy\.m2\repository\io\smallrye\jandex\3.2.0\jandex-3.2.0.jar;C:\Users\dushy\.m2\repository\net\bytebuddy\byte-buddy\1.15.10\byte-buddy-1.15.10.jar;C:\Users\dushy\.m2\repository\org\glassfish\jaxb\jaxb-runtime\4.0.5\jaxb-runtime-4.0.5.jar;C:\Users\dushy\.m2\repository\org\glassfish\jaxb\jaxb-core\4.0.5\jaxb-core-4.0.5.jar;C:\Users\dushy\.m2\repository\org\eclipse\angus\angus-activation\2.0.2\angus-activation-2.0.2.jar;C:\Users\dushy\.m2\repository\org\glassfish\jaxb\txw2\4.0.5\txw2-4.0.5.jar;C:\Users\dushy\.m2\repository\com\sun\istack\istack-commons-runtime\4.1.2\istack-commons-runtime-4.1.2.jar;C:\Users\dushy\.m2\repository\jakarta\inject\jakarta.inject-api\2.0.1\jakarta.inject-api-2.0.1.jar;C:\Users\dushy\.m2\repository\org\antlr\antlr4-runtime\4.13.0\antlr4-runtime-4.13.0.jar;C:\Users\dushy\.m2\repository\org\springframework\data\spring-data-jpa\3.4.0\spring-data-jpa-3.4.0.jar;C:\Users\dushy\.m2\repository\org\springframework\data\spring-data-commons\3.4.0\spring-data-commons-3.4.0.jar;C:\Users\dushy\.m2\repository\org\springframework\spring-orm\6.2.0\spring-orm-6.2.0.jar;C:\Users\dushy\.m2\repository\org\springframework\spring-context\6.2.0\spring-context-6.2.0.jar;C:\Users\dushy\.m2\repository\org\springframework\spring-aop\6.2.0\spring-aop-6.2.0.jar;C:\Users\dushy\.m2\repository\org\springframework\spring-tx\6.2.0\spring-tx-6.2.0.jar;C:\Users\dushy\.m2\repository\org\springframework\spring-beans\6.2.0\spring-beans-6.2.0.jar;C:\Users\dushy\.m2\repository\org\slf4j\slf4j-api\2.0.16\slf4j-api-2.0.16.jar;C:\Users\dushy\.m2\repository\org\springframework\spring-aspects\6.2.0\spring-aspects-6.2.0.jar;C:\Users\dushy\.m2\repository\org\aspectj\aspectjweaver\1.9.22.1\aspectjweaver-1.9.22.1.jar;C:\Users\dushy\.m2\repository\org\springframework\boot\spring-boot-starter-web\3.4.0\spring-boot-starter-web-3.4.0.jar;C:\Users\dushy\.m2\repository\org\springframework\boot\spring-boot-starter-json\3.4.0\spring-boot-starter-json-3.4.0.jar;C:\Users\dushy\.m2\repository\com\fasterxml\jackson\core\jackson-databind\2.18.1\jackson-databind-2.18.1.jar;C:\Users\dushy\.m2\repository\com\fasterxml\jackson\core\jackson-annotations\2.18.1\jackson-annotations-2.18.1.jar;C:\Users\dushy\.m2\repository\com\fasterxml\jackson\core\jackson-core\2.18.1\jackson-core-2.18.1.jar;C:\Users\dushy\.m2\repository\com\fasterxml\jackson\datatype\jackson-datatype-jdk8\2.18.1\jackson-datatype-jdk8-2.18.1.jar;C:\Users\dushy\.m2\repository\com\fasterxml\jackson\datatype\jackson-datatype-jsr310\2.18.1\jackson-datatype-jsr310-2.18.1.jar;C:\Users\dushy\.m2\repository\com\fasterxml\jackson\module\jackson-module-parameter-names\2.18.1\jackson-module-parameter-names-2.18.1.jar;C:\Users\dushy\.m2\repository\org\springframework\boot\spring-boot-starter-tomcat\3.4.0\spring-boot-starter-tomcat-3.4.0.jar;C:\Users\dushy\.m2\repository\org\apache\tomcat\embed\tomcat-embed-core\10.1.33\tomcat-embed-core-10.1.33.jar;C:\Users\dushy\.m2\repository\org\apache\tomcat\embed\tomcat-embed-el\10.1.33\tomcat-embed-el-10.1.33.jar;C:\Users\dushy\.m2\repository\org\apache\tomcat\embed\tomcat-embed-websocket\10.1.33\tomcat-embed-websocket-10.1.33.jar;C:\Users\dushy\.m2\repository\org\springframework\spring-web\6.2.0\spring-web-6.2.0.jar;C:\Users\dushy\.m2\repository\io\micrometer\micrometer-observation\1.14.1\micrometer-observation-1.14.1.jar;C:\Users\dushy\.m2\repository\io\micrometer\micrometer-commons\1.14.1\micrometer-commons-1.14.1.jar;C:\Users\dushy\.m2\repository\org\springframework\spring-webmvc\6.2.0\spring-webmvc-6.2.0.jar;C:\Users\dushy\.m2\repository\org\springframework\spring-expression\6.2.0\spring-expression-6.2.0.jar;C:\Users\dushy\.m2\repository\jakarta\validation\jakarta.validation-api\3.0.2\jakarta.validation-api-3.0.2.jar;C:\Users\dushy\.m2\repository\org\hibernate\validator\hibernate-validator\8.0.1.Final\hibernate-validator-8.0.1.Final.jar;C:\Users\dushy\.m2\repository\org\jboss\logging\jboss-logging\3.6.1.Final\jboss-logging-3.6.1.Final.jar;C:\Users\dushy\.m2\repository\com\fasterxml\classmate\1.7.0\classmate-1.7.0.jar;C:\Users\dushy\.m2\repository\org\springframework\boot\spring-boot-devtools\3.4.0\spring-boot-devtools-3.4.0.jar;C:\Users\dushy\.m2\repository\org\springframework\boot\spring-boot\3.4.0\spring-boot-3.4.0.jar;C:\Users\dushy\.m2\repository\org\springframework\boot\spring-boot-autoconfigure\3.4.0\spring-boot-autoconfigure-3.4.0.jar;C:\Users\dushy\.m2\repository\com\mysql\mysql-connector-j\9.1.0\mysql-connector-j-9.1.0.jar;C:\Users\dushy\.m2\repository\jakarta\xml\bind\jakarta.xml.bind-api\4.0.2\jakarta.xml.bind-api-4.0.2.jar;C:\Users\dushy\.m2\repository\jakarta\activation\jakarta.activation-api\2.1.3\jakarta.activation-api-2.1.3.jar;C:\Users\dushy\.m2\repository\org\springframework\spring-core\6.2.0\spring-core-6.2.0.jar;C:\Users\dushy\.m2\repository\org\springframework\spring-jcl\6.2.0\spring-jcl-6.2.0.jar
Launcher Type: SUN_STANDARD

[Global flags]
     intx CICompilerCount                          = 4                                         {product} {ergonomic}
     uint ConcGCThreads                            = 2                                         {product} {ergonomic}
     uint G1ConcRefinementThreads                  = 8                                         {product} {ergonomic}
   size_t G1HeapRegionSize                         = 1048576                                   {product} {ergonomic}
   size_t InitialHeapSize                          = 132120576                                 {product} {ergonomic}
   size_t MarkStackSize                            = 4194304                                   {product} {ergonomic}
   size_t MaxHeapSize                              = 2105540608                                {product} {ergonomic}
   size_t MaxNewSize                               = 1262485504                                {product} {ergonomic}
   size_t MinHeapDeltaBytes                        = 1048576                                   {product} {ergonomic}
   size_t MinHeapSize                              = 8388608                                   {product} {ergonomic}
    uintx NonNMethodCodeHeapSize                   = 5839372                                {pd product} {ergonomic}
    uintx NonProfiledCodeHeapSize                  = 122909434                              {pd product} {ergonomic}
    uintx ProfiledCodeHeapSize                     = 122909434                              {pd product} {ergonomic}
    uintx ReservedCodeCacheSize                    = 251658240                              {pd product} {ergonomic}
     bool SegmentedCodeCache                       = true                                      {product} {ergonomic}
   size_t SoftMaxHeapSize                          = 2105540608                             {manageable} {ergonomic}
     bool UseCompressedOops                        = true                           {product lp64_product} {ergonomic}
     bool UseG1GC                                  = true                                      {product} {ergonomic}
     bool UseLargePagesIndividualAllocation        = false                                  {pd product} {ergonomic}

Logging:
Log output configuration:
 #0: stdout all=warning uptime,level,tags foldmultilines=false
 #1: stderr all=off uptime,level,tags foldmultilines=false

Environment Variables:
CLASSPATH=C:\mysql-connector-j-9.0.0.jar
PATH=C:\Python312\Scripts\;C:\Python312\;C:\Program Files\Common Files\Oracle\Java\javapath;C:\oraclexe\app\oracle\product\11.2.0\server\bin;C:\WINDOWS\system32;C:\WINDOWS;C:\WINDOWS\System32\Wbem;C:\WINDOWS\System32\WindowsPowerShell\v1.0\;C:\WINDOWS\System32\OpenSSH\;C:\Program Files (x86)\NVIDIA Corporation\PhysX\Common;C:\ProgramData\chocolatey\bin;C:\Program Files (x86)\Yarn\bin\;C:\RailsInstaller\;C:\Program Files\dotnet\;C:\Program Files\Git\cmd;C:\Program Files\nodejs\;C:\Users\dushy\AppData\Local\Microsoft\WindowsApps;C:\Program Files\Java\jdk-20\bin;C:\Users\dushy\AppData\Local\Yarn\bin;C:\php-8.3.6;C:\Users\dushy\AppData\Local\Microsoft\WinGet\Packages\Schniz.fnm_Microsoft.Winget.Source_8wekyb3d8bbwe;C:\Users\dushy\AppData\Roaming\npm;C:\Users\dushy\AppData\Local\Programs\Microsoft VS Code\bin;C:\mysql-connector-j-9.0.0.jar;
USERNAME=dushy
OS=Windows_NT
PROCESSOR_IDENTIFIER=Intel64 Family 6 Model 165 Stepping 2, GenuineIntel
TMP=C:\Users\dushy\AppData\Local\Temp
TEMP=C:\Users\dushy\AppData\Local\Temp




Periodic native trim disabled

---------------  S Y S T E M  ---------------

OS:
 Windows 11 , 64 bit Build 22621 (10.0.22621.4391)
OS uptime: 2 days 7:27 hours
Hyper-V role detected

CPU: total 8 (initial active 8) (4 cores per cpu, 2 threads per core) family 6 model 165 stepping 2 microcode 0xe0, cx8, cmov, fxsr, ht, mmx, 3dnowpref, sse, sse2, sse3, ssse3, sse4.1, sse4.2, popcnt, lzcnt, tsc, tscinvbit, avx, avx2, aes, erms, clmul, bmi1, bmi2, adx, fma, vzeroupper, clflush, clflushopt, hv, rdtscp, f16c
Processor Information for all 8 processors :
  Max Mhz: 2496, Current Mhz: 2496, Mhz Limit: 2496

Memory: 4k page, system-wide physical 8029M (434M free)
TotalPageFile size 27921M (AvailPageFile size 0M)
current process WorkingSet (physical memory assigned to process): 233M, peak: 257M
current process commit charge ("private bytes"): 278M, peak: 298M

vm_info: OpenJDK 64-Bit Server VM (22.0.2+9-70) for windows-amd64 JRE (22.0.2+9-70), built on 2024-06-04T16:52:23Z by "mach5one" with MS VC++ 17.6 (VS2022)

END.
