#
# There is insufficient memory for the Java Runtime Environment to continue.
# Native memory allocation (malloc) failed to allocate 666176 bytes. Error detail: Chunk::new
# Possible reasons:
#   The system is out of physical RAM or swap space
#   This process is running with CompressedOops enabled, and the Java Heap may be blocking the growth of the native heap
# Possible solutions:
#   Reduce memory load on the system
#   Increase physical memory or swap space
#   Check if swap backing store is full
#   Decrease Java heap size (-Xmx/-Xms)
#   Decrease number of Java threads
#   Decrease Java thread stack sizes (-Xss)
#   Set larger code cache with -XX:ReservedCodeCacheSize=
#   JVM is running with Unscaled Compressed Oops mode in which the Java heap is
#     placed in the first 4GB address space. The Java Heap base address is the
#     maximum limit for the native heap growth. Please use -XX:HeapBaseMinAddress
#     to set the Java Heap base and to place the Java Heap above 4GB virtual address.
# This output file may be truncated or incomplete.
#
#  Out of Memory Error (arena.cpp:150), pid=15508, tid=13192
#
# JRE version: OpenJDK Runtime Environment (22.0.2+9) (build 22.0.2+9-70)
# Java VM: OpenJDK 64-Bit Server VM (22.0.2+9-70, mixed mode, sharing, tiered, compressed oops, compressed class ptrs, g1 gc, windows-amd64)
# No core dump will be written. Minidumps are not enabled by default on client versions of Windows
#

---------------  S U M M A R Y ------------

Command Line: -javaagent:C:\Program Files\JetBrains\IntelliJ IDEA Community Edition 2023.3.3\lib\idea_rt.jar=55099:C:\Program Files\JetBrains\IntelliJ IDEA Community Edition 2023.3.3\bin -Dfile.encoding=UTF-8 -Dsun.stdout.encoding=UTF-8 -Dsun.stderr.encoding=UTF-8 com.modulobytes.hrms_modulobytes.HrmsModulobytesApplication

Host: Intel(R) Core(TM) i5-10300H CPU @ 2.50GHz, 8 cores, 7G,  Windows 11 , 64 bit Build 22621 (10.0.22621.4391)
Time: Wed Dec 11 17:27:30 2024 India Standard Time elapsed time: 4.395446 seconds (0d 0h 0m 4s)

---------------  T H R E A D  ---------------

Current thread (0x000001205044fe40):  JavaThread "C2 CompilerThread1" daemon [_thread_in_native, id=13192, stack(0x0000000fcfe00000,0x0000000fcff00000) (1024K)]


Current CompileTask:
C2:4395 5077   !   4       org.springframework.util.ReflectionUtils::doWithMethods (186 bytes)

Stack: [0x0000000fcfe00000,0x0000000fcff00000]
Native frames: (J=compiled Java code, j=interpreted, Vv=VM code, C=native code)
V  [jvm.dll+0x6e26e9]  (no source info available)
V  [jvm.dll+0x875753]  (no source info available)
V  [jvm.dll+0x877b7e]  (no source info available)
V  [jvm.dll+0x878253]  (no source info available)
V  [jvm.dll+0x27fc86]  (no source info available)
V  [jvm.dll+0xc3d0f]  (no source info available)
V  [jvm.dll+0xc3f6b]  (no source info available)
V  [jvm.dll+0x2f3c7f]  (no source info available)
V  [jvm.dll+0x60c0fa]  (no source info available)
V  [jvm.dll+0x250c92]  (no source info available)
V  [jvm.dll+0x248d0e]  (no source info available)
V  [jvm.dll+0x246da6]  (no source info available)
V  [jvm.dll+0x1c4e80]  (no source info available)
V  [jvm.dll+0x2568f3]  (no source info available)
V  [jvm.dll+0x254baa]  (no source info available)
V  [jvm.dll+0x3f57a6]  (no source info available)
V  [jvm.dll+0x81dc0b]  (no source info available)
V  [jvm.dll+0x6e0d85]  (no source info available)
C  [ucrtbase.dll+0x29333]  (no source info available)
C  [KERNEL32.DLL+0x1259d]  (no source info available)
C  [ntdll.dll+0x5af38]  (no source info available)


---------------  P R O C E S S  ---------------

Threads class SMR info:
_java_thread_list=0x000001209752f380, length=21, elements={
0x000001203178b610, 0x000001205010cd40, 0x000001205010fc70, 0x0000012050117310,
0x0000012050119e80, 0x000001205011ca20, 0x0000012050129760, 0x0000012050132b20,
0x0000012050153c50, 0x0000012050341400, 0x000001205068a080, 0x000001205064de10,
0x00000120509ae080, 0x0000012050e59890, 0x0000012098a68cb0, 0x0000012098587940,
0x00000120971442b0, 0x0000012097144940, 0x0000012097143c20, 0x0000012097144fd0,
0x000001205044fe40
}

Java Threads: ( => current thread )
  0x000001203178b610 JavaThread "main"                              [_thread_blocked, id=24556, stack(0x0000000fced00000,0x0000000fcee00000) (1024K)]
  0x000001205010cd40 JavaThread "Reference Handler"          daemon [_thread_blocked, id=7220, stack(0x0000000fcf500000,0x0000000fcf600000) (1024K)]
  0x000001205010fc70 JavaThread "Finalizer"                  daemon [_thread_blocked, id=23836, stack(0x0000000fcf600000,0x0000000fcf700000) (1024K)]
  0x0000012050117310 JavaThread "Signal Dispatcher"          daemon [_thread_blocked, id=24272, stack(0x0000000fcf700000,0x0000000fcf800000) (1024K)]
  0x0000012050119e80 JavaThread "Attach Listener"            daemon [_thread_blocked, id=24100, stack(0x0000000fcf800000,0x0000000fcf900000) (1024K)]
  0x000001205011ca20 JavaThread "Service Thread"             daemon [_thread_blocked, id=27008, stack(0x0000000fcf900000,0x0000000fcfa00000) (1024K)]
  0x0000012050129760 JavaThread "Monitor Deflation Thread"   daemon [_thread_blocked, id=20064, stack(0x0000000fcfa00000,0x0000000fcfb00000) (1024K)]
  0x0000012050132b20 JavaThread "C2 CompilerThread0"         daemon [_thread_in_native, id=9652, stack(0x0000000fcfb00000,0x0000000fcfc00000) (1024K)]
  0x0000012050153c50 JavaThread "C1 CompilerThread0"         daemon [_thread_blocked, id=23912, stack(0x0000000fcfc00000,0x0000000fcfd00000) (1024K)]
  0x0000012050341400 JavaThread "Common-Cleaner"             daemon [_thread_blocked, id=27172, stack(0x0000000fcfd00000,0x0000000fcfe00000) (1024K)]
  0x000001205068a080 JavaThread "Monitor Ctrl-Break"         daemon [_thread_in_native, id=18468, stack(0x0000000fcff00000,0x0000000fd0000000) (1024K)]
  0x000001205064de10 JavaThread "Notification Thread"        daemon [_thread_blocked, id=12260, stack(0x0000000fd0000000,0x0000000fd0100000) (1024K)]
  0x00000120509ae080 JavaThread "Thread-0"                          [_thread_blocked, id=1720, stack(0x0000000fd0100000,0x0000000fd0200000) (1024K)]
  0x0000012050e59890 JavaThread "restartedMain"                     [_thread_in_vm, id=23612, stack(0x0000000fd0200000,0x0000000fd0300000) (1024K)]
  0x0000012098a68cb0 JavaThread "Catalina-utility-1"                [_thread_blocked, id=27212, stack(0x0000000fd0800000,0x0000000fd0900000) (1024K)]
  0x0000012098587940 JavaThread "Catalina-utility-2"                [_thread_blocked, id=2572, stack(0x0000000fd0c00000,0x0000000fd0d00000) (1024K)]
  0x00000120971442b0 JavaThread "container-0"                       [_thread_blocked, id=8220, stack(0x0000000fd0d00000,0x0000000fd0e00000) (1024K)]
  0x0000012097144940 JavaThread "mysql-cj-abandoned-connection-cleanup" daemon [_thread_blocked, id=21924, stack(0x0000000fd0e00000,0x0000000fd0f00000) (1024K)]
  0x0000012097143c20 JavaThread "test housekeeper"           daemon [_thread_blocked, id=24816, stack(0x0000000fd1000000,0x0000000fd1100000) (1024K)]
  0x0000012097144fd0 JavaThread "test connection adder"      daemon [_thread_blocked, id=1312, stack(0x0000000fd1100000,0x0000000fd1200000) (1024K)]
=>0x000001205044fe40 JavaThread "C2 CompilerThread1"         daemon [_thread_in_native, id=13192, stack(0x0000000fcfe00000,0x0000000fcff00000) (1024K)]
Total: 21

Other Threads:
  0x00000120500f3890 VMThread "VM Thread"                           [id=7060, stack(0x0000000fcf400000,0x0000000fcf500000) (1024K)]
  0x00000120500de330 WatcherThread "VM Periodic Task Thread"        [id=7292, stack(0x0000000fcf300000,0x0000000fcf400000) (1024K)]
  0x000001203398e540 WorkerThread "GC Thread#0"                     [id=26120, stack(0x0000000fcee00000,0x0000000fcef00000) (1024K)]
  0x0000012050d81300 WorkerThread "GC Thread#1"                     [id=10236, stack(0x0000000fd0300000,0x0000000fd0400000) (1024K)]
  0x00000120960d9900 WorkerThread "GC Thread#2"                     [id=4088, stack(0x0000000fd0400000,0x0000000fd0500000) (1024K)]
  0x00000120960da0c0 WorkerThread "GC Thread#3"                     [id=19860, stack(0x0000000fd0500000,0x0000000fd0600000) (1024K)]
  0x0000012050b472a0 WorkerThread "GC Thread#4"                     [id=24180, stack(0x0000000fd0600000,0x0000000fd0700000) (1024K)]
  0x0000012050b47650 WorkerThread "GC Thread#5"                     [id=6808, stack(0x0000000fd0700000,0x0000000fd0800000) (1024K)]
  0x00000120963f1d30 WorkerThread "GC Thread#6"                     [id=18732, stack(0x0000000fd0900000,0x0000000fd0a00000) (1024K)]
  0x00000120963eef10 WorkerThread "GC Thread#7"                     [id=4908, stack(0x0000000fd0a00000,0x0000000fd0b00000) (1024K)]
  0x000001203399f1e0 ConcurrentGCThread "G1 Main Marker"            [id=16092, stack(0x0000000fcef00000,0x0000000fcf000000) (1024K)]
  0x000001203399fcf0 WorkerThread "G1 Conc#0"                       [id=20904, stack(0x0000000fcf000000,0x0000000fcf100000) (1024K)]
  0x0000012096e54b90 WorkerThread "G1 Conc#1"                       [id=24252, stack(0x0000000fd0b00000,0x0000000fd0c00000) (1024K)]
  0x000001204ffad550 ConcurrentGCThread "G1 Refine#0"               [id=24484, stack(0x0000000fcf100000,0x0000000fcf200000) (1024K)]
  0x000001204ffadce0 ConcurrentGCThread "G1 Service"                [id=5896, stack(0x0000000fcf200000,0x0000000fcf300000) (1024K)]
Total: 15

Threads with active compile tasks:
C2 CompilerThread0  4430 5060       4       org.springframework.core.ResolvableType::as (86 bytes)
C2 CompilerThread1  4430 5077   !   4       org.springframework.util.ReflectionUtils::doWithMethods (186 bytes)
Total: 2

VM state: not at safepoint (normal execution)

VM Mutex/Monitor currently owned by a thread: None

Heap address: 0x0000000082800000, size: 2008 MB, Compressed Oops mode: 32-bit

CDS archive(s) mapped at: [0x0000012051000000-0x0000012051c60000-0x0000012051c60000), size 12976128, SharedBaseAddress: 0x0000012051000000, ArchiveRelocationMode: 1.
Compressed class space mapped at: 0x0000012052000000-0x0000012092000000, reserved size: 1073741824
Narrow klass base: 0x0000012051000000, Narrow klass shift: 0, Narrow klass range: 0x41000000

GC Precious Log:
 CardTable entry size: 512
 Card Set container configuration: InlinePtr #cards 5 size 8 Array Of Cards #cards 12 size 40 Howl #buckets 4 coarsen threshold 1843 Howl Bitmap #cards 512 size 80 coarsen threshold 460 Card regions per heap region 1 cards per card region 2048
 CPUs: 8 total, 8 available
 Memory: 8029M
 Large Page Support: Disabled
 NUMA Support: Disabled
 Compressed Oops: Enabled (32-bit)
 Heap Region Size: 1M
 Heap Min Capacity: 8M
 Heap Initial Capacity: 126M
 Heap Max Capacity: 2008M
 Pre-touch: Disabled
 Parallel Workers: 8
 Concurrent Workers: 2
 Concurrent Refinement Workers: 8
 Periodic GC: Disabled

Heap:
 garbage-first heap   total reserved 2056192K, committed 58368K, used 27530K [0x0000000082800000, 0x0000000100000000)
  region size 1024K, 6 young (6144K), 3 survivors (3072K)
 Metaspace       used 58670K, committed 59328K, reserved 1114112K
  class space    used 8061K, committed 8320K, reserved 1048576K

Heap Regions: E=young(eden), S=young(survivor), O=old, HS=humongous(starts), HC=humongous(continues), CS=collection set, F=free, TAMS=top-at-mark-start, PB=parsable bottom
|   0|0x0000000082800000, 0x0000000082900000, 0x0000000082900000|100%|HS|  |TAMS 0x0000000082800000| PB 0x0000000082800000| Complete |  0
|   1|0x0000000082900000, 0x0000000082a00000, 0x0000000082a00000|100%|HS|  |TAMS 0x0000000082900000| PB 0x0000000082900000| Complete |  0
|   2|0x0000000082a00000, 0x0000000082b00000, 0x0000000082b00000|100%| O|  |TAMS 0x0000000082a00000| PB 0x0000000082a00000| Untracked |  0
|   3|0x0000000082b00000, 0x0000000082c00000, 0x0000000082c00000|100%| O|  |TAMS 0x0000000082b00000| PB 0x0000000082b00000| Untracked |  0
|   4|0x0000000082c00000, 0x0000000082d00000, 0x0000000082d00000|100%| O|  |TAMS 0x0000000082c00000| PB 0x0000000082c00000| Untracked |  0
|   5|0x0000000082d00000, 0x0000000082e00000, 0x0000000082e00000|100%| O|  |TAMS 0x0000000082d00000| PB 0x0000000082d00000| Untracked |  0
|   6|0x0000000082e00000, 0x0000000082f00000, 0x0000000082f00000|100%| O|  |TAMS 0x0000000082e00000| PB 0x0000000082e00000| Untracked |  0
|   7|0x0000000082f00000, 0x0000000083000000, 0x0000000083000000|100%| O|  |TAMS 0x0000000082f00000| PB 0x0000000082f00000| Untracked |  0
|   8|0x0000000083000000, 0x0000000083100000, 0x0000000083100000|100%| O|  |TAMS 0x0000000083000000| PB 0x0000000083000000| Untracked |  0
|   9|0x0000000083100000, 0x0000000083200000, 0x0000000083200000|100%| O|  |TAMS 0x0000000083100000| PB 0x0000000083100000| Untracked |  0
|  10|0x0000000083200000, 0x0000000083300000, 0x0000000083300000|100%| O|  |TAMS 0x0000000083200000| PB 0x0000000083200000| Untracked |  0
|  11|0x0000000083300000, 0x0000000083400000, 0x0000000083400000|100%| O|  |TAMS 0x0000000083300000| PB 0x0000000083300000| Untracked |  0
|  12|0x0000000083400000, 0x0000000083500000, 0x0000000083500000|100%| O|  |TAMS 0x0000000083400000| PB 0x0000000083400000| Untracked |  0
|  13|0x0000000083500000, 0x0000000083600000, 0x0000000083600000|100%| O|  |TAMS 0x0000000083500000| PB 0x0000000083500000| Untracked |  0
|  14|0x0000000083600000, 0x0000000083700000, 0x0000000083700000|100%| O|  |TAMS 0x0000000083600000| PB 0x0000000083600000| Untracked |  0
|  15|0x0000000083700000, 0x0000000083800000, 0x0000000083800000|100%| O|  |TAMS 0x0000000083700000| PB 0x0000000083700000| Untracked |  0
|  16|0x0000000083800000, 0x0000000083900000, 0x0000000083900000|100%| O|  |TAMS 0x0000000083800000| PB 0x0000000083800000| Untracked |  0
|  17|0x0000000083900000, 0x0000000083a00000, 0x0000000083a00000|100%| O|  |TAMS 0x0000000083900000| PB 0x0000000083900000| Untracked |  0
|  18|0x0000000083a00000, 0x0000000083b00000, 0x0000000083b00000|100%| O|  |TAMS 0x0000000083a00000| PB 0x0000000083a00000| Untracked |  0
|  19|0x0000000083b00000, 0x0000000083c00000, 0x0000000083c00000|100%| O|  |TAMS 0x0000000083b00000| PB 0x0000000083b00000| Untracked |  0
|  20|0x0000000083c00000, 0x0000000083d00000, 0x0000000083d00000|100%| O|  |TAMS 0x0000000083c00000| PB 0x0000000083c00000| Untracked |  0
|  21|0x0000000083d00000, 0x0000000083e00000, 0x0000000083e00000|100%| O|  |TAMS 0x0000000083d00000| PB 0x0000000083d00000| Untracked |  0
|  22|0x0000000083e00000, 0x0000000083f00000, 0x0000000083f00000|100%| O|  |TAMS 0x0000000083e00000| PB 0x0000000083e00000| Untracked |  0
|  23|0x0000000083f00000, 0x0000000083f26520, 0x0000000084000000| 14%| O|  |TAMS 0x0000000083f00000| PB 0x0000000083f00000| Untracked |  0
|  24|0x0000000084000000, 0x0000000084000000, 0x0000000084100000|  0%| F|  |TAMS 0x0000000084000000| PB 0x0000000084000000| Untracked |  0
|  25|0x0000000084100000, 0x0000000084100000, 0x0000000084200000|  0%| F|  |TAMS 0x0000000084100000| PB 0x0000000084100000| Untracked |  0
|  26|0x0000000084200000, 0x0000000084200000, 0x0000000084300000|  0%| F|  |TAMS 0x0000000084200000| PB 0x0000000084200000| Untracked |  0
|  27|0x0000000084300000, 0x00000000843bc430, 0x0000000084400000| 73%| S|CS|TAMS 0x0000000084300000| PB 0x0000000084300000| Complete |  0
|  28|0x0000000084400000, 0x0000000084400000, 0x0000000084500000|  0%| F|  |TAMS 0x0000000084400000| PB 0x0000000084400000| Untracked |  0
|  29|0x0000000084500000, 0x0000000084500000, 0x0000000084600000|  0%| F|  |TAMS 0x0000000084500000| PB 0x0000000084500000| Untracked |  0
|  30|0x0000000084600000, 0x0000000084700000, 0x0000000084700000|100%| S|CS|TAMS 0x0000000084600000| PB 0x0000000084600000| Complete |  0
|  31|0x0000000084700000, 0x0000000084800000, 0x0000000084800000|100%| S|CS|TAMS 0x0000000084700000| PB 0x0000000084700000| Complete |  0
|  32|0x0000000084800000, 0x0000000084800000, 0x0000000084900000|  0%| F|  |TAMS 0x0000000084800000| PB 0x0000000084800000| Untracked |  0
|  33|0x0000000084900000, 0x0000000084900000, 0x0000000084a00000|  0%| F|  |TAMS 0x0000000084900000| PB 0x0000000084900000| Untracked |  0
|  34|0x0000000084a00000, 0x0000000084a00000, 0x0000000084b00000|  0%| F|  |TAMS 0x0000000084a00000| PB 0x0000000084a00000| Untracked |  0
|  35|0x0000000084b00000, 0x0000000084b00000, 0x0000000084c00000|  0%| F|  |TAMS 0x0000000084b00000| PB 0x0000000084b00000| Untracked |  0
|  36|0x0000000084c00000, 0x0000000084c00000, 0x0000000084d00000|  0%| F|  |TAMS 0x0000000084c00000| PB 0x0000000084c00000| Untracked |  0
|  37|0x0000000084d00000, 0x0000000084d00000, 0x0000000084e00000|  0%| F|  |TAMS 0x0000000084d00000| PB 0x0000000084d00000| Untracked |  0
|  38|0x0000000084e00000, 0x0000000084e00000, 0x0000000084f00000|  0%| F|  |TAMS 0x0000000084e00000| PB 0x0000000084e00000| Untracked |  0
|  39|0x0000000084f00000, 0x0000000084f00000, 0x0000000085000000|  0%| F|  |TAMS 0x0000000084f00000| PB 0x0000000084f00000| Untracked |  0
|  40|0x0000000085000000, 0x0000000085000000, 0x0000000085100000|  0%| F|  |TAMS 0x0000000085000000| PB 0x0000000085000000| Untracked |  0
|  41|0x0000000085100000, 0x0000000085100000, 0x0000000085200000|  0%| F|  |TAMS 0x0000000085100000| PB 0x0000000085100000| Untracked |  0
|  42|0x0000000085200000, 0x0000000085200000, 0x0000000085300000|  0%| F|  |TAMS 0x0000000085200000| PB 0x0000000085200000| Untracked |  0
|  43|0x0000000085300000, 0x0000000085300000, 0x0000000085400000|  0%| F|  |TAMS 0x0000000085300000| PB 0x0000000085300000| Untracked |  0
|  44|0x0000000085400000, 0x0000000085400000, 0x0000000085500000|  0%| F|  |TAMS 0x0000000085400000| PB 0x0000000085400000| Untracked |  0
|  45|0x0000000085500000, 0x0000000085500000, 0x0000000085600000|  0%| F|  |TAMS 0x0000000085500000| PB 0x0000000085500000| Untracked |  0
|  46|0x0000000085600000, 0x0000000085600000, 0x0000000085700000|  0%| F|  |TAMS 0x0000000085600000| PB 0x0000000085600000| Untracked |  0
|  47|0x0000000085700000, 0x0000000085700000, 0x0000000085800000|  0%| F|  |TAMS 0x0000000085700000| PB 0x0000000085700000| Untracked |  0
|  48|0x0000000085800000, 0x0000000085800000, 0x0000000085900000|  0%| F|  |TAMS 0x0000000085800000| PB 0x0000000085800000| Untracked |  0
|  49|0x0000000085900000, 0x0000000085900000, 0x0000000085a00000|  0%| F|  |TAMS 0x0000000085900000| PB 0x0000000085900000| Untracked |  0
|  93|0x0000000088500000, 0x0000000088500000, 0x0000000088600000|  0%| F|  |TAMS 0x0000000088500000| PB 0x0000000088500000| Untracked |  0
|  94|0x0000000088600000, 0x0000000088600000, 0x0000000088700000|  0%| F|  |TAMS 0x0000000088600000| PB 0x0000000088600000| Untracked |  0
|  95|0x0000000088700000, 0x0000000088700000, 0x0000000088800000|  0%| F|  |TAMS 0x0000000088700000| PB 0x0000000088700000| Untracked |  0
|  96|0x0000000088800000, 0x0000000088800000, 0x0000000088900000|  0%| F|  |TAMS 0x0000000088800000| PB 0x0000000088800000| Untracked |  0
|  97|0x0000000088900000, 0x000000008890a7b8, 0x0000000088a00000|  4%| E|  |TAMS 0x0000000088900000| PB 0x0000000088900000| Complete |  0
|  98|0x0000000088a00000, 0x0000000088afc5d8, 0x0000000088b00000| 98%| E|  |TAMS 0x0000000088a00000| PB 0x0000000088a00000| Complete |  1
| 125|0x000000008a500000, 0x000000008a600000, 0x000000008a600000|100%| E|CS|TAMS 0x000000008a500000| PB 0x000000008a500000| Complete |  0

Card table byte_map: [0x000001204b390000,0x000001204b780000] _byte_map_base: 0x000001204af7c000

Marking Bits: (CMBitMap*) 0x000001203398ec50
 Bits: [0x000001204b780000, 0x000001204d6e0000)

Polling page: 0x00000120330f0000

Metaspace:

Usage:
  Non-class:     49.42 MB used.
      Class:      7.87 MB used.
       Both:     57.29 MB used.

Virtual space:
  Non-class space:       64.00 MB reserved,      49.81 MB ( 78%) committed,  1 nodes.
      Class space:        1.00 GB reserved,       8.12 MB ( <1%) committed,  1 nodes.
             Both:        1.06 GB reserved,      57.94 MB (  5%) committed. 

Chunk freelists:
   Non-Class:  14.14 MB
       Class:  7.78 MB
        Both:  21.92 MB

MaxMetaspaceSize: unlimited
CompressedClassSpaceSize: 1.00 GB
Initial GC threshold: 21.00 MB
Current GC threshold: 58.88 MB
CDS: on
 - commit_granule_bytes: 65536.
 - commit_granule_words: 8192.
 - virtual_space_node_default_size: 8388608.
 - enlarge_chunks_in_place: 1.
 - use_allocation_guard: 0.


Internal statistics:

num_allocs_failed_limit: 8.
num_arena_births: 828.
num_arena_deaths: 0.
num_vsnodes_births: 2.
num_vsnodes_deaths: 0.
num_space_committed: 927.
num_space_uncommitted: 0.
num_chunks_returned_to_freelist: 8.
num_chunks_taken_from_freelist: 2922.
num_chunk_merges: 8.
num_chunk_splits: 2119.
num_chunks_enlarged: 1630.
num_inconsistent_stats: 0.

CodeHeap 'non-profiled nmethods': size=120000Kb used=2872Kb max_used=2872Kb free=117127Kb
 bounds [0x0000012043740000, 0x0000012043a10000, 0x000001204ac70000]
CodeHeap 'profiled nmethods': size=120000Kb used=9356Kb max_used=9356Kb free=110643Kb
 bounds [0x000001203bc70000, 0x000001203c5a0000, 0x00000120431a0000]
CodeHeap 'non-nmethods': size=5760Kb used=1653Kb max_used=1672Kb free=4106Kb
 bounds [0x00000120431a0000, 0x0000012043410000, 0x0000012043740000]
 total_blobs=5431 nmethods=4737 adapters=598
 compilation: enabled
              stopped_count=0, restarted_count=0
 full_count=0

Compilation events (20 events):
Event: 4.344 Thread 0x0000012050153c50 5079       3       java.lang.reflect.Method::equals (65 bytes)
Event: 4.345 Thread 0x0000012050153c50 nmethod 5079 0x000001203c57e790 code [0x000001203c57e960, 0x000001203c57efb0]
Event: 4.347 Thread 0x0000012050153c50 5080       3       org.springframework.aop.support.AopUtils::canApply (210 bytes)
Event: 4.349 Thread 0x0000012050153c50 nmethod 5080 0x000001203c57f110 code [0x000001203c57f600, 0x000001203c581d70]
Event: 4.349 Thread 0x0000012050153c50 5081       3       sun.invoke.util.VerifyType::isNullType (18 bytes)
Event: 4.349 Thread 0x0000012050153c50 nmethod 5081 0x000001203c582990 code [0x000001203c582b40, 0x000001203c582d00]
Event: 4.353 Thread 0x000001205044fe40 nmethod 5070 0x0000012043a0c290 code [0x0000012043a0c500, 0x0000012043a0d130]
Event: 4.353 Thread 0x000001205044fe40 5077   !   4       org.springframework.util.ReflectionUtils::doWithMethods (186 bytes)
Event: 4.363 Thread 0x0000012050153c50 5082       3       java.util.StringJoiner::add (110 bytes)
Event: 4.364 Thread 0x0000012050153c50 nmethod 5082 0x000001203c582d90 code [0x000001203c582fe0, 0x000001203c583a30]
Event: 4.364 Thread 0x0000012050153c50 5083       1       java.lang.reflect.ProxyGenerator::getClassLoader (5 bytes)
Event: 4.364 Thread 0x0000012050153c50 nmethod 5083 0x0000012043a0db10 code [0x0000012043a0dca0, 0x0000012043a0dd70]
Event: 4.364 Thread 0x0000012050153c50 5084       3       java.lang.reflect.ProxyGenerator$ProxyMethod::codeWrapArgument (54 bytes)
Event: 4.364 Thread 0x0000012050153c50 nmethod 5084 0x000001203c583e10 code [0x000001203c584000, 0x000001203c584480]
Event: 4.373 Thread 0x0000012050153c50 5085       3       org.springframework.core.ResolvableType::forType (112 bytes)
Event: 4.373 Thread 0x0000012050153c50 nmethod 5085 0x000001203c584610 code [0x000001203c584860, 0x000001203c5850b0]
Event: 4.373 Thread 0x0000012050153c50 5087       3       sun.reflect.annotation.AnnotationParser::skipMemberValue (65 bytes)
Event: 4.374 Thread 0x0000012050153c50 nmethod 5087 0x000001203c585310 code [0x000001203c585540, 0x000001203c585c58]
Event: 4.374 Thread 0x0000012050153c50 5088       3       java.lang.WeakPairMap::get (17 bytes)
Event: 4.374 Thread 0x0000012050153c50 nmethod 5088 0x000001203c585e90 code [0x000001203c586100, 0x000001203c586bc8]

GC Heap History (20 events):
Event: 1.053 GC heap before
{Heap before GC invocations=1 (full 0):
 garbage-first heap   total reserved 2056192K, committed 129024K, used 40063K [0x0000000082800000, 0x0000000100000000)
  region size 1024K, 35 young (35840K), 3 survivors (3072K)
 Metaspace       used 14471K, committed 14784K, reserved 1114112K
  class space    used 1907K, committed 2048K, reserved 1048576K
}
Event: 1.058 GC heap after
{Heap after GC invocations=2 (full 0):
 garbage-first heap   total reserved 2056192K, committed 129024K, used 10432K [0x0000000082800000, 0x0000000100000000)
  region size 1024K, 3 young (3072K), 3 survivors (3072K)
 Metaspace       used 14471K, committed 14784K, reserved 1114112K
  class space    used 1907K, committed 2048K, reserved 1048576K
}
Event: 1.290 GC heap before
{Heap before GC invocations=2 (full 0):
 garbage-first heap   total reserved 2056192K, committed 129024K, used 36032K [0x0000000082800000, 0x0000000100000000)
  region size 1024K, 30 young (30720K), 3 survivors (3072K)
 Metaspace       used 21167K, committed 21504K, reserved 1114112K
  class space    used 2647K, committed 2816K, reserved 1048576K
}
Event: 1.294 GC heap after
{Heap after GC invocations=3 (full 0):
 garbage-first heap   total reserved 2056192K, committed 129024K, used 13472K [0x0000000082800000, 0x0000000100000000)
  region size 1024K, 6 young (6144K), 6 survivors (6144K)
 Metaspace       used 21167K, committed 21504K, reserved 1114112K
  class space    used 2647K, committed 2816K, reserved 1048576K
}
Event: 1.598 GC heap before
{Heap before GC invocations=4 (full 0):
 garbage-first heap   total reserved 2056192K, committed 48128K, used 36000K [0x0000000082800000, 0x0000000100000000)
  region size 1024K, 28 young (28672K), 6 survivors (6144K)
 Metaspace       used 23993K, committed 24320K, reserved 1114112K
  class space    used 3038K, committed 3200K, reserved 1048576K
}
Event: 1.602 GC heap after
{Heap after GC invocations=5 (full 0):
 garbage-first heap   total reserved 2056192K, committed 48128K, used 15298K [0x0000000082800000, 0x0000000100000000)
  region size 1024K, 3 young (3072K), 3 survivors (3072K)
 Metaspace       used 23993K, committed 24320K, reserved 1114112K
  class space    used 3038K, committed 3200K, reserved 1048576K
}
Event: 2.033 GC heap before
{Heap before GC invocations=5 (full 0):
 garbage-first heap   total reserved 2056192K, committed 48128K, used 35778K [0x0000000082800000, 0x0000000100000000)
  region size 1024K, 24 young (24576K), 3 survivors (3072K)
 Metaspace       used 27649K, committed 28096K, reserved 1114112K
  class space    used 3545K, committed 3776K, reserved 1048576K
}
Event: 2.038 GC heap after
{Heap after GC invocations=6 (full 0):
 garbage-first heap   total reserved 2056192K, committed 48128K, used 16956K [0x0000000082800000, 0x0000000100000000)
  region size 1024K, 2 young (2048K), 2 survivors (2048K)
 Metaspace       used 27649K, committed 28096K, reserved 1114112K
  class space    used 3545K, committed 3776K, reserved 1048576K
}
Event: 2.497 GC heap before
{Heap before GC invocations=6 (full 0):
 garbage-first heap   total reserved 2056192K, committed 48128K, used 38460K [0x0000000082800000, 0x0000000100000000)
  region size 1024K, 23 young (23552K), 2 survivors (2048K)
 Metaspace       used 31808K, committed 32320K, reserved 1114112K
  class space    used 4137K, committed 4352K, reserved 1048576K
}
Event: 2.500 GC heap after
{Heap after GC invocations=7 (full 0):
 garbage-first heap   total reserved 2056192K, committed 48128K, used 19548K [0x0000000082800000, 0x0000000100000000)
  region size 1024K, 3 young (3072K), 3 survivors (3072K)
 Metaspace       used 31808K, committed 32320K, reserved 1114112K
  class space    used 4137K, committed 4352K, reserved 1048576K
}
Event: 2.866 GC heap before
{Heap before GC invocations=7 (full 0):
 garbage-first heap   total reserved 2056192K, committed 48128K, used 40028K [0x0000000082800000, 0x0000000100000000)
  region size 1024K, 23 young (23552K), 3 survivors (3072K)
 Metaspace       used 35072K, committed 35648K, reserved 1114112K
  class space    used 4573K, committed 4800K, reserved 1048576K
}
Event: 2.870 GC heap after
{Heap after GC invocations=8 (full 0):
 garbage-first heap   total reserved 2056192K, committed 48128K, used 20878K [0x0000000082800000, 0x0000000100000000)
  region size 1024K, 2 young (2048K), 2 survivors (2048K)
 Metaspace       used 35072K, committed 35648K, reserved 1114112K
  class space    used 4573K, committed 4800K, reserved 1048576K
}
Event: 2.897 GC heap before
{Heap before GC invocations=8 (full 0):
 garbage-first heap   total reserved 2056192K, committed 48128K, used 21902K [0x0000000082800000, 0x0000000100000000)
  region size 1024K, 4 young (4096K), 2 survivors (2048K)
 Metaspace       used 35439K, committed 35968K, reserved 1114112K
  class space    used 4631K, committed 4864K, reserved 1048576K
}
Event: 2.898 GC heap after
{Heap after GC invocations=9 (full 0):
 garbage-first heap   total reserved 2056192K, committed 48128K, used 20779K [0x0000000082800000, 0x0000000100000000)
  region size 1024K, 2 young (2048K), 2 survivors (2048K)
 Metaspace       used 35439K, committed 35968K, reserved 1114112K
  class space    used 4631K, committed 4864K, reserved 1048576K
}
Event: 3.293 GC heap before
{Heap before GC invocations=10 (full 0):
 garbage-first heap   total reserved 2056192K, committed 48128K, used 41259K [0x0000000082800000, 0x0000000100000000)
  region size 1024K, 22 young (22528K), 2 survivors (2048K)
 Metaspace       used 41008K, committed 41664K, reserved 1114112K
  class space    used 5519K, committed 5824K, reserved 1048576K
}
Event: 3.295 GC heap after
{Heap after GC invocations=11 (full 0):
 garbage-first heap   total reserved 2056192K, committed 48128K, used 22256K [0x0000000082800000, 0x0000000100000000)
  region size 1024K, 3 young (3072K), 3 survivors (3072K)
 Metaspace       used 41008K, committed 41664K, reserved 1114112K
  class space    used 5519K, committed 5824K, reserved 1048576K
}
Event: 3.656 GC heap before
{Heap before GC invocations=11 (full 0):
 garbage-first heap   total reserved 2056192K, committed 48128K, used 41712K [0x0000000082800000, 0x0000000100000000)
  region size 1024K, 22 young (22528K), 3 survivors (3072K)
 Metaspace       used 46399K, committed 46976K, reserved 1114112K
  class space    used 6240K, committed 6464K, reserved 1048576K
}
Event: 3.662 GC heap after
{Heap after GC invocations=12 (full 0):
 garbage-first heap   total reserved 2056192K, committed 48128K, used 23566K [0x0000000082800000, 0x0000000100000000)
  region size 1024K, 3 young (3072K), 3 survivors (3072K)
 Metaspace       used 46399K, committed 46976K, reserved 1114112K
  class space    used 6240K, committed 6464K, reserved 1048576K
}
Event: 3.972 GC heap before
{Heap before GC invocations=12 (full 0):
 garbage-first heap   total reserved 2056192K, committed 48128K, used 39950K [0x0000000082800000, 0x0000000100000000)
  region size 1024K, 20 young (20480K), 3 survivors (3072K)
 Metaspace       used 51954K, committed 52544K, reserved 1114112K
  class space    used 7031K, committed 7296K, reserved 1048576K
}
Event: 3.975 GC heap after
{Heap after GC invocations=13 (full 0):
 garbage-first heap   total reserved 2056192K, committed 58368K, used 24995K [0x0000000082800000, 0x0000000100000000)
  region size 1024K, 2 young (2048K), 2 survivors (2048K)
 Metaspace       used 51954K, committed 52544K, reserved 1114112K
  class space    used 7031K, committed 7296K, reserved 1048576K
}

Dll operation events (15 events):
Event: 0.008 Loaded shared library C:\Users\dushy\.jdks\openjdk-22.0.2\bin\java.dll
Event: 0.038 Loaded shared library C:\Users\dushy\.jdks\openjdk-22.0.2\bin\jsvml.dll
Event: 0.099 Loaded shared library C:\Users\dushy\.jdks\openjdk-22.0.2\bin\zip.dll
Event: 0.103 Loaded shared library C:\Users\dushy\.jdks\openjdk-22.0.2\bin\instrument.dll
Event: 0.107 Loaded shared library C:\Users\dushy\.jdks\openjdk-22.0.2\bin\net.dll
Event: 0.109 Loaded shared library C:\Users\dushy\.jdks\openjdk-22.0.2\bin\nio.dll
Event: 0.112 Loaded shared library C:\Users\dushy\.jdks\openjdk-22.0.2\bin\zip.dll
Event: 0.171 Loaded shared library C:\Program Files\JetBrains\IntelliJ IDEA Community Edition 2023.3.3\bin\breakgen64.dll
Event: 0.178 Loaded shared library C:\Users\dushy\.jdks\openjdk-22.0.2\bin\extnet.dll
Event: 0.201 Loaded shared library C:\Users\dushy\.jdks\openjdk-22.0.2\bin\jimage.dll
Event: 0.419 Loaded shared library C:\Users\dushy\.jdks\openjdk-22.0.2\bin\management.dll
Event: 0.420 Loaded shared library C:\Users\dushy\.jdks\openjdk-22.0.2\bin\management_ext.dll
Event: 0.825 Loaded shared library C:\Users\dushy\.jdks\openjdk-22.0.2\bin\le.dll
Event: 1.411 Loaded shared library C:\Users\dushy\.jdks\openjdk-22.0.2\bin\sunmscapi.dll
Event: 3.066 Loaded shared library C:\Users\dushy\.jdks\openjdk-22.0.2\bin\verify.dll

Deoptimization events (20 events):
Event: 4.336 Thread 0x0000012050e59890 Uncommon trap: trap_request=0xfffffff4 fr.pc=0x0000012043a07188 relative=0x0000000000000348
Event: 4.336 Thread 0x0000012050e59890 Uncommon trap: reason=null_check action=make_not_entrant pc=0x0000012043a07188 method=sun.invoke.util.VerifyType.isNullConversion(Ljava/lang/Class;Ljava/lang/Class;Z)Z @ 67 c2
Event: 4.336 Thread 0x0000012050e59890 DEOPT PACKING pc=0x0000012043a07188 sp=0x0000000fd02fb900
Event: 4.336 Thread 0x0000012050e59890 DEOPT UNPACKING pc=0x00000120431f46a2 sp=0x0000000fd02fb880 mode 2
Event: 4.337 Thread 0x0000012050e59890 Uncommon trap: trap_request=0xffffff45 fr.pc=0x00000120439f898c relative=0x000000000000016c
Event: 4.337 Thread 0x0000012050e59890 Uncommon trap: reason=unstable_if action=reinterpret pc=0x00000120439f898c method=java.lang.reflect.Method.equals(Ljava/lang/Object;)Z @ 45 c2
Event: 4.337 Thread 0x0000012050e59890 DEOPT PACKING pc=0x00000120439f898c sp=0x0000000fd02fb870
Event: 4.337 Thread 0x0000012050e59890 DEOPT UNPACKING pc=0x00000120431f46a2 sp=0x0000000fd02fb7f8 mode 2
Event: 4.343 Thread 0x0000012050e59890 Uncommon trap: trap_request=0xffffff45 fr.pc=0x00000120438dfcc0 relative=0x0000000000000b80
Event: 4.343 Thread 0x0000012050e59890 Uncommon trap: reason=unstable_if action=reinterpret pc=0x00000120438dfcc0 method=org.springframework.core.ResolvableType.resolveClass()Ljava/lang/Class; @ 38 c2
Event: 4.343 Thread 0x0000012050e59890 DEOPT PACKING pc=0x00000120438dfcc0 sp=0x0000000fd02fb9e0
Event: 4.343 Thread 0x0000012050e59890 DEOPT UNPACKING pc=0x00000120431f46a2 sp=0x0000000fd02fb8e8 mode 2
Event: 4.348 Thread 0x0000012050e59890 Uncommon trap: trap_request=0xffffff45 fr.pc=0x00000120437fc29c relative=0x00000000000001fc
Event: 4.348 Thread 0x0000012050e59890 Uncommon trap: reason=unstable_if action=reinterpret pc=0x00000120437fc29c method=java.util.ArrayDeque.addLast(Ljava/lang/Object;)V @ 42 c2
Event: 4.348 Thread 0x0000012050e59890 DEOPT PACKING pc=0x00000120437fc29c sp=0x0000000fd02fc310
Event: 4.348 Thread 0x0000012050e59890 DEOPT UNPACKING pc=0x00000120431f46a2 sp=0x0000000fd02fc268 mode 2
Event: 4.384 Thread 0x0000012050e59890 Uncommon trap: trap_request=0xffffff45 fr.pc=0x00000120437e1da4 relative=0x00000000000009a4
Event: 4.384 Thread 0x0000012050e59890 Uncommon trap: reason=unstable_if action=reinterpret pc=0x00000120437e1da4 method=java.util.WeakHashMap.put(Ljava/lang/Object;Ljava/lang/Object;)Ljava/lang/Object; @ 146 c2
Event: 4.384 Thread 0x0000012050e59890 DEOPT PACKING pc=0x00000120437e1da4 sp=0x0000000fd02fb320
Event: 4.385 Thread 0x0000012050e59890 DEOPT UNPACKING pc=0x00000120431f46a2 sp=0x0000000fd02fb2f8 mode 2

Classes loaded (20 events):
Event: 3.722 Loading class java/util/concurrent/CompletableFuture$Completion
Event: 3.722 Loading class java/util/concurrent/CompletableFuture$AsynchronousCompletionTask
Event: 3.722 Loading class java/util/concurrent/CompletableFuture$AsynchronousCompletionTask done
Event: 3.722 Loading class java/util/concurrent/CompletableFuture$Completion done
Event: 3.763 Loading class sun/reflect/annotation/TypeAnnotation$TypeAnnotationTargetInfo
Event: 3.763 Loading class sun/reflect/annotation/TypeAnnotation$TypeAnnotationTargetInfo done
Event: 3.797 Loading class java/util/concurrent/CancellationException
Event: 3.797 Loading class java/util/concurrent/CancellationException done
Event: 4.002 Loading class java/util/ArrayList$ListItr
Event: 4.003 Loading class java/util/ArrayList$ListItr done
Event: 4.056 Loading class java/util/AbstractList$SubList
Event: 4.056 Loading class java/util/AbstractList$SubList done
Event: 4.254 Loading class java/util/TimerTask
Event: 4.254 Loading class java/util/TimerTask done
Event: 4.314 Loading class javax/naming/Reference
Event: 4.314 Loading class javax/naming/Reference done
Event: 4.340 Loading class java/lang/SafeVarargs
Event: 4.340 Loading class java/lang/SafeVarargs done
Event: 4.342 Loading class sun/reflect/generics/reflectiveObjects/GenericArrayTypeImpl
Event: 4.342 Loading class sun/reflect/generics/reflectiveObjects/GenericArrayTypeImpl done

Classes unloaded (0 events):
No events

Classes redefined (0 events):
No events

Internal exceptions (20 events):
Event: 4.141 Thread 0x0000012050e59890 Exception <a 'java/lang/NoSuchMethodError'{0x00000000856a4500}: 'void java.lang.invoke.DirectMethodHandle$Holder.invokeInterface(java.lang.Object, java.lang.Object, int, java.lang.Object)'> (0x00000000856a4500) 
thrown [s\open\src\hotspot\share\interpreter\linkResolver.cpp, line 774]
Event: 4.143 Thread 0x0000012050e59890 Exception <a 'java/lang/NoSuchMethodError'{0x00000000856c6f80}: 'java.lang.Object java.lang.invoke.DirectMethodHandle$Holder.newInvokeSpecial(java.lang.Object, java.lang.Object, int, java.lang.Object)'> (0x00000000856c6f80) 
thrown [s\open\src\hotspot\share\interpreter\linkResolver.cpp, line 774]
Event: 4.143 Thread 0x0000012050e59890 Exception <a 'java/lang/NoSuchMethodError'{0x00000000856ca8f0}: 'java.lang.Object java.lang.invoke.Invokers$Holder.linkToTargetMethod(java.lang.Object, int, java.lang.Object, java.lang.Object)'> (0x00000000856ca8f0) 
thrown [s\open\src\hotspot\share\interpreter\linkResolver.cpp, line 774]
Event: 4.157 Thread 0x0000012050e59890 Exception <a 'java/lang/NoSuchMethodError'{0x0000000085590138}: 'void java.lang.invoke.DirectMethodHandle$Holder.invokeSpecial(java.lang.Object, java.lang.Object, java.lang.Object, java.lang.Object, java.lang.Object, java.lang.Object, java.lang.Object, java.lang.Object)'> (0x0000000085590138) 
thrown [s\open\src\hotspot\share\interpreter\linkResolver.cpp, line 774]
Event: 4.161 Thread 0x0000012050e59890 Exception <a 'java/lang/NoSuchMethodError'{0x00000000855c9398}: 'void java.lang.invoke.DirectMethodHandle$Holder.invokeSpecial(java.lang.Object, java.lang.Object, int, java.lang.Object)'> (0x00000000855c9398) 
thrown [s\open\src\hotspot\share\interpreter\linkResolver.cpp, line 774]
Event: 4.162 Thread 0x0000012050e59890 Exception <a 'java/lang/NoSuchMethodError'{0x00000000855cf6e0}: 'java.lang.Object java.lang.invoke.DirectMethodHandle$Holder.newInvokeSpecial(java.lang.Object, java.lang.Object, int)'> (0x00000000855cf6e0) 
thrown [s\open\src\hotspot\share\interpreter\linkResolver.cpp, line 774]
Event: 4.172 Thread 0x0000012050e59890 Implicit null exception at 0x00000120439d9f44 to 0x00000120439da0a8
Event: 4.177 Thread 0x0000012050e59890 Exception <a 'java/lang/NoSuchMethodError'{0x000000008531d548}: 'int java.lang.invoke.DirectMethodHandle$Holder.invokeStatic(java.lang.Object, int, java.lang.Object)'> (0x000000008531d548) 
thrown [s\open\src\hotspot\share\interpreter\linkResolver.cpp, line 774]
Event: 4.178 Thread 0x0000012050e59890 Exception <a 'java/lang/NoSuchMethodError'{0x0000000085339f98}: 'java.lang.Object java.lang.invoke.DirectMethodHandle$Holder.newInvokeSpecial(java.lang.Object, java.lang.Object, java.lang.Object, java.lang.Object, java.lang.Object, int, java.lang.Object)'> (0x0000000085339f98) 
thrown [s\open\src\hotspot\share\interpreter\linkResolver.cpp, line 774]
Event: 4.181 Thread 0x0000012050e59890 Exception <a 'java/lang/NoSuchMethodError'{0x000000008536ac28}: 'java.lang.Object java.lang.invoke.DirectMethodHandle$Holder.newInvokeSpecial(java.lang.Object, java.lang.Object, java.lang.Object, java.lang.Object, java.lang.Object, java.lang.Object, java.lang.Object, java.lang.Object, java.lang.Object, java.lang.Object, java.lang.Object, java.lang.Object)'> (0x000000008536ac28) 
thrown [s\open\src\hotspot\share\interpreter\linkResolver.cpp, line 774]
Event: 4.181 Thread 0x0000012050e59890 Exception <a 'java/lang/NoSuchMethodError'{0x000000008536f4d0}: 'java.lang.Object java.lang.invoke.DirectMethodHandle$Holder.invokeSpecial(java.lang.Object, java.lang.Object, java.lang.Object, java.lang.Object, java.lang.Object, java.lang.Object, java.lang.Object, java.lang.Object, java.lang.Object, java.lang.Object, java.lang.Object, java.lang.Object, java.lang.Object)'> (0x000000008536f4d0) 
thrown [s\open\src\hotspot\share\interpreter\linkResolver.cpp, line 774]
Event: 4.181 Thread 0x0000012050e59890 Exception <a 'java/lang/NoSuchMethodError'{0x00000000853739a8}: 'java.lang.Object java.lang.invoke.Invokers$Holder.linkToTargetMethod(java.lang.Object, java.lang.Object, java.lang.Object, java.lang.Object, java.lang.Object, java.lang.Object, java.lang.Object, java.lang.Object, java.lang.Object, java.lang.Object, java.lang.Object, java.lang.Object)'> (0x00000000853739a8) 
thrown [s\open\src\hotspot\share\interpreter\linkResolver.cpp, line 774]
Event: 4.199 Thread 0x0000012050e59890 Exception <a 'java/lang/IncompatibleClassChangeError'{0x00000000852daf70}: Found class java.lang.Object, but interface was expected> (0x00000000852daf70) 
thrown [s\open\src\hotspot\share\interpreter\linkResolver.cpp, line 841]
Event: 4.206 Thread 0x0000012050e59890 Exception <a 'java/lang/NoSuchMethodError'{0x000000008514d3d8}: 'java.lang.Object java.lang.invoke.DirectMethodHandle$Holder.newInvokeSpecial(java.lang.Object, java.lang.Object, java.lang.Object, java.lang.Object, java.lang.Object, java.lang.Object, java.lang.Object, int)'> (0x000000008514d3d8) 
thrown [s\open\src\hotspot\share\interpreter\linkResolver.cpp, line 774]
Event: 4.206 Thread 0x0000012050e59890 Exception <a 'java/lang/NoSuchMethodError'{0x0000000085151968}: 'java.lang.Object java.lang.invoke.DirectMethodHandle$Holder.invokeSpecial(java.lang.Object, java.lang.Object, java.lang.Object, java.lang.Object, java.lang.Object, java.lang.Object, java.lang.Object, java.lang.Object, int)'> (0x0000000085151968) 
thrown [s\open\src\hotspot\share\interpreter\linkResolver.cpp, line 774]
Event: 4.206 Thread 0x0000012050e59890 Exception <a 'java/lang/NoSuchMethodError'{0x0000000085155980}: 'java.lang.Object java.lang.invoke.Invokers$Holder.linkToTargetMethod(java.lang.Object, java.lang.Object, java.lang.Object, java.lang.Object, java.lang.Object, java.lang.Object, int, java.lang.Object)'> (0x0000000085155980) 
thrown [s\open\src\hotspot\share\interpreter\linkResolver.cpp, line 774]
Event: 4.218 Thread 0x0000012050e59890 Exception <a 'java/lang/NoSuchMethodError'{0x00000000850163d0}: 'void java.lang.invoke.DirectMethodHandle$Holder.invokeInterface(java.lang.Object, java.lang.Object)'> (0x00000000850163d0) 
thrown [s\open\src\hotspot\share\interpreter\linkResolver.cpp, line 774]
Event: 4.319 Thread 0x0000012050e59890 Exception <a 'java/lang/NoSuchMethodError'{0x0000000084c34510}: 'void java.lang.invoke.Invokers$Holder.invokeExact_MT(java.lang.Object, java.lang.Object, java.lang.Object, java.lang.Object)'> (0x0000000084c34510) 
thrown [s\open\src\hotspot\share\interpreter\linkResolver.cpp, line 774]
Event: 4.336 Thread 0x0000012050e59890 Implicit null exception at 0x0000012043a06f00 to 0x0000012043a07174
Event: 4.383 Thread 0x0000012050e59890 Exception <a 'java/lang/IncompatibleClassChangeError'{0x000000008484d7d0}: Found class java.lang.Object, but interface was expected> (0x000000008484d7d0) 
thrown [s\open\src\hotspot\share\interpreter\linkResolver.cpp, line 841]

ZGC Phase Switch (0 events):
No events

VM Operations (20 events):
Event: 2.897 Executing VM operation: CollectForMetadataAllocation (Metadata GC Threshold)
Event: 2.898 Executing VM operation: CollectForMetadataAllocation (Metadata GC Threshold) done
Event: 2.912 Executing VM operation: G1PauseRemark
Event: 2.915 Executing VM operation: G1PauseRemark done
Event: 2.921 Executing VM operation: G1PauseCleanup
Event: 2.921 Executing VM operation: G1PauseCleanup done
Event: 3.293 Executing VM operation: G1CollectForAllocation (G1 Evacuation Pause)
Event: 3.295 Executing VM operation: G1CollectForAllocation (G1 Evacuation Pause) done
Event: 3.656 Executing VM operation: G1CollectForAllocation (G1 Evacuation Pause)
Event: 3.662 Executing VM operation: G1CollectForAllocation (G1 Evacuation Pause) done
Event: 3.972 Executing VM operation: G1CollectForAllocation (G1 Evacuation Pause)
Event: 3.975 Executing VM operation: G1CollectForAllocation (G1 Evacuation Pause) done
Event: 4.000 Executing VM operation: HandshakeAllThreads (Deoptimize)
Event: 4.000 Executing VM operation: HandshakeAllThreads (Deoptimize) done
Event: 4.003 Executing VM operation: HandshakeAllThreads (Deoptimize)
Event: 4.003 Executing VM operation: HandshakeAllThreads (Deoptimize) done
Event: 4.088 Executing VM operation: HandshakeAllThreads (Deoptimize)
Event: 4.088 Executing VM operation: HandshakeAllThreads (Deoptimize) done
Event: 4.320 Executing VM operation: ICBufferFull
Event: 4.320 Executing VM operation: ICBufferFull done

Memory protections (0 events):
No events

Nmethod flushes (20 events):
Event: 2.915 Thread 0x00000120500f3890 flushing  nmethod 0x000001203bc81590
Event: 2.915 Thread 0x00000120500f3890 flushing  nmethod 0x000001203bc81c10
Event: 2.915 Thread 0x00000120500f3890 flushing  nmethod 0x000001203bc83710
Event: 2.915 Thread 0x00000120500f3890 flushing  nmethod 0x000001203bcd1690
Event: 2.915 Thread 0x00000120500f3890 flushing  nmethod 0x000001203bcd4110
Event: 2.915 Thread 0x00000120500f3890 flushing  nmethod 0x000001203bd03c90
Event: 2.915 Thread 0x00000120500f3890 flushing  nmethod 0x000001203bd05d10
Event: 2.915 Thread 0x00000120500f3890 flushing  nmethod 0x000001203bd06a10
Event: 2.915 Thread 0x00000120500f3890 flushing  nmethod 0x000001203bd07a90
Event: 2.915 Thread 0x00000120500f3890 flushing  nmethod 0x000001203bd07e10
Event: 2.915 Thread 0x00000120500f3890 flushing  nmethod 0x000001203bd08590
Event: 2.915 Thread 0x00000120500f3890 flushing  nmethod 0x000001203bd0b790
Event: 2.915 Thread 0x00000120500f3890 flushing  nmethod 0x000001203bd4ca10
Event: 2.915 Thread 0x00000120500f3890 flushing  nmethod 0x000001203bd4d310
Event: 2.915 Thread 0x00000120500f3890 flushing  nmethod 0x000001203bd51610
Event: 2.915 Thread 0x00000120500f3890 flushing  nmethod 0x000001203be41490
Event: 2.915 Thread 0x00000120500f3890 flushing  nmethod 0x000001203be9b090
Event: 2.915 Thread 0x00000120500f3890 flushing  nmethod 0x000001203be9b690
Event: 2.915 Thread 0x00000120500f3890 flushing  nmethod 0x000001203bfb9510
Event: 2.915 Thread 0x00000120500f3890 flushing  nmethod 0x000001203c01d610

Events (20 events):
Event: 0.037 Thread 0x000001203178b610 Thread added: 0x0000012050132b20
Event: 0.037 Thread 0x000001203178b610 Thread added: 0x0000012050153c50
Event: 0.080 Thread 0x000001203178b610 Thread added: 0x0000012050341400
Event: 0.096 Thread 0x0000012050153c50 Thread added: 0x000001205044fe40
Event: 0.172 Thread 0x000001203178b610 Thread added: 0x000001205068a080
Event: 0.172 Thread 0x000001203178b610 Thread added: 0x000001205064de10
Event: 0.454 Thread 0x000001203178b610 Thread added: 0x00000120509ae080
Event: 0.456 Thread 0x00000120509ae080 Thread added: 0x0000012050e59890
Event: 0.783 Thread 0x0000012050e59890 Thread added: 0x000001209669cf10
Event: 1.192 Thread 0x0000012050e59890 Thread added: 0x0000012096d98300
Event: 1.256 Thread 0x0000012096d98300 Thread exited: 0x0000012096d98300
Event: 1.415 Thread 0x000001209669cf10 Thread exited: 0x000001209669cf10
Event: 2.644 Thread 0x0000012050e59890 Thread added: 0x0000012098a68cb0
Event: 2.645 Thread 0x0000012098a68cb0 Thread added: 0x0000012098587940
Event: 2.649 Thread 0x0000012050e59890 Thread added: 0x00000120971442b0
Event: 2.671 Thread 0x0000012050e59890 Thread added: 0x0000012097144940
Event: 3.404 Thread 0x0000012050e59890 Thread added: 0x0000012097143c20
Event: 3.516 Thread 0x0000012097143c20 Thread added: 0x0000012097144fd0
Event: 4.260 Thread 0x000001205044fe40 Thread exited: 0x000001205044fe40
Event: 4.336 Thread 0x0000012050153c50 Thread added: 0x000001205044fe40


Dynamic libraries:
0x00007ff6db740000 - 0x00007ff6db74e000 	C:\Users\dushy\.jdks\openjdk-22.0.2\bin\java.exe
0x00007ff800cb0000 - 0x00007ff800ec7000 	C:\WINDOWS\SYSTEM32\ntdll.dll
0x00007fffff830000 - 0x00007fffff8f4000 	C:\WINDOWS\System32\KERNEL32.DLL
0x00007ffffe0e0000 - 0x00007ffffe499000 	C:\WINDOWS\System32\KERNELBASE.dll
0x00007ffffe890000 - 0x00007ffffe9a1000 	C:\WINDOWS\System32\ucrtbase.dll
0x00007ffff8b90000 - 0x00007ffff8ba7000 	C:\Users\dushy\.jdks\openjdk-22.0.2\bin\jli.dll
0x00007fffe5b80000 - 0x00007fffe5b9b000 	C:\Users\dushy\.jdks\openjdk-22.0.2\bin\VCRUNTIME140.dll
0x00007fffffe40000 - 0x00007ffffffee000 	C:\WINDOWS\System32\USER32.dll
0x00007fffe9c60000 - 0x00007fffe9ef2000 	C:\WINDOWS\WinSxS\amd64_microsoft.windows.common-controls_6595b64144ccf1df_6.0.22621.4391_none_2715d37f73803e96\COMCTL32.dll
0x00007ffffe010000 - 0x00007ffffe036000 	C:\WINDOWS\System32\win32u.dll
0x00007ff8000f0000 - 0x00007ff800197000 	C:\WINDOWS\System32\msvcrt.dll
0x00007ff800b40000 - 0x00007ff800b69000 	C:\WINDOWS\System32\GDI32.dll
0x00007ffffe740000 - 0x00007ffffe85b000 	C:\WINDOWS\System32\gdi32full.dll
0x00007ffffe040000 - 0x00007ffffe0da000 	C:\WINDOWS\System32\msvcp_win.dll
0x00007ff800c20000 - 0x00007ff800c51000 	C:\WINDOWS\System32\IMM32.DLL
0x00007ffff8d30000 - 0x00007ffff8d3c000 	C:\Users\dushy\.jdks\openjdk-22.0.2\bin\vcruntime140_1.dll
0x00007fffe2da0000 - 0x00007fffe2e2e000 	C:\Users\dushy\.jdks\openjdk-22.0.2\bin\msvcp140.dll
0x00007fff53640000 - 0x00007fff54389000 	C:\Users\dushy\.jdks\openjdk-22.0.2\bin\server\jvm.dll
0x00007ff8001b0000 - 0x00007ff800262000 	C:\WINDOWS\System32\ADVAPI32.dll
0x00007ff800b70000 - 0x00007ff800c17000 	C:\WINDOWS\System32\sechost.dll
0x00007ffffe860000 - 0x00007ffffe888000 	C:\WINDOWS\System32\bcrypt.dll
0x00007fffffb70000 - 0x00007fffffc84000 	C:\WINDOWS\System32\RPCRT4.dll
0x00007ff800070000 - 0x00007ff8000e1000 	C:\WINDOWS\System32\WS2_32.dll
0x00007ffffcdf0000 - 0x00007ffffce3d000 	C:\WINDOWS\SYSTEM32\POWRPROF.dll
0x00007ffff8a40000 - 0x00007ffff8a74000 	C:\WINDOWS\SYSTEM32\WINMM.dll
0x00007ffff9660000 - 0x00007ffff966a000 	C:\WINDOWS\SYSTEM32\VERSION.dll
0x00007ffffcdd0000 - 0x00007ffffcde3000 	C:\WINDOWS\SYSTEM32\UMPDC.dll
0x00007ffffd090000 - 0x00007ffffd0a8000 	C:\WINDOWS\SYSTEM32\kernel.appcore.dll
0x00007ffff8b80000 - 0x00007ffff8b8a000 	C:\Users\dushy\.jdks\openjdk-22.0.2\bin\jimage.dll
0x00007ffffb860000 - 0x00007ffffba92000 	C:\WINDOWS\SYSTEM32\DBGHELP.DLL
0x00007ffffeb20000 - 0x00007ffffeeaf000 	C:\WINDOWS\System32\combase.dll
0x00007ffffe9b0000 - 0x00007ffffea87000 	C:\WINDOWS\System32\OLEAUT32.dll
0x00007fffe3ae0000 - 0x00007fffe3b12000 	C:\WINDOWS\SYSTEM32\dbgcore.DLL
0x00007ffffdf90000 - 0x00007ffffe00b000 	C:\WINDOWS\System32\bcryptPrimitives.dll
0x00007ffff9340000 - 0x00007ffff934f000 	C:\Users\dushy\.jdks\openjdk-22.0.2\bin\instrument.dll
0x00007fffe5b60000 - 0x00007fffe5b7e000 	C:\Users\dushy\.jdks\openjdk-22.0.2\bin\java.dll
0x00007ff8002c0000 - 0x00007ff800b36000 	C:\WINDOWS\System32\SHELL32.dll
0x00007fffffc90000 - 0x00007fffffe35000 	C:\WINDOWS\System32\ole32.dll
0x00007ffffbea0000 - 0x00007ffffc7a3000 	C:\WINDOWS\SYSTEM32\windows.storage.dll
0x00007ffffbd60000 - 0x00007ffffbe9f000 	C:\WINDOWS\SYSTEM32\wintypes.dll
0x00007fffff570000 - 0x00007fffff669000 	C:\WINDOWS\System32\SHCORE.dll
0x00007fffff670000 - 0x00007fffff6ce000 	C:\WINDOWS\System32\shlwapi.dll
0x00007ffffded0000 - 0x00007ffffdefb000 	C:\WINDOWS\SYSTEM32\profapi.dll
0x00007fffd4a10000 - 0x00007fffd4ae7000 	C:\Users\dushy\.jdks\openjdk-22.0.2\bin\jsvml.dll
0x00007fffe4a70000 - 0x00007fffe4a87000 	C:\Users\dushy\.jdks\openjdk-22.0.2\bin\zip.dll
0x00007fffe5c80000 - 0x00007fffe5c90000 	C:\Users\dushy\.jdks\openjdk-22.0.2\bin\net.dll
0x00007ffffd500000 - 0x00007ffffd569000 	C:\WINDOWS\system32\mswsock.dll
0x00007fffe4a90000 - 0x00007fffe4aa6000 	C:\Users\dushy\.jdks\openjdk-22.0.2\bin\nio.dll
0x00007fffed580000 - 0x00007fffed59a000 	C:\Program Files\JetBrains\IntelliJ IDEA Community Edition 2023.3.3\bin\breakgen64.dll
0x00007fffe2d60000 - 0x00007fffe2d69000 	C:\Users\dushy\.jdks\openjdk-22.0.2\bin\extnet.dll
0x00007ffff9330000 - 0x00007ffff933a000 	C:\Users\dushy\.jdks\openjdk-22.0.2\bin\management.dll
0x00007ffff8b20000 - 0x00007ffff8b2b000 	C:\Users\dushy\.jdks\openjdk-22.0.2\bin\management_ext.dll
0x00007ff8001a0000 - 0x00007ff8001a8000 	C:\WINDOWS\System32\PSAPI.DLL
0x00007ffff88f0000 - 0x00007ffff88fb000 	C:\Users\dushy\.jdks\openjdk-22.0.2\bin\le.dll
0x00007fffe2d20000 - 0x00007fffe2d2e000 	C:\Users\dushy\.jdks\openjdk-22.0.2\bin\sunmscapi.dll
0x00007ffffe5d0000 - 0x00007ffffe736000 	C:\WINDOWS\System32\CRYPT32.dll
0x00007ffffd960000 - 0x00007ffffd98d000 	C:\WINDOWS\SYSTEM32\ncrypt.dll
0x00007ffffd920000 - 0x00007ffffd957000 	C:\WINDOWS\SYSTEM32\NTASN1.dll
0x00007ffffd710000 - 0x00007ffffd72b000 	C:\WINDOWS\SYSTEM32\CRYPTSP.dll
0x00007ffffcff0000 - 0x00007ffffd025000 	C:\WINDOWS\system32\rsaenh.dll
0x00007ffffd5b0000 - 0x00007ffffd5d8000 	C:\WINDOWS\SYSTEM32\USERENV.dll
0x00007ffffd730000 - 0x00007ffffd73c000 	C:\WINDOWS\SYSTEM32\CRYPTBASE.dll
0x00007ffffcac0000 - 0x00007ffffcaed000 	C:\WINDOWS\SYSTEM32\IPHLPAPI.DLL
0x00007ff800060000 - 0x00007ff800069000 	C:\WINDOWS\System32\NSI.dll
0x00007fffe2d00000 - 0x00007fffe2d10000 	C:\Users\dushy\.jdks\openjdk-22.0.2\bin\verify.dll
0x00007ffffcaf0000 - 0x00007ffffcbf2000 	C:\WINDOWS\SYSTEM32\DNSAPI.dll
0x000000005de30000 - 0x000000005de56000 	C:\Program Files\Bonjour\mdnsNSP.dll
0x00007fffefcf0000 - 0x00007fffefcfa000 	C:\Windows\System32\rasadhlp.dll
0x00007ffff5390000 - 0x00007ffff5413000 	C:\WINDOWS\System32\fwpuclnt.dll

dbghelp: loaded successfully - version: 4.0.5 - missing functions: none
symbol engine: initialized successfully - sym options: 0x614 - pdb path: .;C:\Users\dushy\.jdks\openjdk-22.0.2\bin;C:\WINDOWS\SYSTEM32;C:\WINDOWS\WinSxS\amd64_microsoft.windows.common-controls_6595b64144ccf1df_6.0.22621.4391_none_2715d37f73803e96;C:\Users\dushy\.jdks\openjdk-22.0.2\bin\server;C:\Program Files\JetBrains\IntelliJ IDEA Community Edition 2023.3.3\bin;C:\Program Files\Bonjour

VM Arguments:
jvm_args: -javaagent:C:\Program Files\JetBrains\IntelliJ IDEA Community Edition 2023.3.3\lib\idea_rt.jar=55099:C:\Program Files\JetBrains\IntelliJ IDEA Community Edition 2023.3.3\bin -Dfile.encoding=UTF-8 -Dsun.stdout.encoding=UTF-8 -Dsun.stderr.encoding=UTF-8 
java_command: com.modulobytes.hrms_modulobytes.HrmsModulobytesApplication
java_class_path (initial): F:\Modulobytes-Project\hrms-modulobytes\target\classes;C:\Users\dushy\.m2\repository\org\springframework\boot\spring-boot-starter-data-jpa\3.4.0\spring-boot-starter-data-jpa-3.4.0.jar;C:\Users\dushy\.m2\repository\org\springframework\boot\spring-boot-starter\3.4.0\spring-boot-starter-3.4.0.jar;C:\Users\dushy\.m2\repository\org\springframework\boot\spring-boot-starter-logging\3.4.0\spring-boot-starter-logging-3.4.0.jar;C:\Users\dushy\.m2\repository\ch\qos\logback\logback-classic\1.5.12\logback-classic-1.5.12.jar;C:\Users\dushy\.m2\repository\ch\qos\logback\logback-core\1.5.12\logback-core-1.5.12.jar;C:\Users\dushy\.m2\repository\org\apache\logging\log4j\log4j-to-slf4j\2.24.1\log4j-to-slf4j-2.24.1.jar;C:\Users\dushy\.m2\repository\org\apache\logging\log4j\log4j-api\2.24.1\log4j-api-2.24.1.jar;C:\Users\dushy\.m2\repository\org\slf4j\jul-to-slf4j\2.0.16\jul-to-slf4j-2.0.16.jar;C:\Users\dushy\.m2\repository\jakarta\annotation\jakarta.annotation-api\2.1.1\jakarta.annotation-api-2.1.1.jar;C:\Users\dushy\.m2\repository\org\yaml\snakeyaml\2.3\snakeyaml-2.3.jar;C:\Users\dushy\.m2\repository\org\springframework\boot\spring-boot-starter-jdbc\3.4.0\spring-boot-starter-jdbc-3.4.0.jar;C:\Users\dushy\.m2\repository\com\zaxxer\HikariCP\5.1.0\HikariCP-5.1.0.jar;C:\Users\dushy\.m2\repository\org\springframework\spring-jdbc\6.2.0\spring-jdbc-6.2.0.jar;C:\Users\dushy\.m2\repository\org\hibernate\orm\hibernate-core\6.6.2.Final\hibernate-core-6.6.2.Final.jar;C:\Users\dushy\.m2\repository\jakarta\persistence\jakarta.persistence-api\3.1.0\jakarta.persistence-api-3.1.0.jar;C:\Users\dushy\.m2\repository\jakarta\transaction\jakarta.transaction-api\2.0.1\jakarta.transaction-api-2.0.1.jar;C:\Users\dushy\.m2\repository\org\hibernate\common\hibernate-commons-annotations\7.0.3.Final\hibernate-commons-annotations-7.0.3.Final.jar;C:\Users\dushy\.m2\repository\io\smallrye\jandex\3.2.0\jandex-3.2.0.jar;C:\Users\dushy\.m2\repository\net\bytebuddy\byte-buddy\1.15.10\byte-buddy-1.15.10.jar;C:\Users\dushy\.m2\repository\org\glassfish\jaxb\jaxb-runtime\4.0.5\jaxb-runtime-4.0.5.jar;C:\Users\dushy\.m2\repository\org\glassfish\jaxb\jaxb-core\4.0.5\jaxb-core-4.0.5.jar;C:\Users\dushy\.m2\repository\org\eclipse\angus\angus-activation\2.0.2\angus-activation-2.0.2.jar;C:\Users\dushy\.m2\repository\org\glassfish\jaxb\txw2\4.0.5\txw2-4.0.5.jar;C:\Users\dushy\.m2\repository\com\sun\istack\istack-commons-runtime\4.1.2\istack-commons-runtime-4.1.2.jar;C:\Users\dushy\.m2\repository\jakarta\inject\jakarta.inject-api\2.0.1\jakarta.inject-api-2.0.1.jar;C:\Users\dushy\.m2\repository\org\antlr\antlr4-runtime\4.13.0\antlr4-runtime-4.13.0.jar;C:\Users\dushy\.m2\repository\org\springframework\data\spring-data-jpa\3.4.0\spring-data-jpa-3.4.0.jar;C:\Users\dushy\.m2\repository\org\springframework\data\spring-data-commons\3.4.0\spring-data-commons-3.4.0.jar;C:\Users\dushy\.m2\repository\org\springframework\spring-orm\6.2.0\spring-orm-6.2.0.jar;C:\Users\dushy\.m2\repository\org\springframework\spring-context\6.2.0\spring-context-6.2.0.jar;C:\Users\dushy\.m2\repository\org\springframework\spring-aop\6.2.0\spring-aop-6.2.0.jar;C:\Users\dushy\.m2\repository\org\springframework\spring-tx\6.2.0\spring-tx-6.2.0.jar;C:\Users\dushy\.m2\repository\org\springframework\spring-beans\6.2.0\spring-beans-6.2.0.jar;C:\Users\dushy\.m2\repository\org\slf4j\slf4j-api\2.0.16\slf4j-api-2.0.16.jar;C:\Users\dushy\.m2\repository\org\springframework\spring-aspects\6.2.0\spring-aspects-6.2.0.jar;C:\Users\dushy\.m2\repository\org\aspectj\aspectjweaver\1.9.22.1\aspectjweaver-1.9.22.1.jar;C:\Users\dushy\.m2\repository\org\springframework\boot\spring-boot-starter-web\3.4.0\spring-boot-starter-web-3.4.0.jar;C:\Users\dushy\.m2\repository\org\springframework\boot\spring-boot-starter-json\3.4.0\spring-boot-starter-json-3.4.0.jar;C:\Users\dushy\.m2\repository\com\fasterxml\jackson\core\jackson-databind\2.18.1\jackson-databind-2.18.1.jar;C:\Users\dushy\.m2\repository\com\fasterxml\jackson\core\jackson-annotations\2.18.1\jackson-annotations-2.18.1.jar;C:\Users\dushy\.m2\repository\com\fasterxml\jackson\core\jackson-core\2.18.1\jackson-core-2.18.1.jar;C:\Users\dushy\.m2\repository\com\fasterxml\jackson\datatype\jackson-datatype-jdk8\2.18.1\jackson-datatype-jdk8-2.18.1.jar;C:\Users\dushy\.m2\repository\com\fasterxml\jackson\datatype\jackson-datatype-jsr310\2.18.1\jackson-datatype-jsr310-2.18.1.jar;C:\Users\dushy\.m2\repository\com\fasterxml\jackson\module\jackson-module-parameter-names\2.18.1\jackson-module-parameter-names-2.18.1.jar;C:\Users\dushy\.m2\repository\org\springframework\boot\spring-boot-starter-tomcat\3.4.0\spring-boot-starter-tomcat-3.4.0.jar;C:\Users\dushy\.m2\repository\org\apache\tomcat\embed\tomcat-embed-core\10.1.33\tomcat-embed-core-10.1.33.jar;C:\Users\dushy\.m2\repository\org\apache\tomcat\embed\tomcat-embed-el\10.1.33\tomcat-embed-el-10.1.33.jar;C:\Users\dushy\.m2\repository\org\apache\tomcat\embed\tomcat-embed-websocket\10.1.33\tomcat-embed-websocket-10.1.33.jar;C:\Users\dushy\.m2\repository\org\springframework\spring-web\6.2.0\spring-web-6.2.0.jar;C:\Users\dushy\.m2\repository\io\micrometer\micrometer-observation\1.14.1\micrometer-observation-1.14.1.jar;C:\Users\dushy\.m2\repository\io\micrometer\micrometer-commons\1.14.1\micrometer-commons-1.14.1.jar;C:\Users\dushy\.m2\repository\org\springframework\spring-webmvc\6.2.0\spring-webmvc-6.2.0.jar;C:\Users\dushy\.m2\repository\org\springframework\spring-expression\6.2.0\spring-expression-6.2.0.jar;C:\Users\dushy\.m2\repository\org\modelmapper\modelmapper\3.1.1\modelmapper-3.1.1.jar;C:\Users\dushy\.m2\repository\jakarta\validation\jakarta.validation-api\3.0.2\jakarta.validation-api-3.0.2.jar;C:\Users\dushy\.m2\repository\org\hibernate\validator\hibernate-validator\8.0.1.Final\hibernate-validator-8.0.1.Final.jar;C:\Users\dushy\.m2\repository\org\jboss\logging\jboss-logging\3.6.1.Final\jboss-logging-3.6.1.Final.jar;C:\Users\dushy\.m2\repository\com\fasterxml\classmate\1.7.0\classmate-1.7.0.jar;C:\Users\dushy\.m2\repository\org\springframework\boot\spring-boot-devtools\3.4.0\spring-boot-devtools-3.4.0.jar;C:\Users\dushy\.m2\repository\org\springframework\boot\spring-boot\3.4.0\spring-boot-3.4.0.jar;C:\Users\dushy\.m2\repository\org\springframework\boot\spring-boot-autoconfigure\3.4.0\spring-boot-autoconfigure-3.4.0.jar;C:\Users\dushy\.m2\repository\com\mysql\mysql-connector-j\9.1.0\mysql-connector-j-9.1.0.jar;C:\Users\dushy\.m2\repository\jakarta\xml\bind\jakarta.xml.bind-api\4.0.2\jakarta.xml.bind-api-4.0.2.jar;C:\Users\dushy\.m2\repository\jakarta\activation\jakarta.activation-api\2.1.3\jakarta.activation-api-2.1.3.jar;C:\Users\dushy\.m2\repository\org\springframework\spring-core\6.2.0\spring-core-6.2.0.jar;C:\Users\dushy\.m2\repository\org\springframework\spring-jcl\6.2.0\spring-jcl-6.2.0.jar
Launcher Type: SUN_STANDARD

[Global flags]
     intx CICompilerCount                          = 4                                         {product} {ergonomic}
     uint ConcGCThreads                            = 2                                         {product} {ergonomic}
     uint G1ConcRefinementThreads                  = 8                                         {product} {ergonomic}
   size_t G1HeapRegionSize                         = 1048576                                   {product} {ergonomic}
   size_t InitialHeapSize                          = 132120576                                 {product} {ergonomic}
   size_t MarkStackSize                            = 4194304                                   {product} {ergonomic}
   size_t MaxHeapSize                              = 2105540608                                {product} {ergonomic}
   size_t MaxNewSize                               = 1262485504                                {product} {ergonomic}
   size_t MinHeapDeltaBytes                        = 1048576                                   {product} {ergonomic}
   size_t MinHeapSize                              = 8388608                                   {product} {ergonomic}
    uintx NonNMethodCodeHeapSize                   = 5839372                                {pd product} {ergonomic}
    uintx NonProfiledCodeHeapSize                  = 122909434                              {pd product} {ergonomic}
    uintx ProfiledCodeHeapSize                     = 122909434                              {pd product} {ergonomic}
    uintx ReservedCodeCacheSize                    = 251658240                              {pd product} {ergonomic}
     bool SegmentedCodeCache                       = true                                      {product} {ergonomic}
   size_t SoftMaxHeapSize                          = 2105540608                             {manageable} {ergonomic}
     bool UseCompressedOops                        = true                           {product lp64_product} {ergonomic}
     bool UseG1GC                                  = true                                      {product} {ergonomic}
     bool UseLargePagesIndividualAllocation        = false                                  {pd product} {ergonomic}

Logging:
Log output configuration:
 #0: stdout all=warning uptime,level,tags foldmultilines=false
 #1: stderr all=off uptime,level,tags foldmultilines=false

Environment Variables:
CLASSPATH=C:\mysql-connector-j-9.0.0.jar
PATH=C:\Python312\Scripts\;C:\Python312\;C:\Program Files\Common Files\Oracle\Java\javapath;C:\oraclexe\app\oracle\product\11.2.0\server\bin;C:\WINDOWS\system32;C:\WINDOWS;C:\WINDOWS\System32\Wbem;C:\WINDOWS\System32\WindowsPowerShell\v1.0\;C:\WINDOWS\System32\OpenSSH\;C:\Program Files (x86)\NVIDIA Corporation\PhysX\Common;C:\ProgramData\chocolatey\bin;C:\Program Files (x86)\Yarn\bin\;C:\RailsInstaller\;C:\Program Files\dotnet\;C:\Program Files\Git\cmd;C:\Program Files\nodejs\;C:\Users\dushy\AppData\Local\Microsoft\WindowsApps;C:\Program Files\Java\jdk-20\bin;C:\Users\dushy\AppData\Local\Yarn\bin;C:\php-8.3.6;C:\Users\dushy\AppData\Local\Microsoft\WinGet\Packages\Schniz.fnm_Microsoft.Winget.Source_8wekyb3d8bbwe;C:\Users\dushy\AppData\Roaming\npm;C:\Users\dushy\AppData\Local\Programs\Microsoft VS Code\bin;C:\mysql-connector-j-9.0.0.jar;
USERNAME=dushy
OS=Windows_NT
PROCESSOR_IDENTIFIER=Intel64 Family 6 Model 165 Stepping 2, GenuineIntel
TMP=C:\Users\dushy\AppData\Local\Temp
TEMP=C:\Users\dushy\AppData\Local\Temp




Periodic native trim disabled

---------------  S Y S T E M  ---------------

OS:
 Windows 11 , 64 bit Build 22621 (10.0.22621.4391)
OS uptime: 2 days 7:45 hours
Hyper-V role detected

CPU: total 8 (initial active 8) (4 cores per cpu, 2 threads per core) family 6 model 165 stepping 2 microcode 0xe0, cx8, cmov, fxsr, ht, mmx, 3dnowpref, sse, sse2, sse3, ssse3, sse4.1, sse4.2, popcnt, lzcnt, tsc, tscinvbit, avx, avx2, aes, erms, clmul, bmi1, bmi2, adx, fma, vzeroupper, clflush, clflushopt, hv, rdtscp, f16c
Processor Information for all 8 processors :
  Max Mhz: 2496, Current Mhz: 2496, Mhz Limit: 2496

Memory: 4k page, system-wide physical 8029M (453M free)
TotalPageFile size 27921M (AvailPageFile size 3M)
current process WorkingSet (physical memory assigned to process): 244M, peak: 244M
current process commit charge ("private bytes"): 280M, peak: 280M

vm_info: OpenJDK 64-Bit Server VM (22.0.2+9-70) for windows-amd64 JRE (22.0.2+9-70), built on 2024-06-04T16:52:23Z by "mach5one" with MS VC++ 17.6 (VS2022)

END.
